2021-04-11 16:45:57,165 DEBUG    root            Loaded Command Group: ['gcloud', 'components']
2021-04-11 16:45:57,170 DEBUG    root            Loaded Command Group: ['gcloud', 'components', 'install']
2021-04-11 16:45:57,171 DEBUG    root            Running [gcloud.components.install] with arguments: [--quiet: "True", COMPONENT-IDS:1: "['app-engine-java']"]
2021-04-11 16:45:57,403 INFO     ___FILE_ONLY___ 

2021-04-11 16:45:57,404 INFO     ___FILE_ONLY___ 
Your current Cloud SDK version is: 335.0.0

2021-04-11 16:45:57,404 INFO     ___FILE_ONLY___ Installing components from version: 335.0.0

2021-04-11 16:45:57,404 INFO     ___FILE_ONLY___ 

2021-04-11 16:45:57,475 INFO     ___FILE_ONLY___ ┌───────────────────────────────────────────────────┐
2021-04-11 16:45:57,475 INFO     ___FILE_ONLY___ 

2021-04-11 16:45:57,475 INFO     ___FILE_ONLY___ │        These components will be installed.        │
2021-04-11 16:45:57,475 INFO     ___FILE_ONLY___ 

2021-04-11 16:45:57,475 INFO     ___FILE_ONLY___ ├──────────────────────────────┬─────────┬──────────┤
2021-04-11 16:45:57,475 INFO     ___FILE_ONLY___ 

2021-04-11 16:45:57,475 INFO     ___FILE_ONLY___ │             Name             │ Version │   Size   │
2021-04-11 16:45:57,475 INFO     ___FILE_ONLY___ 

2021-04-11 16:45:57,475 INFO     ___FILE_ONLY___ ├──────────────────────────────┼─────────┼──────────┤
2021-04-11 16:45:57,475 INFO     ___FILE_ONLY___ 

2021-04-11 16:45:57,475 INFO     ___FILE_ONLY___ │ 
2021-04-11 16:45:57,476 INFO     ___FILE_ONLY___ Cloud Datastore Emulator    
2021-04-11 16:45:57,476 INFO     ___FILE_ONLY___  
2021-04-11 16:45:57,476 INFO     ___FILE_ONLY___ │ 
2021-04-11 16:45:57,476 INFO     ___FILE_ONLY___   2.1.0
2021-04-11 16:45:57,476 INFO     ___FILE_ONLY___  
2021-04-11 16:45:57,476 INFO     ___FILE_ONLY___ │ 
2021-04-11 16:45:57,476 INFO     ___FILE_ONLY___ 18.4 MiB
2021-04-11 16:45:57,476 INFO     ___FILE_ONLY___  
2021-04-11 16:45:57,476 INFO     ___FILE_ONLY___ │
2021-04-11 16:45:57,476 INFO     ___FILE_ONLY___ 

2021-04-11 16:45:57,476 INFO     ___FILE_ONLY___ │ 
2021-04-11 16:45:57,476 INFO     ___FILE_ONLY___ gRPC Python library         
2021-04-11 16:45:57,476 INFO     ___FILE_ONLY___  
2021-04-11 16:45:57,476 INFO     ___FILE_ONLY___ │ 
2021-04-11 16:45:57,476 INFO     ___FILE_ONLY___  1.20.0
2021-04-11 16:45:57,476 INFO     ___FILE_ONLY___  
2021-04-11 16:45:57,477 INFO     ___FILE_ONLY___ │ 
2021-04-11 16:45:57,477 INFO     ___FILE_ONLY___  1.9 MiB
2021-04-11 16:45:57,477 INFO     ___FILE_ONLY___  
2021-04-11 16:45:57,477 INFO     ___FILE_ONLY___ │
2021-04-11 16:45:57,477 INFO     ___FILE_ONLY___ 

2021-04-11 16:45:57,477 INFO     ___FILE_ONLY___ │ 
2021-04-11 16:45:57,477 INFO     ___FILE_ONLY___ gcloud app Java Extensions  
2021-04-11 16:45:57,477 INFO     ___FILE_ONLY___  
2021-04-11 16:45:57,477 INFO     ___FILE_ONLY___ │ 
2021-04-11 16:45:57,477 INFO     ___FILE_ONLY___  1.9.88
2021-04-11 16:45:57,477 INFO     ___FILE_ONLY___  
2021-04-11 16:45:57,477 INFO     ___FILE_ONLY___ │ 
2021-04-11 16:45:57,477 INFO     ___FILE_ONLY___ 53.1 MiB
2021-04-11 16:45:57,477 INFO     ___FILE_ONLY___  
2021-04-11 16:45:57,477 INFO     ___FILE_ONLY___ │
2021-04-11 16:45:57,477 INFO     ___FILE_ONLY___ 

2021-04-11 16:45:57,478 INFO     ___FILE_ONLY___ │ 
2021-04-11 16:45:57,478 INFO     ___FILE_ONLY___ gcloud app Python Extensions
2021-04-11 16:45:57,478 INFO     ___FILE_ONLY___  
2021-04-11 16:45:57,478 INFO     ___FILE_ONLY___ │ 
2021-04-11 16:45:57,478 INFO     ___FILE_ONLY___  1.9.91
2021-04-11 16:45:57,478 INFO     ___FILE_ONLY___  
2021-04-11 16:45:57,478 INFO     ___FILE_ONLY___ │ 
2021-04-11 16:45:57,478 INFO     ___FILE_ONLY___  6.1 MiB
2021-04-11 16:45:57,478 INFO     ___FILE_ONLY___  
2021-04-11 16:45:57,478 INFO     ___FILE_ONLY___ │
2021-04-11 16:45:57,478 INFO     ___FILE_ONLY___ 

2021-04-11 16:45:57,478 INFO     ___FILE_ONLY___ └──────────────────────────────┴─────────┴──────────┘
2021-04-11 16:45:57,478 INFO     ___FILE_ONLY___ 

2021-04-11 16:45:57,478 INFO     ___FILE_ONLY___ 

2021-04-11 16:45:57,744 INFO     ___FILE_ONLY___ For the latest full release notes, please visit:
  https://cloud.google.com/sdk/release_notes


2021-04-11 16:45:57,749 INFO     ___FILE_ONLY___ ╔════════════════════════════════════════════════════════════╗

2021-04-11 16:45:57,749 INFO     ___FILE_ONLY___ ╠═ Creating update staging area                             ═╣

2021-04-11 16:45:57,749 INFO     ___FILE_ONLY___ ╚
2021-04-11 16:46:00,358 INFO     ___FILE_ONLY___ ══════
2021-04-11 16:46:00,358 INFO     ___FILE_ONLY___ ══════
2021-04-11 16:46:00,358 INFO     ___FILE_ONLY___ ══════
2021-04-11 16:46:13,945 INFO     ___FILE_ONLY___ ═
2021-04-11 16:46:15,559 INFO     ___FILE_ONLY___ ═
2021-04-11 16:46:17,170 INFO     ___FILE_ONLY___ ═
2021-04-11 16:46:17,970 INFO     ___FILE_ONLY___ ═
2021-04-11 16:46:19,911 INFO     ___FILE_ONLY___ ═
2021-04-11 16:46:21,724 INFO     ___FILE_ONLY___ ═
2021-04-11 16:46:22,502 INFO     ___FILE_ONLY___ ═
2021-04-11 16:46:23,215 INFO     ___FILE_ONLY___ ═
2021-04-11 16:46:24,475 INFO     ___FILE_ONLY___ ═
2021-04-11 16:46:25,475 INFO     ___FILE_ONLY___ ═
2021-04-11 16:46:26,613 INFO     ___FILE_ONLY___ ═
2021-04-11 16:46:28,174 INFO     ___FILE_ONLY___ ═
2021-04-11 16:46:29,927 INFO     ___FILE_ONLY___ ═
2021-04-11 16:46:33,470 INFO     ___FILE_ONLY___ ═
2021-04-11 16:46:40,380 INFO     ___FILE_ONLY___ ═
2021-04-11 16:46:42,895 INFO     ___FILE_ONLY___ ═
2021-04-11 16:46:45,483 INFO     ___FILE_ONLY___ ═
2021-04-11 16:46:58,145 INFO     ___FILE_ONLY___ ═
2021-04-11 16:47:01,398 INFO     ___FILE_ONLY___ ═
2021-04-11 16:47:05,655 INFO     ___FILE_ONLY___ ═
2021-04-11 16:47:08,730 INFO     ___FILE_ONLY___ ═
2021-04-11 16:47:11,373 INFO     ___FILE_ONLY___ ═
2021-04-11 16:47:14,513 INFO     ___FILE_ONLY___ ═
2021-04-11 16:47:29,362 INFO     ___FILE_ONLY___ ═
2021-04-11 16:47:32,286 INFO     ___FILE_ONLY___ ═
2021-04-11 16:47:36,195 INFO     ___FILE_ONLY___ ═
2021-04-11 16:47:38,025 INFO     ___FILE_ONLY___ ═
2021-04-11 16:47:39,272 INFO     ___FILE_ONLY___ ═
2021-04-11 16:47:40,575 INFO     ___FILE_ONLY___ ═
2021-04-11 16:47:42,232 INFO     ___FILE_ONLY___ ═
2021-04-11 16:47:44,661 INFO     ___FILE_ONLY___ ═
2021-04-11 16:47:46,319 INFO     ___FILE_ONLY___ ═
2021-04-11 16:47:49,244 INFO     ___FILE_ONLY___ ═
2021-04-11 16:47:50,729 INFO     ___FILE_ONLY___ ═
2021-04-11 16:47:53,168 INFO     ___FILE_ONLY___ ═
2021-04-11 16:47:54,067 INFO     ___FILE_ONLY___ ═
2021-04-11 16:47:55,863 INFO     ___FILE_ONLY___ ═
2021-04-11 16:47:56,621 INFO     ___FILE_ONLY___ ═
2021-04-11 16:47:57,514 INFO     ___FILE_ONLY___ ═
2021-04-11 16:47:58,916 INFO     ___FILE_ONLY___ ═
2021-04-11 16:48:01,278 INFO     ___FILE_ONLY___ ═
2021-04-11 16:48:02,528 INFO     ___FILE_ONLY___ ═
2021-04-11 16:48:02,528 INFO     ___FILE_ONLY___ ╝

2021-04-11 16:50:15,403 INFO     ___FILE_ONLY___ ╔════════════════════════════════════════════════════════════╗

2021-04-11 16:50:15,405 INFO     ___FILE_ONLY___ ╠═ Installing: Cloud Datastore Emulator                     ═╣

2021-04-11 16:50:15,405 INFO     ___FILE_ONLY___ ╚
2021-04-11 16:50:15,775 INFO     ___FILE_ONLY___ ═
2021-04-11 16:50:15,833 INFO     ___FILE_ONLY___ ═
2021-04-11 16:50:15,925 INFO     ___FILE_ONLY___ ═
2021-04-11 16:50:15,949 INFO     ___FILE_ONLY___ ═
2021-04-11 16:50:16,002 INFO     ___FILE_ONLY___ ═
2021-04-11 16:50:16,057 INFO     ___FILE_ONLY___ ═
2021-04-11 16:50:16,112 INFO     ___FILE_ONLY___ ═
2021-04-11 16:50:16,168 INFO     ___FILE_ONLY___ ═
2021-04-11 16:50:16,222 INFO     ___FILE_ONLY___ ═
2021-04-11 16:50:16,279 INFO     ___FILE_ONLY___ ═
2021-04-11 16:50:16,333 INFO     ___FILE_ONLY___ ═
2021-04-11 16:50:16,390 INFO     ___FILE_ONLY___ ═
2021-04-11 16:50:16,445 INFO     ___FILE_ONLY___ ═
2021-04-11 16:50:16,500 INFO     ___FILE_ONLY___ ═
2021-04-11 16:50:16,557 INFO     ___FILE_ONLY___ ═
2021-04-11 16:50:16,613 INFO     ___FILE_ONLY___ ═
2021-04-11 16:50:16,697 INFO     ___FILE_ONLY___ ═
2021-04-11 16:50:16,731 INFO     ___FILE_ONLY___ ═
2021-04-11 16:50:16,787 INFO     ___FILE_ONLY___ ═
2021-04-11 16:50:16,844 INFO     ___FILE_ONLY___ ═
2021-04-11 16:50:16,944 INFO     ___FILE_ONLY___ ═
2021-04-11 16:50:16,980 INFO     ___FILE_ONLY___ ═
2021-04-11 16:50:17,035 INFO     ___FILE_ONLY___ ═
2021-04-11 16:50:17,092 INFO     ___FILE_ONLY___ ═
2021-04-11 16:50:17,149 INFO     ___FILE_ONLY___ ═
2021-04-11 16:50:17,205 INFO     ___FILE_ONLY___ ═
2021-04-11 16:50:18,109 INFO     ___FILE_ONLY___ ═
2021-04-11 16:50:18,142 INFO     ___FILE_ONLY___ ═
2021-04-11 16:50:18,197 INFO     ___FILE_ONLY___ ═
2021-04-11 16:50:18,871 INFO     ___FILE_ONLY___ ═
2021-04-11 16:50:24,230 INFO     ___FILE_ONLY___ ══════
2021-04-11 16:50:24,230 INFO     ___FILE_ONLY___ ══════
2021-04-11 16:50:24,231 INFO     ___FILE_ONLY___ ══════
2021-04-11 16:50:24,231 INFO     ___FILE_ONLY___ ══════
2021-04-11 16:50:28,338 INFO     ___FILE_ONLY___ ══════
2021-04-11 16:50:28,338 INFO     ___FILE_ONLY___ ╝

2021-04-11 16:50:28,339 DEBUG    root            [Errno 28] No space left on device
Traceback (most recent call last):
  File "/Users/okimdil/Library/Application Support/google-cloud-tools-java/managed-cloud-sdk/LATEST/google-cloud-sdk/lib/googlecloudsdk/calliope/cli.py", line 982, in Execute
    resources = calliope_command.Run(cli=self, args=args)
  File "/Users/okimdil/Library/Application Support/google-cloud-tools-java/managed-cloud-sdk/LATEST/google-cloud-sdk/lib/googlecloudsdk/calliope/backend.py", line 809, in Run
    resources = command_instance.Run(args)
  File "/Users/okimdil/Library/Application Support/google-cloud-tools-java/managed-cloud-sdk/LATEST/google-cloud-sdk/lib/surface/components/install.py", line 84, in Run
    args.component_ids, allow_no_backup=args.allow_no_backup)
  File "/Users/okimdil/Library/Application Support/google-cloud-tools-java/managed-cloud-sdk/LATEST/google-cloud-sdk/lib/googlecloudsdk/core/updater/update_manager.py", line 897, in Install
    restart_args=restart_args)
  File "/Users/okimdil/Library/Application Support/google-cloud-tools-java/managed-cloud-sdk/LATEST/google-cloud-sdk/lib/googlecloudsdk/core/updater/update_manager.py", line 1029, in Update
    first=False, last=False)
  File "/Users/okimdil/Library/Application Support/google-cloud-tools-java/managed-cloud-sdk/LATEST/google-cloud-sdk/lib/googlecloudsdk/core/updater/update_manager.py", line 850, in _UpdateWithProgressBar
    action_func(component.id, progress_callback=pb.SetProgress)
  File "/Users/okimdil/Library/Application Support/google-cloud-tools-java/managed-cloud-sdk/LATEST/google-cloud-sdk/lib/googlecloudsdk/core/updater/update_manager.py", line 857, in Inner
    command_path='components.update')
  File "/Users/okimdil/Library/Application Support/google-cloud-tools-java/managed-cloud-sdk/LATEST/google-cloud-sdk/lib/googlecloudsdk/core/updater/local_state.py", line 104, in _TryFunc
    return func(*args, **kwargs)
  File "/Users/okimdil/Library/Application Support/google-cloud-tools-java/managed-cloud-sdk/LATEST/google-cloud-sdk/lib/googlecloudsdk/core/updater/local_state.py", line 531, in Install
    command_path=command_path)
  File "/Users/okimdil/Library/Application Support/google-cloud-tools-java/managed-cloud-sdk/LATEST/google-cloud-sdk/lib/googlecloudsdk/core/updater/installers.py", li