2021-04-11 16:55:27,671 DEBUG    root            Loaded Command Group: ['gcloud', 'components']
2021-04-11 16:55:27,675 DEBUG    root            Loaded Command Group: ['gcloud', 'components', 'install']
2021-04-11 16:55:27,677 DEBUG    root            Running [gcloud.components.install] with arguments: [--quiet: "True", COMPONENT-IDS:1: "['app-engine-java']"]
2021-04-11 16:55:28,164 INFO     ___FILE_ONLY___ 

2021-04-11 16:55:28,169 INFO     ___FILE_ONLY___ 
Your current Cloud SDK version is: 335.0.0

2021-04-11 16:55:28,169 INFO     ___FILE_ONLY___ Installing components from version: 335.0.0

2021-04-11 16:55:28,169 INFO     ___FILE_ONLY___ 

2021-04-11 16:55:28,238 INFO     ___FILE_ONLY___ ┌───────────────────────────────────────────────────┐
2021-04-11 16:55:28,238 INFO     ___FILE_ONLY___ 

2021-04-11 16:55:28,238 INFO     ___FILE_ONLY___ │        These components will be installed.        │
2021-04-11 16:55:28,238 INFO     ___FILE_ONLY___ 

2021-04-11 16:55:28,238 INFO     ___FILE_ONLY___ ├──────────────────────────────┬─────────┬──────────┤
2021-04-11 16:55:28,238 INFO     ___FILE_ONLY___ 

2021-04-11 16:55:28,238 INFO     ___FILE_ONLY___ │             Name             │ Version │   Size   │
2021-04-11 16:55:28,239 INFO     ___FILE_ONLY___ 

2021-04-11 16:55:28,239 INFO     ___FILE_ONLY___ ├──────────────────────────────┼─────────┼──────────┤
2021-04-11 16:55:28,239 INFO     ___FILE_ONLY___ 

2021-04-11 16:55:28,239 INFO     ___FILE_ONLY___ │ 
2021-04-11 16:55:28,239 INFO     ___FILE_ONLY___ Cloud Datastore Emulator    
2021-04-11 16:55:28,239 INFO     ___FILE_ONLY___  
2021-04-11 16:55:28,239 INFO     ___FILE_ONLY___ │ 
2021-04-11 16:55:28,239 INFO     ___FILE_ONLY___   2.1.0
2021-04-11 16:55:28,239 INFO     ___FILE_ONLY___  
2021-04-11 16:55:28,239 INFO     ___FILE_ONLY___ │ 
2021-04-11 16:55:28,239 INFO     ___FILE_ONLY___ 18.4 MiB
2021-04-11 16:55:28,239 INFO     ___FILE_ONLY___  
2021-04-11 16:55:28,239 INFO     ___FILE_ONLY___ │
2021-04-11 16:55:28,240 INFO     ___FILE_ONLY___ 

2021-04-11 16:55:28,240 INFO     ___FILE_ONLY___ │ 
2021-04-11 16:55:28,240 INFO     ___FILE_ONLY___ gRPC Python library         
2021-04-11 16:55:28,240 INFO     ___FILE_ONLY___  
2021-04-11 16:55:28,240 INFO     ___FILE_ONLY___ │ 
2021-04-11 16:55:28,240 INFO     ___FILE_ONLY___  1.20.0
2021-04-11 16:55:28,240 INFO     ___FILE_ONLY___  
2021-04-11 16:55:28,240 INFO     ___FILE_ONLY___ │ 
2021-04-11 16:55:28,240 INFO     ___FILE_ONLY___  1.9 MiB
2021-04-11 16:55:28,240 INFO     ___FILE_ONLY___  
2021-04-11 16:55:28,240 INFO     ___FILE_ONLY___ │
2021-04-11 16:55:28,240 INFO     ___FILE_ONLY___ 

2021-04-11 16:55:28,240 INFO     ___FILE_ONLY___ │ 
2021-04-11 16:55:28,240 INFO     ___FILE_ONLY___ gcloud app Java Extensions  
2021-04-11 16:55:28,240 INFO     ___FILE_ONLY___  
2021-04-11 16:55:28,240 INFO     ___FILE_ONLY___ │ 
2021-04-11 16:55:28,241 INFO     ___FILE_ONLY___  1.9.88
2021-04-11 16:55:28,241 INFO     ___FILE_ONLY___  
2021-04-11 16:55:28,241 INFO     ___FILE_ONLY___ │ 
2021-04-11 16:55:28,241 INFO     ___FILE_ONLY___ 53.1 MiB
2021-04-11 16:55:28,241 INFO     ___FILE_ONLY___  
2021-04-11 16:55:28,241 INFO     ___FILE_ONLY___ │
2021-04-11 16:55:28,241 INFO     ___FILE_ONLY___ 

2021-04-11 16:55:28,241 INFO     ___FILE_ONLY___ │ 
2021-04-11 16:55:28,241 INFO     ___FILE_ONLY___ gcloud app Python Extensions
2021-04-11 16:55:28,241 INFO     ___FILE_ONLY___  
2021-04-11 16:55:28,241 INFO     ___FILE_ONLY___ │ 
2021-04-11 16:55:28,242 INFO     ___FILE_ONLY___  1.9.91
2021-04-11 16:55:28,242 INFO     ___FILE_ONLY___  
2021-04-11 16:55:28,242 INFO     ___FILE_ONLY___ │ 
2021-04-11 16:55:28,242 INFO     ___FILE_ONLY___  6.1 MiB
2021-04-11 16:55:28,242 INFO     ___FILE_ONLY___  
2021-04-11 16:55:28,242 INFO     ___FILE_ONLY___ │
2021-04-11 16:55:28,242 INFO     ___FILE_ONLY___ 

2021-04-11 16:55:28,242 INFO     ___FILE_ONLY___ └──────────────────────────────┴─────────┴──────────┘
2021-04-11 16:55:28,242 INFO     ___FILE_ONLY___ 

2021-04-11 16:55:28,242 INFO     ___FILE_ONLY___ 

2021-04-11 16:55:28,519 INFO     ___FILE_ONLY___ For the latest full release notes, please visit:
  https://cloud.google.com/sdk/release_notes


2021-04-11 16:55:28,524 INFO     ___FILE_ONLY___ ╔════════════════════════════════════════════════════════════╗

2021-04-11 16:55:28,524 INFO     ___FILE_ONLY___ ╠═ Creating update staging area                             ═╣

2021-04-11 16:55:28,525 INFO     ___FILE_ONLY___ ╚
2021-04-11 16:55:28,525 INFO     ___FILE_ONLY___ ══════
2021-04-11 16:55:31,302 INFO     ___FILE_ONLY___ ══════
2021-04-11 16:55:31,302 INFO     ___FILE_ONLY___ ══════
2021-04-11 16:55:46,355 INFO     ___FILE_ONLY___ ═
2021-04-11 16:55:48,020 INFO     ___FILE_ONLY___ ═
2021-04-11 16:55:49,996 INFO     ___FILE_ONLY___ ═
2021-04-11 16:55:51,851 INFO     ___FILE_ONLY___ ═
2021-04-11 16:55:53,567 INFO     ___FILE_ONLY___ ═
2021-04-11 16:55:55,012 INFO     ___FILE_ONLY___ ═
2021-04-11 16:55:55,496 INFO     ___FILE_ONLY___ ═
2021-04-11 16:55:55,967 INFO     ___FILE_ONLY___ ═
2021-04-11 16:55:56,690 INFO     ___FILE_ONLY___ ═
2021-04-11 16:55:57,276 INFO     ___FILE_ONLY___ ═
2021-04-11 16:55:58,020 INFO     ___FILE_ONLY___ ═
2021-04-11 16:55:58,999 INFO     ___FILE_ONLY___ ═
2021-04-11 16:56:00,908 INFO     ___FILE_ONLY___ ═
2021-04-11 16:56:03,412 INFO     ___FILE_ONLY___ ═
2021-04-11 16:56:09,229 INFO     ___FILE_ONLY___ ═
2021-04-11 16:56:11,613 INFO     ___FILE_ONLY___ ═
2021-04-11 16:56:14,158 INFO     ___FILE_ONLY___ ═
2021-04-11 16:56:25,158 INFO     ___FILE_ONLY___ ═
2021-04-11 16:56:28,319 INFO     ___FILE_ONLY___ ═
2021-04-11 16:56:32,608 INFO     ___FILE_ONLY___ ═
2021-04-11 16:56:36,013 INFO     ___FILE_ONLY___ ═
2021-04-11 16:56:38,517 INFO     ___FILE_ONLY___ ═
2021-04-11 16:56:42,209 INFO     ___FILE_ONLY___ ═
2021-04-11 16:56:45,624 INFO     ___FILE_ONLY___ ═
2021-04-11 16:56:47,852 INFO     ___FILE_ONLY___ ═
2021-04-11 16:56:50,294 INFO     ___FILE_ONLY___ ═
2021-04-11 16:56:51,486 INFO     ___FILE_ONLY___ ═
2021-04-11 16:56:52,603 INFO     ___FILE_ONLY___ ═
2021-04-11 16:56:53,798 INFO     ___FILE_ONLY___ ═
2021-04-11 16:56:56,106 INFO     ___FILE_ONLY___ ═
2021-04-11 16:56:58,471 INFO     ___FILE_ONLY___ ═
2021-04-11 16:57:00,276 INFO     ___FILE_ONLY___ ═
2021-04-11 16:57:01,983 INFO     ___FILE_ONLY___ ═
2021-04-11 16:57:03,430 INFO     ___FILE_ONLY___ ═
2021-04-11 16:57:05,826 INFO     ___FILE_ONLY___ ═
2021-04-11 16:57:06,767 INFO     ___FILE_ONLY___ ═
2021-04-11 16:57:07,762 INFO     ___FILE_ONLY___ ═
2021-04-11 16:57:08,596 INFO     ___FILE_ONLY___ ═
2021-04-11 16:57:09,551 INFO     ___FILE_ONLY___ ═
2021-04-11 16:57:11,740 INFO     ___FILE_ONLY___ ═
2021-04-11 16:57:12,628 INFO     ___FILE_ONLY___ ═
2021-04-11 16:57:13,228 INFO     ___FILE_ONLY___ ═
2021-04-11 16:57:13,228 INFO     ___FILE_ONLY___ ╝

2021-04-11 16:58:59,716 DEBUG    root            [('/Users/okimdil/Library/Application Support/google-cloud-tools-java/managed-cloud-sdk/LATEST/google-cloud-sdk/platform/gsutil/third_party/mock/mock.wpr', '/Users/okimdil/Library/Application Support/google-cloud-tools-java/managed-cloud-sdk/LATEST/google-cloud-sdk.staging/platform/gsutil/third_party/mock/mock.wpr', "[Errno 28] No space left on device: '/Users/okimdil/Library/Application Support/google-cloud-tools-java/managed-cloud-sdk/LATEST/google-cloud-sdk.staging/platform/gsutil/third_party/mock/mock.wpr'"), ('/Users/okimdil/Library/Application Support/google-cloud-tools-java/managed-cloud-sdk/LATEST/google-cloud-sdk/platform/gsutil/third_party/mock/NEWS', '/Users/okimdil/Library/Application Support/google-cloud-tools-java/managed-cloud-sdk/LATEST/google-cloud-sdk.staging/platform/gsutil/third_party/mock/NEWS', "[Errno 28] No space left on device: '/Users/okimdil/Library/Application Support/google-cloud-tools-java/managed-cloud-sdk/LATEST/google-cloud-sdk.staging/platform/gsutil/third_party/mock/NEWS'"), ('/Users/okimdil/Library/Application Support/google-cloud-tools-java/managed-cloud-sdk/LATEST/google-cloud-sdk/platform/gsutil/third_party/mock/README.rst', '/Users/okimdil/Library/Application Support/google-cloud-tools-java/managed-cloud-sdk/LATEST/google-cloud-sdk.staging/platform/gsutil/third_party/mock/README.rst', "[Errno 28] No space left on device: '/Users/okimdil/Library/Application Support/google-cloud-tools-java/managed-cloud-sdk/LATEST/google-cloud-sdk.staging/platform/gsutil/third_party/mock/README.rst'"), ('/Users/okimdil/Library/Application Support/google-cloud-tools-java/managed-cloud-sdk/LATEST/google-cloud-sdk/platform/gsutil/third_party/mock/requirements.txt', '/Users/okimdil/Library/Application Support/google-cloud-tools-java/managed-cloud-sdk/LATEST/google-cloud-sdk.staging/platform/gsutil/third_party/mock/requirements.txt', "[Errno 28] No space left on device: '/Users/okimdil/Library/Application Support/google-cloud-tools-java/managed-cloud-sdk/LATEST/google-cloud-sdk.staging/platform/gsutil/third_party/mock/requirements.txt'"), ('/Users/okimdil/Library/Application Support/google-cloud-tools-java/managed-cloud-sdk/LATEST/google-cloud-sdk/platform/gsutil/third_party/mock/setup.cfg', '/Users/okimdil/Library/Application Support/google-cloud-tools-java/managed-cloud-sdk/LATEST/google-cloud-sdk.staging/platform/gsutil/third_party/mock/setup.cfg', "[Errno 28] No space left on device: '/Users/okimdil/Library/Application Support/google-cloud-tools-java/managed-cloud-sdk/LATEST/google-cloud-sdk.staging/platform/gsutil/third_party/mock/setup.cfg'"), ('/Users/okimdil/Library/Application Support/google-cloud-tools-java/managed-cloud-sdk/LATEST/google-cloud-sdk/platform/gsutil/third_party/mock/setup.py', '/Users/okimdil/Library/Application Support/google-cloud-tools-java/managed-cloud-sdk/LATEST/google-cloud-sdk.staging/platform/gsutil/third_party/mock/setup.py', "[Errno 28] No space left on device: '/Users/okimdil/Library/Application Support/google-cloud-tools-java/managed-cloud-sdk/LATEST/google-cloud-sdk.staging/platform/gsutil/third_party/mock/setup.py'"), ('/Users/okimdil/Library/Application Support/google-cloud-tools-java/managed-cloud-sdk/LATEST/google-cloud-sdk/platform/gsutil/third_party/mock/tools', '/Users/okimdil/Library/Application Support/google-cloud-tools-java/managed-cloud-sdk/LATEST/google-cloud-sdk.staging/platform/gsutil/third_party/mock/tools', "[Errno 28] No space left on device: '/Users/okimdil/Library/Application Support/google-cloud-tools-java/managed-cloud-sdk/LATEST/google-cloud-sdk.staging/platform/gsutil/third_party/mock/tools'"), ('/Users/okimdil/Library/Application Support/google-cloud-tools-java/managed-cloud-sdk/LATEST/google-cloud-sdk/platform/gsutil/third_party/mock/tox.ini', '/Users/okimdil/Library/Application Support/google-cloud-tools-java/managed-cloud-sdk/LATEST/google-cloud-sdk.staging/platform/gsutil/third_party/mock/tox.ini', "[Errno 28] No space left on device: '/Users/okimdil/Library/Application Support/google-cloud-tools-java/managed-cloud-sdk/LATEST/google-cloud-sdk.staging/platform/gsutil/third_party/mock/tox.ini'"), ('/Users/okimdil/Library/Application Support/google-cloud-tools-java/managed-cloud-sdk/LATEST/google-cloud-sdk/platform/gsutil/third_party/mock/unittest.cfg', '/Users/okimdil/Library/Application Support/google-cloud-tools-java/managed-cloud-sdk/LATEST/google-cloud-sdk.staging/platform/gsutil/third_party/mock/unittest.cfg', "[Errno 28] No space left on device: '/Users/okimdil/Library/Application Support/google-cloud-tools-java/managed-cloud-sdk/LATEST/google-cloud-sdk.staging/platform/gsutil/third_party/mock/unittest.cfg'"), ('/Users/okimdil/Library/Application Support/google-cloud-tools-java/managed-cloud-sdk/LATEST/google-cloud-sdk/platform/gsutil/third_party/monotonic', '/Users/okimdil/Library/Application Support/google-cloud-tools-java/managed-cloud-sdk/LATEST/google-cloud-sdk.staging/platform/gsutil/third_party/monotonic', "[Errno 28] No space left on device: '/Users/okimdil/Library/Application Support/google-cloud-tools-java/managed-cloud-sdk/LATEST/google-cloud-sdk.staging/platform/gsutil/third_party/monotonic'"), ('/Users/okimdil/Library/Application Support/google-cloud-tools-java/managed-cloud-sdk/LATEST/google-cloud-sdk/platform/gsutil/third_party/pyasn1', '/Users/okimdil/Library/Application Support/google-cloud-tools-java/managed-cloud-sdk/LATEST/google-cloud-sdk.staging/platform/gsutil/third_party/pyasn1', "[Errno 28] No space left on device: '/Users/okimdil/Library/Application Support/google-cloud-tools-java/managed-cloud-sdk/LATEST/google-cloud-sdk.staging/platform/gsutil/third_party/pyasn1'"), ('/Users/okimdil/Library/Application Support/google-cloud-tools-java/managed-cloud-sdk/LATEST/google-cloud-sdk/platform/gsutil/third_party/pyasn1-modules', '/Users/okimdil/Library/Application Support/google-cloud-tools-java/managed-cloud-sdk/LATEST/google-cloud-sdk.staging/platform/gsutil/third_party/pyasn1-modules', "[Errno 28] No space left on device: '/Users/okimdil/Library/Application Support/google-cloud-tools-java/managed-cloud-sdk/LATEST/google-cloud-sdk.staging/platform/gsutil/third_party/pyasn1-modules'"), ('/Users/okimdil/Library/Application Support/google-cloud-tools-java/managed-cloud-sdk/LATEST/google-cloud-sdk/platform/gsutil/third_party/pyu2f', '/Users/okimdil/Library/Application Support/google-cloud-tools-java/managed-cloud-sdk/LATEST/google-cloud-sdk.staging/platform/gsutil/third_party/pyu2f', "[Errno 28] No space left on device: '/Users/okimdil/Library/Application Support/google-cloud-tools-java/managed-cloud-sdk/LATEST/google-cloud-sdk.staging/platform/gsutil/third_party/pyu2f'"), ('/Users/okimdil/Library/Application Support/google-cloud-tools-java/managed-cloud-sdk/LATEST/google-cloud-sdk/platform/gsutil/third_party/retry-decorator', '/Users/okimdil/Library/Application Support/google-cloud-tools-java/managed-cloud-sdk/LATEST/google-cloud-sdk.staging/platform/gsutil/third_party/retry-decorator', "[Errno 28] No space left on device: '/Users/okimdil/Library/Application Support/google-cloud-tools-java/managed-cloud-sdk/LATEST/google-cloud-sdk.staging/platform/gsutil/third_party/retry-decorator'"), ('/Users/okimdil/Library/Application Support/google-cloud-tools-java/managed-cloud-sdk/LATEST/google-cloud-sdk/platform/gsutil/third_party/rsa', '/Users/okimdil/Library/Application Support/google-cloud-tools-java/managed-cloud-sdk/LATEST/google-cloud-sdk.staging/platform/gsutil/third_party/rsa', "[Errno 28] No space left on device: '/Users/okimdil/Library/Application Support/google-cloud-tools-java/managed-cloud-sdk/LATEST/google-cloud-sdk.staging/platform/gsutil/third_party/rsa'"), ('/Users/okimdil/Library/Application Support/google-cloud-tools-java/managed-cloud-sdk/LATEST/google-cloud-sdk/platform/gsutil/third_party/six', '/Users/okimdil/Library/Application Support/google-cloud-tools-java/managed-cloud-sdk/LATEST/google-cloud-sdk.staging/platform/gsutil/third_party/six', "[Errno 28] No space left on device: '/Users/okimdil/Library/Application Support/google-cloud-tools-java/managed-cloud-sdk/LATEST/google-cloud-sdk.staging/platform/gsutil/third_party/six'"), ('/Users/okimdil/Library/Application Support/google-cloud-tools-java/managed-cloud-sdk/LATEST/google-cloud-sdk/platform/gsutil/VERSION', '/Users/okimdil/Library/Application Support/google-cloud-tools-java/managed-cloud-sdk/LATEST/google-cloud-sdk.staging/platform/gsutil/VERSION', "[Errno 28] No space left on device: '/Users/okimdil/Library/Application Support/google-cloud-tools-java/managed-cloud-sdk/LATEST/google-cloud-sdk.staging/platform/gsutil/VERSION'"), ('/Users/okimdil/Library/Application Support/google-cloud-tools-java/managed-cloud-sdk/LATEST/google-cloud-sdk/properties', '/Users/okimdil/Library/Application Support/google-cloud-tools-java/managed-cloud-sdk/LATEST/google-cloud-sdk.staging/properties', "[Errno 28] No space left on device: '/Users/okimdil/Library/Application Support/google-cloud-tools-java/managed-cloud-sdk/LATEST/google-cloud-sdk.staging/properties'"), ('/Users/okimdil/Library/Application Support/google-cloud-tools-java/managed-cloud-sdk/LATEST/google-cloud-sdk/README', '/Users/okimdil/Library/Application Support/google-cloud-tools-java/managed-cloud-sdk/LATEST/google-cloud-sdk.staging/README', "[Errno 28] No space left on device: '/Users/okimdil/Library/Application Support/google-cloud-tools-java/managed-cloud-sdk/LATEST/google-cloud-sdk.staging/README'"), ('/Users/okimdil/Library/Application Support/google-cloud-tools-java/managed-cloud-sdk/LATEST/google-cloud-sdk/RELEASE_NOTES', '/Users/okimdil/Library/Application Support/google-cloud-tools-java/managed-cloud-sdk/LATEST/google-cloud-sdk.staging/RELEASE_NOTES', "[Errno 28] No space left on device: '/Users/okimdil/Library/Application Support/google-cloud-tools-java/managed-cloud-sdk/LATEST/google-cloud-sdk.staging/RELEASE_NOTES'"), ('/Users/okimdil/Library/Application Support/google-cloud-tools-java/managed-cloud-sdk/LATEST/google-cloud-sdk/rpm', '/Users/okimdil/Library/Application Support/google-cloud-tools-java/managed-cloud-sdk/LATEST/google-cloud-sdk.staging/rpm', "[Errno 28] No space left on device: '/Users/okimdil/Library/Application Support/google-cloud-tools-java/managed-cloud-sdk/LATEST/google-cloud-sdk.staging/rpm'"), ('/Users/okimdil/Library/Application Support/google-cloud-tools-java/managed-cloud-sdk/LATEST/google-cloud-sdk/VERSION', '/Users/okimdil/Library/Application Support/google-cloud-tools-java/managed-cloud-sdk/LATEST/google-cloud-sdk.staging/VERSION', "[Errno 28] No space left on device: '/Users/okimdil/Library/Application Support/google-cloud-tools-java/managed-cloud-sdk/LATEST/google-cloud-sdk.staging/VERSION'")]
Traceback (most recent call last):
  File "/Users/okimdil/Library/Application Support/google-cloud-tools-java/managed-cloud-sdk/LATEST/google-cloud-sdk/lib/googlecloudsdk/calliope/cli.py", line 982, in Execute
    resources = calliope_command.Run(cli=self, args=args)
  File "/Users/okimdil/Library/Application Support/google-cloud-tools-java/managed-cloud-sdk/LATEST/google-cloud-sdk/lib/googlecloudsdk/calliope/backend.py", line 809, in Run
    resources = command_instance.Run(args)
  File "/Users/okimdil/Library/Application Support/google-cloud-tools-java/managed-cloud-sdk/LATEST/google-cloud-sdk/lib/surface/components/install.py", line 84, in Run
    args.component_ids, allow_no_backup=args.allow_no_backup)
  File "/Users/okimdil/Library/Application Support/google-cloud-tools-java/managed-cloud-sdk/LATEST/google-cloud-sdk/lib/googlecloudsdk/core/updater/update_manager.py", line 897, in Install
    restart_args=restart_args)
  File "/Users/okimdil/Library/Application Support/google-cloud-tools-java/managed-cloud-sdk/LATEST/google-cloud-sdk/lib/googlecloudsdk/core/updater/update_manager.py", line 1023, in Update
    staging_state = install_state.CloneToStaging(pb.SetProgress)
  File "/Users/okimdil/Library/Application Support/google-cloud-tools-java/managed-cloud-sdk/LATEST/google-cloud-sdk/lib/googlecloudsdk/core/updater/local_state.py", line 104, in _TryFunc
    return func(*args, **kwargs)
  File "/Users/okimdil/Library/Application Support/google-cloud-tools-java/managed-cloud-sdk/LATEST/google-cloud-sdk/lib/googlecloudsdk/core/updater/local_state.py", line 337, in CloneToStaging
    ignore=ticker)
  File "/usr/local/bin/../../../Library/Frameworks/Python.framework/Versions/3.7/lib/python3.7/shutil.py", line 368, in copytree
    raise Error(errors)
shutil.Error: [('/Users/okimdil/Library/Application Support/google-cloud-tools-java/managed-cloud-sdk/LATEST/google-cloud-sdk/platform/gsutil/third_party/mock/mock.wpr', '/Users/okimdil/Library/Application Support/google-cloud-tools-java/managed-cloud-sdk/LATEST/google-cloud-sdk.staging/platform/gsutil/third_party/mock/mock.wpr', "[Errno 28] No space left on device: '/Users/okimdil/Library/Application Support/google-cloud-tools-java/managed-cloud-sdk/LATEST/google-cloud-sdk.staging/platform/gsutil/third_party/mock/mock.wpr'"), ('/Users/okimdil/Library/Application Support/google-cloud-tools-java/managed-cloud-sdk/LATEST/google-cloud-sdk/platform/gsutil/third_party/mock/NEWS', '/Users/okimdil/Library/Application Support/google-cloud-tools-java/managed-cloud-sdk/LATEST/google-cloud-sdk.staging/platform/gsutil/third_party/mock/NEWS', "[Errno 28] No space left on device: '/Users/okimdil/Library/Application Support/google-cloud-tools-java/managed-cloud-sdk/LATEST/google-cloud-sdk.staging/platform/gsutil/third_party/mock/NEWS'"), ('/Users/okimdil/Library/Application Support/google-cloud-tools-java/managed-cloud-sdk/LATEST/google-cloud-sdk/platform/gsutil/third_party/mock/README.rst', '/Users/okimdil/Library/Application Support/google-cloud-tools-java/managed-cloud-sdk/LATEST/google-cloud-sdk.staging/platform/gsutil/third_party/mock/README.rst', "[Errno 28] No space left on device: '/Users/okimdil/Library/Application Support/google-cloud-tools-java/managed-cloud-sdk/LATEST/google-cloud-sdk.staging/platform/gsutil/third_party/mock/README.rst'"), ('/Users/okimdil/Library/Application Support/google-cloud-tools-java/managed-cloud-sdk/LATEST/google-cloud-sdk/platform/gsutil/third_party/mock/requirements.txt', '/Users/okimdil/Library/Application Support/google-cloud-tools-java/managed-cloud-sdk/LATEST/google-cloud-sdk.staging/platform/gsutil/third_party/mock/requirements.txt', "[Errno 28] No space left on device: '/Users/okimdil/Library/Application Support/google-cloud-tools-java/managed-cloud-sdk/LATEST/google-cloud-sdk.staging/platform/gsutil/third_party/mock/requirements.txt'"), ('/Users/okimdil/Library/Application Support/google-cloud-tools-java/managed-cloud-sdk/LATEST/google-cloud-sdk/platform/gsutil/third_party/mock/setup.cfg', '/Users/okimdil/Library/Application Support/google-cloud-tools-java/managed-cloud-sdk/LATEST/google-cloud-sdk.staging/platform/gsutil/third_party/mock/setup.cfg', "[Errno 28] No space left on device: '/Users/okimdil/Library/Application Support/google-cloud-tools-java/managed-cloud-sdk/LATEST/google-cloud-sdk.staging/platform/gsutil/third_party/mock/setup.cfg'"), ('/Users/okimdil/Library/Application Support/google-cloud-tools-java/managed-cloud-sdk/LATEST/google-cloud-sdk/platform/gsutil/third_party/mock/setup.py', '/Users/okimdil/Library/Application Support/google-cloud-tools-java/managed-cloud-sdk/LATEST/google-cloud-sdk.staging/platform/gsutil/third_party/mock/setup.py', "[Errno 28] No space left on device: '/Users/okimdil/Library/Application Support/google-cloud-tools-java/managed-cloud-sdk/LATEST/google-cloud-sdk.staging/platform/gsutil/third_party/mock/setup.py'"), ('/Users/okimdil/Library/Application Support/google-cloud-tools-java/managed-cloud-sdk/LATEST/google-cloud-sdk/platform/gsutil/third_party/mock/tools', '/Users/okimdil/Library/Application Support/google-cloud-tools-java/managed-cloud-sdk/LATEST/google-cloud-sdk.staging/platform/gsutil/third_party/mock/tools', "[Errno 28] No space left on device: '/Users/okimdil/Library/Application Support/google-cloud-tools-java/managed-cloud-sdk/LATEST/google-cloud-sdk.staging/platform/gsutil/third_party/mock/tools'"), ('/Users/okimdil/Library/Application Support/google-cloud-tools-java/managed-cloud-sdk/LATEST/google-cloud-sdk/platform/gsutil/third_party/mock/tox.ini', '/Users/okimdil/Library/Application Support/google-cloud-tools-java/managed-cloud-sdk/LATEST/google-cloud-sdk.staging/platform/gsutil/third_party/mock/tox.ini', "[Errno 28] No space left on device: '/Users/okimdil/Library/Application Support/google-cloud-tools-java/managed-cloud-sdk/LATEST/google-cloud-sdk.staging/platform/gsutil/third_party/mock/tox.ini'"), ('/Users/okimdil/Library/Application Support/google-cloud-tools-java/managed-cloud-sdk/LATEST/google-cloud-sdk/platform/gsutil/third_party/mock/unittest.cfg', '/Users/okimdil/Library/Application Support/google-cloud-tools-java/managed-cloud-sdk/LATEST/google-cloud-sdk.staging/platform/gsutil/third_party/mock/unittest.cfg', "[Errno 28] No space left on device: '/Users/okimdil/Library/Application Support/google-cloud-tools-java/managed-cloud-sdk/LATEST/google-cloud-sdk.staging/platform/gsutil/third_party/mock/unittest.cfg'"), ('/Users/okimdil/Library/Application Support/google-cloud-tools-java/managed-cloud-sdk/LATEST/google-cloud-sdk/platform/gsutil/third_party/monotonic', '/Users/okimdil/Library/Application Support/google-cloud-tools-java/managed-cloud-sdk/LATEST/google-cloud-sdk.staging/platform/gsutil/third_party/monotonic', "[Errno 28] No space left on device: '/Users/okimdil/Library/Application Support/google-cloud-tools-java/managed-cloud-sdk/LATEST/google-cloud-sdk.staging/platform/gsutil/third_party/monotonic'"), ('/Users/okimdil/Library/Application Support/google-cloud-tools-java/managed-cloud-sdk/LATEST/google-cloud-sdk/platform/gsutil/third_party/pyasn1', '/Users/okimdil/Library/Application Support/google-cloud-tools-java/managed-cloud-sdk/LATEST/google-cloud-sdk.staging/platform/gsutil/third_party/pyasn1', "[Errno 28] No space left on device: '/Users/okimdil/Library/Application Support/google-cloud-tools-java/managed-cloud-sdk/LATEST/google-cloud-sdk.staging/platform/gsutil/third_party/pyasn1'"), ('/Users/okimdil/Library/Application Support/google-cloud-tools-java/managed-cloud-sdk/LATEST/google-cloud-sdk/platform/gsutil/third_party/pyasn1-modules', '/Users/okimdil/Library/Application Support/google-cloud-tools-java/managed-cloud-sdk/LATEST/google-cloud-sdk.staging/platform/gsutil/third_party/pyasn1-modules', "[Errno 28] No space left on device: '/Users/okimdil/Library/Application Support/google-cloud-tools-java/managed-cloud-sdk/LATEST/google-cloud-sdk.staging/platform/gsutil/third_party/pyasn1-modules'"), ('/Users/okimdil/Library/Application Support/google-cloud-tools-java/managed-cloud-sdk/LATEST/google-cloud-sdk/platform/gsutil/third_party/pyu2f', '/Users/okimdil/Library/Application Support/google-cloud-tools-java/managed-cloud-sdk/LATEST/google-cloud-sdk.staging/platform/gsutil/third_party/pyu2f', "[Errno 28] No space left on device: '/Users/okimdil/Library/Application Support/google-cloud-tools-java/managed-cloud-sdk/LATEST/google-cloud-sdk.staging/platform/gsutil/third_party/pyu2f'"), ('/Users/okimdil/Library/Application Support/google-cloud-tools-java/managed-cloud-sdk/LATEST/google-cloud-sdk/platform/gsutil/third_party/retry-decorator', '/Users/okimdil/Library/Application Support/google-cloud-tools-java/managed-cloud-sdk/LATEST/google-cloud-sdk.staging/platform/gsutil/third_party/retry-decorator', "[Errno 28] No space left on device: '/Users/okimdil/Library/Application Support/google-cloud-tools-java/managed-cloud-sdk/LATEST/google-cloud-sdk.staging/platform/gsutil/third_party/retry-decorator'"), ('/Users/okimdil/Library/Application Support/google-cloud-tools-java/managed-cloud-sdk/LATEST/google-cloud-sdk/platform/gsutil/third_party/rsa', '/Users/okimdil/Library/Application Support/google-cloud-tools-java/managed-cloud-sdk/LATEST/google-cloud-sdk.staging/platform/gsutil/third_party/rsa', "[Errno 28] No space left on device: '/Users/okimdil/Library/Application Support/google-cloud-tools-java/managed-cloud-sdk/LATEST/google-cloud-sdk.staging/platform/gsutil/third_party/rsa'"), ('/Users/okimdil/Library/Application Support/google-cloud-tools-java/managed-cloud-sdk/LATEST/google-cloud-sdk/platform/gsutil/third_party/six', '/Users/okimdil/Library/Application Support/google-cloud-tools-java/managed-cloud-sdk/LATEST/google-cloud-sdk.staging/platform/gsutil/third_party/six', "[Errno 28] No space left on device: '/Users/okimdil/Library/Application Support/google-cloud-tools-java/managed-cloud-sdk/LATEST/google-cloud-sdk.staging/platform/gsutil/third_party/six'"), ('/Users/okimdil/Library/Application Support/google-cloud-tools-java/managed-cloud-sdk/LATEST/google-cloud-sdk/platform/gsutil/VERSION', '/Users/okimdil/Library/Application Support/google-cloud-tools-java/managed-cloud-sdk/LATEST/google-cloud-sdk.staging/platform/gsutil/VERSION', "[Errno 28] No space left on device: '/Users/okimdil/Library/Application Support/google-cloud-tools-java/managed-cloud-sdk/LATEST/google-cloud-sdk.staging/platform/gsutil/VERSION'"), ('/Users/okimdil/Library/Application Support/google-cloud-tools-java/managed-cloud-sdk/LATEST/google-cloud-sdk/properties', '/Users/okimdil/Library/Application Support/google-cloud-tools-java/managed-cloud-sdk/LATEST/google-cloud-sdk.staging/properties', "[Errno 28] No space left on device: '/Users/okimdil/Library/Application Support/google-cloud-tools-java/managed-cloud-sdk/LATEST/google-cloud-sdk.staging/properties'"), ('/Users/okimdil/Library/Application Support/google-cloud-tools-java/managed-cloud-sdk/LATEST/google-cloud-sdk/README', '/Users/okimdil/Library/Application Support/google-cloud-tools-java/managed-cloud-sdk/LATEST/google-cloud-sdk.staging/README', "[Errno 28] No space left on device: '/Users/okimdil/Library/Application Support/google-cloud-tools-java/managed-cloud-sdk/LATEST/google-cloud-sdk.staging/README'"), ('/Users/okimdil/Library/Application Support/google-cloud-tools-java/managed-cloud-sdk/LATEST/google-cloud-sdk/RELEASE_NOTES', '/Users/okimdil/Library/Application Support/google-cloud-tools-java/managed-cloud-sdk/LATEST/google-cloud-sdk.staging/RELEASE_NOTES', "[Errno 28] No space left on device: '/Users/okimdil/Library/Application Support/google-cloud-tools-java/managed-cloud-sdk/LATEST/google-cloud-sdk.staging/RELEASE_NOTES'"), ('/Users/okimdil/Library/Application Support/google-cloud-tools-java/managed-cloud-sdk/LATEST/google-cloud-sdk/rpm', '/Users/okimdil/Library/Application Support/google-cloud-tools-java/managed-cloud-sdk/LATEST/google-cloud-sdk.staging/rpm', "[Errno 28] No space left on device: '/Users/okimdil/Library/Application Support/google-cloud-tools-java/managed-cloud-sdk/LATEST/google-cloud-sdk.staging/rpm'"), ('/Users/okimdil/Library/Application Support/google-cloud-tools-java/managed-cloud-sdk/LATEST/google-cloud-sdk/VERSION', '/Users/okimdil/Library/Application Support/google-cloud-tools-java/managed-cloud-sdk/LATEST/google-cloud-sdk.staging/VERSION', "[Errno 28] No space left on device: '/Users/okimdil/Library/Application Support/google-cloud-tools-java/managed-cloud-sdk/LATEST/google-cloud-sdk.staging/VERSION'")]
2021-04-11 16:59:00,046 ERROR    ___FILE_ONLY___ BEGIN CRASH STACKTRACE
Traceback (most recent call last):
  File "/Users/okimdil/Library/Application Support/google-cloud-tools-java/managed-cloud-sdk/LATEST/google-cloud-sdk/lib/googlecloudsdk/command_lib/crash_handling.py", line 190, in Wrapper
    target_function(*args, **kwargs)
  File "/Users/okimdil/Library/Application Support/google-cloud-tools-java/managed-cloud-sdk/LATEST/google-cloud-sdk/lib/googlecloudsdk/gcloud_main.py", line 174, in main
    gcloud_cli.Execute()
  File "/Users/okimdil/Library/Application Support/google-cloud-tools-java/managed-cloud-sdk/LATEST/google-cloud-sdk/lib/googlecloudsdk/calliope/cli.py", line 1008, in Execute
    self._HandleAllErrors(exc, command_path_string, specified_arg_names)
  File "/Users/okimdil/Library/Application Support/google-cloud-tools-java/managed-cloud-sdk/LATEST/google-cloud-sdk/lib/googlecloudsdk/calliope/cli.py", line 1045, in _HandleAllErrors
    exceptions.HandleError(exc, command_path_string, self.__known_error_handler)
  File "/Users/okimdil/Library/Application Support/google-cloud-tools-java/managed-cloud-sdk/LATEST/google-cloud-sdk/lib/googlecloudsdk/calliope/exceptions.py", line 551, in HandleError
    core_exceptions.reraise(exc)
  File "/Users/okimdil/Library/Application Support/google-cloud-tools-java/managed-cloud-sdk/LATEST/google-cloud-sdk/lib/googlecloudsdk/core/exceptions.py", line 146, in reraise
    six.reraise(type(exc_value), exc_value, tb)
  File "/Users/okimdil/Library/Application Support/google-cloud-tools-java/managed-cloud-sdk/LATEST/google-cloud-sdk/lib/third_party/six/__init__.py", line 693, in reraise
    raise value
  File "/Users/okimdil/Library/Application Support/google-cloud-tools-java/managed-cloud-sdk/LATEST/google-cloud-sdk/lib/googlecloudsdk/calliope/cli.py", line 982, in Execute
    resources = calliope_command.Run(cli=self, args=args)
  File "/Users/okimdil/Library/Application Support/google-cloud-tools-java/managed-cloud-sdk/LATEST/google-cloud-sdk/lib/googlecloudsdk/calliope/backend.py", line 809, in Run
    resources = command_instance.Run(args)
  File "/Users/okimdil/Library/Application Support/google-cloud-tools-java/managed-cloud-sdk/LATEST/google-cloud-sdk/lib/surface/components/install.py", line 84, in Run
    args.component_ids, allow_no_backup=args.allow_no_backup)
  File "/Users/okimdil/Library/Application Support/google-cloud-tools-java/managed-cloud-sdk/LATEST/google-cloud-sdk/lib/googlecloudsdk/core/updater/update_manager.py", line 897, in Install
    restart_args=restart_args)
  File "/Users/okimdil/Library/Application Support/google-cloud-tools-java/managed-cloud-sdk/LATEST/google-cloud-sdk/lib/googlecloudsdk/core/updater/update_manager.py", line 1023, in Update
    staging_state = install_state.CloneToStaging(pb.SetProgress)
  File "/Users/okimdil/Library/Application Support/google-cloud-tools-java/managed-cloud-sdk/LATEST/google-cloud-sdk/lib/googlecloudsdk/core/updater/local_state.py", line 104, in _TryFunc
    return func(*args, **kwargs)
  File "/Users/okimdil/Library/Application Support/google-cloud-tools-java/managed-cloud-sdk/LATEST/google-cloud-sdk/lib/googlecloudsdk/core/updater/local_state.py", line 337, in CloneToStaging
    ignore=ticker)
  File "/usr/local/bin/../../../Library/Frameworks/Python.framework/Versions/3.7/lib/python3.7/shutil.py", line 368, in copytree
    raise Error(errors)
shutil.Error: [('/Users/okimdil/Library/Application Support/google-cloud-tools-java/managed-cloud-sdk/LATEST/google-cloud-sdk/platform/gsutil/third_party/mock/mock.wpr', '/Users/okimdil/Library/Application Support/google-cloud-tools-java/managed-cloud-sdk/LATEST/google-cloud-sdk.staging/platform/gsutil/third_party/mock/mock.wpr', "[Errno 28] No space left on device: '/Users/okimdil/Library/Application Support/google-cloud-tools-java/managed-cloud-sdk/LATEST/google-cloud-sdk.staging/platform/gsutil/third_party/mock/mock.wpr'"), ('/Users/okimdil/Library/Application Support/google-cloud-tools-java/managed-cloud-sdk/LATEST/google-cloud-sdk/platform/gsutil/third_party/mock/NEWS', '/Users/okimdil/Library/Application Support/google-cloud-tools-java/managed-cloud-sdk/LATEST/google-cloud-sdk.staging/platform/gsutil/third_party/mock/NEWS', "[Errno 28] No space left on device: '/Users/okimdil/Library/Application Support/google-cloud-tools-java/managed-cloud-sdk/LATEST/google-cloud-sdk.staging/platform/gsutil/third_party/mock/NEWS'"), ('/Users/okimdil/Library/Application Support/google-cloud-tools-java/managed-cloud-sdk/LATEST/google-cloud-sdk/platform/gsutil/third_party/mock/README.rst', '/Users/okimdil/Library/Application Support/google-cloud-tools-java/managed-cloud-sdk/LATEST/google-cloud-sdk.staging/platform/gsutil/third_party/mock/README.rst', "[Errno 28] No space left on device: '/Users/okimdil/Library/Application Support/google-cloud-tools-java/managed-cloud-sdk/LATEST/google-cloud-sdk.staging/platform/gsutil/third_party/mock/README.rst'"), ('/Users/okimdil/Library/Application Support/google-cloud-tools-java/managed-cloud-sdk/LATEST/google-cloud-sdk/platform/gsutil/third_party/mock/requirements.txt', '/Users/okimdil/Library/Application Support/google-cloud-tools-java/managed-cloud-sdk/LATEST/google-cloud-sdk.staging/platform/gsutil/third_party/mock/requirements.txt', "[Errno 28] No space left on device: '/Users/okimdil/Library/Application Support/google-cloud-tools-java/managed-cloud-sdk/LATEST/google-cloud-sdk.staging/platform/gsutil/third_party/mock/requirements.txt'"), ('/Users/okimdil/Library/Application Support/google-cloud-tools-java/managed-cloud-sdk/LATEST/google-cloud-sdk/platform/gsutil/third_party/mock/setup.cfg', '/Users/okimdil/Library/Application Support/google-cloud-tools-java/managed-cloud-sdk/LATEST/google-cloud-sdk.staging/platform/gsutil/third_party/mock/setup.cfg', "[Errno 28] No space left on device: '/Users/okimdil/Library/Application Support/google-cloud-tools-java/managed-cloud-sdk/LATEST/google-cloud-sdk.staging/platform/gsutil/third_party/mock/setup.cfg'"), ('/Users/okimdil/Library/Application Support/google-cloud-tools-java/managed-cloud-sdk/LATEST/google-cloud-sdk/platform/gsutil/third_party/mock/setup.py', '/Users/okimdil/Library/Application Support/google-cloud-tools-java/managed-cloud-sdk/LATEST/google-cloud-sdk.staging/platform/gsutil/third_party/mock/setup.py', "[Errno 28] No space left on device: '/Users/okimdil/Library/Application Support/google-cloud-tools-java/managed-cloud-sdk/LATEST/google-cloud-sdk.staging/platform/gsutil/third_party/mock/setup.py'"), ('/Users/okimdil/Library/Application Support/google-cloud-tools-java/managed-cloud-sdk/LATEST/google-cloud-sdk/platform/gsutil/third_party/mock/tools', '/Users/okimdil/Library/Application Support/google-cloud-tools-java/managed-cloud-sdk/LATEST/google-cloud-sdk.staging/platform/gsutil/third_party/mock/tools', "[Errno 28] No space left on device: '/Users/okimdil/Library/Application Support/google-cloud-tools-java/managed-cloud-sdk/LATEST/google-cloud-sdk.staging/platform/gsutil/third_party/mock/tools'"), ('/Users/okimdil/Library/Application Support/google-cloud-tools-java/managed-cloud-sdk/LATEST/google-cloud-sdk/platform/gsutil/third_party/mock/tox.ini', '/Users/okimdil/Library/Application Support/google-cloud-tools-java/managed-cloud-sdk/LATEST/google-cloud-sdk.staging/platform/gsutil/third_party/mock/tox.ini', "[Errno 28] No space left on device: '/Users/okimdil/Library/Application Support/google-cloud-tools-java/managed-cloud-sdk/LATEST/google-cloud-sdk.staging/platform/gsutil/third_party/mock/tox.ini'"), ('/Users/okimdil/Library/Application Support/google-cloud-tools-java/managed-cloud-sdk/LATEST/google-cloud-sdk/platform/gsutil/third_party/mock/unittest.cfg', '/Users/okimdil/Library/Application Support/google-cloud-tools-java/managed-cloud-sdk/LATEST/google-cloud-sdk.staging/platform/gsutil/third_party/mock/unittest.cfg', "[Errno 28] No space left on device: '/Users/okimdil/Library/Application Support/google-cloud-tools-java/managed-cloud-sdk/LATEST/google-cloud-sdk.staging/platform/gsutil/third_party/mock/unittest.cfg'"), ('/Users/okimdil/Library/Application Support/google-cloud-tools-java/managed-cloud-sdk/LATEST/google-cloud-sdk/platform/gsutil/third_party/monotonic', '/Users/okimdil/Library/Application Support/google-cloud-tools-java/managed-cloud-sdk/LATEST/google-cloud-sdk.staging/platform/gsutil/third_party/monotonic', "[Errno 28] No space left on device: '/Users/okimdil/Library/Application Support/google-cloud-tools-java/managed-cloud-sdk/LATEST/google-cloud-sdk.staging/platform/gsutil/third_party/monotonic'"), ('/Users/okimdil/Library/Application Support/google-cloud-tools-java/managed-cloud-sdk/LATEST/google-cloud-sdk/platform/gsutil/third_party/pyasn1', '/Users/okimdil/Library/Application Support/google-cloud-tools-java/managed-cloud-sdk/LATEST/google-cloud-sdk.staging/platform/gsutil/third_party/pyasn1', "[Errno 28] No space left on device: '/Users/okimdil/Library/Application Support/google-cloud-tools-java/managed-cloud-sdk/LATEST/google-cloud-sdk.staging/platform/gsutil/third_party/pyasn1'"), ('/Users/okimdil/Library/Application Support/google-cloud-tools-java/managed-cloud-sdk/LATEST/google-cloud-sdk/platform/gsutil/third_party/pyasn1-modules', '/Users/okimdil/Library/Application Support/google-cloud-tools-java/managed-cloud-sdk/LATEST/google-cloud-sdk.staging/platform/gsutil/third_party/pyasn1-modules', "[Errno 28] No space left on device: '/Users/okimdil/Library/Application Support/google-cloud-tools-java/managed-cloud-sdk/LATEST/google-cloud-sdk.staging/platform/gsutil/third_party/pyasn1-modules'"), ('/Users/okimdil/Library/Application Support/google-cloud-tools-java/managed-cloud-sdk/LATEST/google-cloud-sdk/platform/gsutil/third_party/pyu2f', '/Users/okimdil/Library/Application Support/google-cloud-tools-java/managed-cloud-sdk/LATEST/google-cloud-sdk.staging/platform/gsutil/third_party/pyu2f', "[Errno 28] No space left on device: '/Users/okimdil/Library/Application Support/google-cloud-tools-java/managed-cloud-sdk/LATEST/google-cloud-sdk.staging/platform/gsutil/third_party/pyu2f'"), ('/Users/okimdil/Library/Application Support/google-cloud-tools-java/managed-cloud-sdk/LATEST/google-cloud-sdk/platform/gsutil/third_party/retry-decorator', '/Users/okimdil/Library/Application Support/google-cloud-tools-java/managed-cloud-sdk/LATEST/google-cloud-sdk.staging/platform/gsutil/third_party/retry-decorator', "[Errno 28] No space left on device: '/Users/okimdil/Library/Application Support/google-cloud-tools-java/managed-cloud-sdk/LATEST/google-cloud-sdk.staging/platform/gsutil/third_party/retry-decorator'"), ('/Users/okimdil/Library/Application Support/google-cloud-tools-java/managed-cloud-sdk/LATEST/google-cloud-sdk/platform/gsutil/third_party/rsa', '/Users/okimdil/Library/Application Support/google-cloud-tools-java/managed-cloud-sdk/LATEST/google-cloud-sdk.staging/platform/gsutil/third_party/rsa', "[Errno 28] No space left on device: '/Users/okimdil/Library/Application Support/google-cloud-tools-java/managed-cloud-sdk/LATEST/google-cloud-sdk.staging/platform/gsutil/third_party/rsa'"), ('/Users/okimdil/Library/Application Support/google-cloud-tools-java/managed-cloud-sdk/LATEST/google-cloud-sdk/platform/gsutil/third_party/six', '/Users/okimdil/Library/Application Support/google-cloud-tools-java/managed-cloud-sdk/LATEST/google-cloud-sdk.staging/platform/gsutil/third_party/six', "[Errno 28] No space left on device: '/Users/okimdil/Library/Application Support/google-cloud-tools-java/managed-cloud-sdk/LATEST/google-cloud-sdk.staging/platform/gsutil/third_party/six'"), ('/Users/okimdil/Library/Application Support/google-cloud-tools-java/managed-cloud-sdk/LATEST/google-cloud-sdk/platform/gsutil/VERSION', '/Users/okimdil/Library/Application Support/google-cloud-tools-java/managed-cloud-sdk/LATEST/google-cloud-sdk.staging/platform/gsutil/VERSION', "[Errno 28] No space left on device: '/Users/okimdil/Library/Application Support/google-cloud-tools-java/managed-cloud-sdk/LATEST/google-cloud-sdk.staging/platform/gsutil/VERSION'"), ('/Users/okimdil/Library/Application Support/google-cloud-tools-java/managed-cloud-sdk/LATEST/google-cloud-sdk/properties', '/Users/okimdil/Library/Application Support/google-cloud-tools-java/managed-cloud-sdk/LATEST/google-cloud-sdk.staging/properties', "[Errno 28] No space left on device: '/Users/okimdil/Library/Application Support/google-cloud-tools-java/managed-cloud-sdk/LATEST/google-cloud-sdk.staging/properties'"), ('/Users/okimdil/Library/Application Support/google-cloud-tools-java/managed-cloud-sdk/LATEST/google-cloud-sdk/README', '/Users/okimdil/Library/Application Support/google-cloud-tools-java/managed-cloud-sdk/LATEST/google-cloud-sdk.staging/README', "[Errno 28] No space left on device: '/Users/okimdil/Library/Application Support/google-cloud-tools-java/managed-cloud-sdk/LATEST/google-cloud-sdk.staging/README'"), ('/Users/okimdil/Library/Application Support/google-cloud-tools-java/managed-cloud-sdk/LATEST/google-cloud-sdk/RELEASE_NOTES', '/Users/okimdil/Library/Application Support/google-cloud-tools-java/managed-cloud-sdk/LATEST/google-cloud-sdk.staging/RELEASE_NOTES', "[Errno 28] No space left on device: '/Users/okimdil/Library/Application Support/google-cloud-tools-java/managed-cloud-sdk/LATEST/google-cloud-sdk.staging/RELEASE_NOTES'"), ('/Users/okimdil/Library/Application Support/google-cloud-tools-java/managed-cloud-sdk/LATEST/google-cloud-sdk/rpm', '/Users/okimdil/Library/Application Support/google-cloud-tools-java/managed-cloud-sdk/LATEST/google-cloud-sdk.staging/rpm', "[Errno 28] No space left on device: '/Users/okimdil/Library/Application Support/google-cloud-tools-java/managed-cloud-sdk/LATEST/google-cloud-sdk.staging/rpm'"), ('/Users/okimdil/Library/Application Support/google-cloud-tools-java/managed-cloud-sdk/LATEST/google-cloud-sdk/VERSION', '/Users/okimdil/Library/Application Support/google-cloud-tools-java/managed-cloud-sdk/LATEST/google-cloud-sdk.staging/VERSION', "[Errno 28] No space left on device: '/Users/okimdil/Library/Application Support/google-cloud-tools-java/managed-cloud-sdk/LATEST/google-cloud-sdk.staging/VERSION'")]
2021-04-11 16:59:00,075 ERROR    root            gcloud crashed (Error): [('/Users/okimdil/Library/Application Support/google-cloud-tools-java/managed-cloud-sdk/LATEST/google-cloud-sdk/platform/gsutil/third_party/mock/mock.wpr', '/Users/okimdil/Library/Application Support/google-cloud-tools-java/managed-cloud-sdk/LATEST/google-cloud-sdk.staging/platform/gsutil/third_party/mock/mock.wpr', "[Errno 28] No space left on device: '/Users/okimdil/Library/Application Support/google-cloud-tools-java/managed-cloud-sdk/LATEST/google-cloud-sdk.staging/platform/gsutil/third_party/mock/mock.wpr'"), ('/Users/okimdil/Library/Application Support/google-cloud-tools-java/managed-cloud-sdk/LATEST/google-cloud-sdk/platform/gsutil/third_party/mock/NEWS', '/Users/okimdil/Library/Application Support/google-cloud-tools-java/managed-cloud-sdk/LATEST/google-cloud-sdk.staging/platform/gsutil/third_party/mock/NEWS', "[Errno 28] No space left on device: '/Users/okimdil/Library/Application Support/google-cloud-tools-java/managed-cloud-sdk/LATEST/google-cloud-sdk.staging/platform/gsutil/third_party/mock/NEWS'"), ('/Users/okimdil/Library/Application Support/google-cloud-tools-java/managed-cloud-sdk/LATEST/google-cloud-sdk/platform/gsutil/third_party/mock/README.rst', '/Users/okimdil/Library/Application Support/google-cloud-tools-java/managed-cloud-sdk/LATEST/google-cloud-sdk.staging/platform/gsutil/third_party/mock/README.rst', "[Errno 28] No space left on device: '/Users/okimdil/Library/Application Support/google-cloud-tools-java/managed-cloud-sdk/LATEST/google-cloud-sdk.staging/platform/gsutil/third_party/mock/README.rst'"), ('/Users/okimdil/Library/Application Support/google-cloud-tools-java/managed-cloud-sdk/LATEST/google-cloud-sdk/platform/gsutil/third_party/mock/requirements.txt', '/Users/okimdil/Library/Application Support/google-cloud-tools-java/managed-cloud-sdk/LATEST/google-cloud-sdk.staging/platform/gsutil/third_party/mock/requirements.txt', "[Errno 28] No space left on device: '/Users/okimdil/Library/Application Support/google-cloud-tools-java/managed-cloud-sdk/LATEST/google-cloud-sdk.staging/platform/gsutil/third_party/mock/requirements.txt'"), ('/Users/okimdil/Library/Application Support/google-cloud-tools-java/managed-cloud-sdk/LATEST/google-cloud-sdk/platform/gsutil/third_party/mock/setup.cfg', '/Users/okimdil/Library/Application Support/google-cloud-tools-java/managed-cloud-sdk/LATEST/google-cloud-sdk.staging/platform/gsutil/third_party/mock/setup.cfg', "[Errno 28] No space left on device: '/Users/okimdil/Library/Application Support/google-cloud-tools-java/managed-cloud-sdk/LATEST/google-cloud-sdk.staging/platform/gsutil/third_party/mock/setup.cfg'"), ('/Users/okimdil/Library/Application Support/google-cloud-tools-java/managed-cloud-sdk/LATEST/google-cloud-sdk/platform/gsutil/third_party/mock/setup.py', '/Users/okimdil/Library/Application Support/google-cloud-tools-java/managed-cloud-sdk/LATEST/google-cloud-sdk.staging/platform/gsutil/third_party/mock/setup.py', "[Errno 28] No space left on device: '/Users/okimdil/Library/Application Support/google-cloud-tools-java/managed-cloud-sdk/LATEST/google-cloud-sdk.staging/platform/gsutil/third_party/mock/setup.py'"), ('/Users/okimdil/Library/Application Support/google-cloud-tools-java/managed-cloud-sdk/LATEST/google-cloud-sdk/platform/gsutil/third_party/mock/tools', '/Users/okimdil/Library/Application Support/google-cloud-tools-java/managed-cloud-sdk/LATEST/google-cloud-sdk.staging/platform/gsutil/third_party/mock/tools', "[Errno 28] No space left on device: '/Users/okimdil/Library/Application Support/google-cloud-tools-java/managed-cloud-sdk/LATEST/google-cloud-sdk.staging/platform/gsutil/third_party/mock/tools'"), ('/Users/okimdil/Library/Application Support/google-cloud-tools-java/managed-cloud-sdk/LATEST/google-cloud-sdk/platform/gsutil/third_party/mock/tox.ini', '/Users/okimdil/Library/Application Support/google-cloud-tools-java/managed-cloud-sdk/LATEST/google-cloud-sdk.staging/platform/gsutil/third_party/mock/tox.ini', "[Errno 28] No space left on device: '/Users/okimdil/Library/Application Support/google-cloud-tools-java/managed-cloud-sdk/LATEST/google-cloud-sdk.staging/platform/gsutil/third_party/mock/tox.ini'"), ('/Users/okimdil/Library/Application Support/google-cloud-tools-java/managed-cloud-sdk/LATEST/google-cloud-sdk/platform/gsutil/third_party/mock/unittest.cfg', '/Users/okimdil/Library/Application Support/google-cloud-tools-java/managed-cloud-sdk/LATEST/google-cloud-sdk.staging/platform/gsutil/third_party/mock/unittest.cfg', "[Errno 28] No space left on device: '/Users/okimdil/Library/Application Support/google-cloud-tools-java/managed-cloud-sdk/LATEST/google-cloud-sdk.staging/platform/gsutil/third_party/mock/unittest.cfg'"), ('/Users/okimdil/Library/Application Support/google-cloud-tools-java/managed-cloud-sdk/LATEST/google-cloud-sdk/platform/gsutil/third_party/monotonic', '/Users/okimdil/Library/Application Support/google-cloud-tools-java/managed-cloud-sdk/LATEST/google-cloud-sdk.staging/platform/gsutil/third_party/monotonic', "[Errno 28] No space left on device: '/Users/okimdil/Library/Application Support/google-cloud-tools-java/managed-cloud-sdk/LATEST/google-cloud-sdk.staging/platform/gsutil/third_party/monotonic'"), ('/Users/okimdil/Library/Application Support/google-cloud-tools-java/managed-cloud-sdk/LATEST/google-cloud-sdk/platform/gsutil/third_party/pyasn1', '/Users/okimdil/Library/Application Support/google-cloud-tools-java/managed-cloud-sdk/LATEST/google-cloud-sdk.staging/platform/gsutil/third_party/pyasn1', "[Errno 28] No space left on device: '/Users/okimdil/Library/Application Support/google-cloud-tools-java/managed-cloud-sdk/LATEST/google-cloud-sdk.staging/platform/gsutil/third_party/pyasn1'"), ('/Users/okimdil/Library/Application Support/google-cloud-tools-java/managed-cloud-sdk/LATEST/google-cloud-sdk/platform/gsutil/third_party/pyasn1-modules', '/Users/okimdil/Library/Application Support/google-cloud-tools-java/managed-cloud-sdk/LATEST/google-cloud-sdk.staging/platform/gsutil/third_party/pyasn1-modules', "[Errno 28] No space left on device: '/Users/okimdil/Library/Application Support/google-cloud-tools-java/managed-cloud-sdk/LATEST/google-cloud-sdk.staging/platform/gsutil/third_party/pyasn1-modules'"), ('/Users/okimdil/Library/Application Support/google-cloud-tools-java/managed-cloud-sdk/LATEST/google-cloud-sdk/platform/gsutil/third_party/pyu2f', '/Users/okimdil/Library/Application Support/google-cloud-tools-java/managed-cloud-sdk/LATEST/google-cloud-sdk.staging/platform/gsutil/third_party/pyu2f', "[Errno 28] No space left on device: '/Users/okimdil/Library/Application Support/google-cloud-tools-java/managed-cloud-sdk/LATEST/google-cloud-sdk.staging/platform/gsutil/third_party/pyu2f'"), ('/Users/okimdil/Library/Application Support/google-cloud-tools-java/managed-cloud-sdk/LATEST/google-cloud-sdk/platform/gsutil/third_party/retry-decorator', '/Users/okimdil/Library/Application Support/google-cloud-tools-java/managed-cloud-sdk/LATEST/google-cloud-sdk.staging/platform/gsutil/third_party/retry-decorator', "[Errno 28] No space left on device: '/Users/okimdil/Library/Application Support/google-cloud-tools-java/managed-cloud-sdk/LATEST/google-cloud-sdk.staging/platform/gsutil/third_party/retry-decorator'"), ('/Users/okimdil/Library/Application Support/google-cloud-tools-java/managed-cloud-sdk/LATEST/google-cloud-sdk/platform/gsutil/third_party/rsa', '/Users/okimdil/Library/Application Support/google-cloud-tools-java/managed-cloud-sdk/LATEST/google-cloud-sdk.staging/platform/gsutil/third_party/rsa', "[Errno 28] No space left on device: '/Users/okimdil/Library/Application Support/google-cloud-tools-java/managed-cloud-sdk/LATEST/google-cloud-sdk.staging/platform/gsutil/third_party/rsa'"), ('/Users/okimdil/Library/Application Support/google-cloud-tools-java/managed-cloud-sdk/LATEST/google-cloud-sdk/platform/gsutil/third_party/six', '/Users/okimdil/Library/Application Support/google-cloud-tools-java/managed-cloud-sdk/LATEST/google-cloud-sdk.staging/platform/gsutil/third_party/six', "[Errno 28] No space left on device: '/Users/okimdil/Library/Application Support/google-cloud-tools-java/managed-cloud-sdk/LATEST/google-cloud-sdk.staging/platform/gsutil/third_party/six'"), ('/Users/okimdil/Library/Application Support/google-cloud-tools-java/managed-cloud-sdk/LATEST/google-cloud-sdk/platform/gsutil/VERSION', '/Users/okimdil/Library/Application Support/google-cloud-tools-java/managed-cloud-sdk/LATEST/google-cloud-sdk.staging/platform/gsutil/VERSION', "[Errno 28] No space left on device: '/Users/okimdil/Library/Application Support/google-cloud-tools-java/managed-cloud-sdk/LATEST/google-cloud-sdk.staging/platform/gsutil/VERSION'"), ('/Users/okimdil/Library/Application Support/google-cloud-tools-java/managed-cloud-sdk/LATEST/google-cloud-sdk/properties', '/Users/okimdil/Library/Application Support/google-cloud-tools-java/managed-cloud-sdk/LATEST/google-cloud-sdk.staging/properties', "[Errno 28] No space left on device: '/Users/okimdil/Library/Application Support/google-cloud-tools-java/managed-cloud-sdk/LATEST/google-cloud-sdk.staging/properties'"), ('/Users/okimdil/Library/Application Support/google-cloud-tools-java/managed-cloud-sdk/LATEST/google-cloud-sdk/README', '/Users/okimdil/Library/Application Support/google-cloud-tools-java/managed-cloud-sdk/LATEST/google-cloud-sdk.staging/README', "[Errno 28] No space left on device: '/Users/okimdil/Library/Application Support/google-cloud-tools-java/managed-cloud-sdk/LATEST/google-cloud-sdk.staging/README'"), ('/Users/okimdil/Library/Application Support/google-cloud-tools-java/managed-cloud-sdk/LATEST/google-cloud-sdk/RELEASE_NOTES', '/Users/okimdil/Library/Application Support/google-cloud-tools-java/managed-cloud-sdk/LATEST/google-cloud-sdk.staging/RELEASE_NOTES', "[Errno 28] No space left on device: '/Users/okimdil/Library/Application Support/google-cloud-tools-java/managed-cloud-sdk/LATEST/google-cloud-sdk.staging/RELEASE_NOTES'"), ('/Users/okimdil/Library/Application Support/google-cloud-tools-java/managed-cloud-sdk/LATEST/google-cloud-sdk/rpm', '/Users/okimdil/Library/Application Support/google-cloud-tools-java/managed-cloud-sdk/LATEST/google-cloud-sdk.staging/rpm', "[Errno 28] No space left on device: '/Users/okimdil/Library/Application Support/google-cloud-tools-java/managed-cloud-sdk/LATEST/google-cloud-sdk.staging/rpm'"), ('/Users/okimdil/Library/Application Support/google-cloud-tools-java/managed-cloud-sdk/LATEST/google-cloud-sdk/VERSION', '/Users/okimdil/Library/Application Support/google-cloud-tools-java/managed-cloud-sdk/LATEST/google-cloud-sdk.staging/VERSION', "[Errno 28] No space left on device: '/Users/okimdil/Library/Application Support/google-cloud-tools-java/managed-cloud-sdk/LATEST/google-cloud-sdk.staging/VERSION'")]
2021-04-11 16:59:00,076 INFO     ___FILE_ONLY___ 
If you would like to report this issue, please run the following command:

2021-04-11 16:59:00,076 INFO     ___FILE_ONLY___   gcloud feedback

2021-04-11 16:59:00,076 INFO     ___FILE_ONLY___ 
To check gcloud for common problems, please run the following command:

2021-04-11 16:59:00,076 INFO     ___FILE_ONLY___   gcloud info --run-diagnostics

