2021-04-11 16:59:04,453 DEBUG    root            Loaded Command Group: ['gcloud', 'components']
2021-04-11 16:59:04,456 DEBUG    root            Loaded Command Group: ['gcloud', 'components', 'install']
2021-04-11 16:59:04,458 DEBUG    root            Running [gcloud.components.install] with arguments: [--quiet: "True", COMPONENT-IDS:1: "['app-engine-java']"]
2021-04-11 16:59:04,788 INFO     ___FILE_ONLY___ 

2021-04-11 16:59:04,790 INFO     ___FILE_ONLY___ 
Your current Cloud SDK version is: 335.0.0

2021-04-11 16:59:04,790 INFO     ___FILE_ONLY___ Installing components from version: 335.0.0

2021-04-11 16:59:04,790 INFO     ___FILE_ONLY___ 

2021-04-11 16:59:04,859 INFO     ___FILE_ONLY___ ┌───────────────────────────────────────────────────┐
2021-04-11 16:59:04,860 INFO     ___FILE_ONLY___ 

2021-04-11 16:59:04,860 INFO     ___FILE_ONLY___ │        These components will be installed.        │
2021-04-11 16:59:04,860 INFO     ___FILE_ONLY___ 

2021-04-11 16:59:04,860 INFO     ___FILE_ONLY___ ├──────────────────────────────┬─────────┬──────────┤
2021-04-11 16:59:04,860 INFO     ___FILE_ONLY___ 

2021-04-11 16:59:04,860 INFO     ___FILE_ONLY___ │             Name             │ Version │   Size   │
2021-04-11 16:59:04,860 INFO     ___FILE_ONLY___ 

2021-04-11 16:59:04,860 INFO     ___FILE_ONLY___ ├──────────────────────────────┼─────────┼──────────┤
2021-04-11 16:59:04,860 INFO     ___FILE_ONLY___ 

2021-04-11 16:59:04,861 INFO     ___FILE_ONLY___ │ 
2021-04-11 16:59:04,861 INFO     ___FILE_ONLY___ Cloud Datastore Emulator    
2021-04-11 16:59:04,861 INFO     ___FILE_ONLY___  
2021-04-11 16:59:04,861 INFO     ___FILE_ONLY___ │ 
2021-04-11 16:59:04,861 INFO     ___FILE_ONLY___   2.1.0
2021-04-11 16:59:04,861 INFO     ___FILE_ONLY___  
2021-04-11 16:59:04,861 INFO     ___FILE_ONLY___ │ 
2021-04-11 16:59:04,861 INFO     ___FILE_ONLY___ 18.4 MiB
2021-04-11 16:59:04,861 INFO     ___FILE_ONLY___  
2021-04-11 16:59:04,861 INFO     ___FILE_ONLY___ │
2021-04-11 16:59:04,861 INFO     ___FILE_ONLY___ 

2021-04-11 16:59:04,861 INFO     ___FILE_ONLY___ │ 
2021-04-11 16:59:04,862 INFO     ___FILE_ONLY___ gRPC Python library         
2021-04-11 16:59:04,862 INFO     ___FILE_ONLY___  
2021-04-11 16:59:04,862 INFO     ___FILE_ONLY___ │ 
2021-04-11 16:59:04,862 INFO     ___FILE_ONLY___  1.20.0
2021-04-11 16:59:04,862 INFO     ___FILE_ONLY___  
2021-04-11 16:59:04,862 INFO     ___FILE_ONLY___ │ 
2021-04-11 16:59:04,862 INFO     ___FILE_ONLY___  1.9 MiB
2021-04-11 16:59:04,862 INFO     ___FILE_ONLY___  
2021-04-11 16:59:04,862 INFO     ___FILE_ONLY___ │
2021-04-11 16:59:04,862 INFO     ___FILE_ONLY___ 

2021-04-11 16:59:04,862 INFO     ___FILE_ONLY___ │ 
2021-04-11 16:59:04,862 INFO     ___FILE_ONLY___ gcloud app Java Extensions  
2021-04-11 16:59:04,862 INFO     ___FILE_ONLY___  
2021-04-11 16:59:04,862 INFO     ___FILE_ONLY___ │ 
2021-04-11 16:59:04,862 INFO     ___FILE_ONLY___  1.9.88
2021-04-11 16:59:04,862 INFO     ___FILE_ONLY___  
2021-04-11 16:59:04,863 INFO     ___FILE_ONLY___ │ 
2021-04-11 16:59:04,863 INFO     ___FILE_ONLY___ 53.1 MiB
2021-04-11 16:59:04,863 INFO     ___FILE_ONLY___  
2021-04-11 16:59:04,863 INFO     ___FILE_ONLY___ │
2021-04-11 16:59:04,863 INFO     ___FILE_ONLY___ 

2021-04-11 16:59:04,863 INFO     ___FILE_ONLY___ │ 
2021-04-11 16:59:04,863 INFO     ___FILE_ONLY___ gcloud app Python Extensions
2021-04-11 16:59:04,863 INFO     ___FILE_ONLY___  
2021-04-11 16:59:04,863 INFO     ___FILE_ONLY___ │ 
2021-04-11 16:59:04,863 INFO     ___FILE_ONLY___  1.9.91
2021-04-11 16:59:04,863 INFO     ___FILE_ONLY___  
2021-04-11 16:59:04,863 INFO     ___FILE_ONLY___ │ 
2021-04-11 16:59:04,863 INFO     ___FILE_ONLY___  6.1 MiB
2021-04-11 16:59:04,863 INFO     ___FILE_ONLY___  
2021-04-11 16:59:04,863 INFO     ___FILE_ONLY___ │
2021-04-11 16:59:04,863 INFO     ___FILE_ONLY___ 

2021-04-11 16:59:04,863 INFO     ___FILE_ONLY___ └──────────────────────────────┴─────────┴──────────┘
2021-04-11 16:59:04,864 INFO     ___FILE_ONLY___ 

2021-04-11 16:59:04,864 INFO     ___FILE_ONLY___ 

2021-04-11 16:59:05,166 INFO     ___FILE_ONLY___ For the latest full release notes, please visit:
  https://cloud.google.com/sdk/release_notes


2021-04-11 16:59:05,174 INFO     ___FILE_ONLY___ ╔════════════════════════════════════════════════════════════╗

2021-04-11 16:59:05,175 INFO     ___FILE_ONLY___ ╠═ Creating update staging area                             ═╣

2021-04-11 16:59:05,175 INFO     ___FILE_ONLY___ ╚
2021-04-11 16:59:15,008 INFO     ___FILE_ONLY___ ══════
2021-04-11 16:59:15,008 INFO     ___FILE_ONLY___ ══════
2021-04-11 16:59:15,008 INFO     ___FILE_ONLY___ ══════
2021-04-11 16:59:30,627 INFO     ___FILE_ONLY___ ═
2021-04-11 16:59:31,673 INFO     ___FILE_ONLY___ ═
2021-04-11 16:59:33,110 INFO     ___FILE_ONLY___ ═
2021-04-11 16:59:34,809 INFO     ___FILE_ONLY___ ═
2021-04-11 16:59:38,139 INFO     ___FILE_ONLY___ ═
2021-04-11 16:59:39,828 INFO     ___FILE_ONLY___ ═
2021-04-11 16:59:40,934 INFO     ___FILE_ONLY___ ═
2021-04-11 16:59:42,573 INFO     ___FILE_ONLY___ ═
2021-04-11 16:59:43,701 INFO     ___FILE_ONLY___ ═
2021-04-11 16:59:44,429 INFO     ___FILE_ONLY___ ═
2021-04-11 16:59:45,436 INFO     ___FILE_ONLY___ ═
2021-04-11 16:59:46,483 INFO     ___FILE_ONLY___ ═
2021-04-11 16:59:49,056 INFO     ___FILE_ONLY___ ═
2021-04-11 16:59:55,167 INFO     ___FILE_ONLY___ ═
2021-04-11 17:00:01,819 INFO     ___FILE_ONLY___ ═
2021-04-11 17:00:04,988 INFO     ___FILE_ONLY___ ═
2021-04-11 17:00:13,123 INFO     ___FILE_ONLY___ ═
2021-04-11 17:00:31,939 INFO     ___FILE_ONLY___ ═
2021-04-11 17:00:36,094 INFO     ___FILE_ONLY___ ═
2021-04-11 17:00:40,556 INFO     ___FILE_ONLY___ ═
2021-04-11 17:00:43,588 INFO     ___FILE_ONLY___ ═
2021-04-11 17:00:47,069 INFO     ___FILE_ONLY___ ═
2021-04-11 17:00:50,189 INFO     ___FILE_ONLY___ ═
2021-04-11 17:00:53,531 INFO     ___FILE_ONLY___ ═
2021-04-11 17:00:56,272 INFO     ___FILE_ONLY___ ═
2021-04-11 17:00:59,465 INFO     ___FILE_ONLY___ ═
2021-04-11 17:01:00,638 INFO     ___FILE_ONLY___ ═
2021-04-11 17:01:01,783 INFO     ___FILE_ONLY___ ═
2021-04-11 17:01:02,924 INFO     ___FILE_ONLY___ ═
2021-04-11 17:01:04,925 INFO     ___FILE_ONLY___ ═
2021-04-11 17:01:07,238 INFO     ___FILE_ONLY___ ═
2021-04-11 17:01:08,955 INFO     ___FILE_ONLY___ ═
2021-04-11 17:01:10,728 INFO     ___FILE_ONLY___ ═
2021-04-11 17:01:11,993 INFO     ___FILE_ONLY___ ═
2021-04-11 17:01:13,259 INFO     ___FILE_ONLY___ ═
2021-04-11 17:01:14,130 INFO     ___FILE_ONLY___ ═
2021-04-11 17:01:15,049 INFO     ___FILE_ONLY___ ═
2021-04-11 17:01:15,777 INFO     ___FILE_ONLY___ ═
2021-04-11 17:01:16,594 INFO     ___FILE_ONLY___ ═
2021-04-11 17:01:18,805 INFO     ___FILE_ONLY___ ═
2021-04-11 17:01:20,027 INFO     ___FILE_ONLY___ ═
2021-04-11 17:01:20,901 INFO     ___FILE_ONLY___ ═
2021-04-11 17:01:20,901 INFO     ___FILE_ONLY___ ╝

2021-04-11 17:03:01,840 DEBUG    root            [('/Users/okimdil/Library/Application Support/google-cloud-tools-java/managed-cloud-sdk/LATEST/google-cloud-sdk/platform/gsutil/gslib/vendored/boto/tests/integration/s3/test_key.py', '/Users/okimdil/Library/Application Support/google-cloud-tools-java/managed-cloud-sdk/LATEST/google-cloud-sdk.staging/platform/gsutil/gslib/vendored/boto/tests/integration/s3/test_key.py', "[Errno 28] No space left on device: '/Users/okimdil/Library/Application Support/google-cloud-tools-java/managed-cloud-sdk/LATEST/google-cloud-sdk.staging/platform/gsutil/gslib/vendored/boto/tests/integration/s3/test_key.py'"), ('/Users/okimdil/Library/Application Support/google-cloud-tools-java/managed-cloud-sdk/LATEST/google-cloud-sdk/platform/gsutil/gslib/vendored/boto/tests/integration/s3/test_mfa.py', '/Users/okimdil/Library/Application Support/google-cloud-tools-java/managed-cloud-sdk/LATEST/google-cloud-sdk.staging/platform/gsutil/gslib/vendored/boto/tests/integration/s3/test_mfa.py', "[Errno 28] No space left on device: '/Users/okimdil/Library/Application Support/google-cloud-tools-java/managed-cloud-sdk/LATEST/google-cloud-sdk.staging/platform/gsutil/gslib/vendored/boto/tests/integration/s3/test_mfa.py'"), ('/Users/okimdil/Library/Application Support/google-cloud-tools-java/managed-cloud-sdk/LATEST/google-cloud-sdk/platform/gsutil/gslib/vendored/boto/tests/integration/s3/test_multidelete.py', '/Users/okimdil/Library/Application Support/google-cloud-tools-java/managed-cloud-sdk/LATEST/google-cloud-sdk.staging/platform/gsutil/gslib/vendored/boto/tests/integration/s3/test_multidelete.py', "[Errno 28] No space left on device: '/Users/okimdil/Library/Application Support/google-cloud-tools-java/managed-cloud-sdk/LATEST/google-cloud-sdk.staging/platform/gsutil/gslib/vendored/boto/tests/integration/s3/test_multidelete.py'"), ('/Users/okimdil/Library/Application Support/google-cloud-tools-java/managed-cloud-sdk/LATEST/google-cloud-sdk/platform/gsutil/gslib/vendored/boto/tests/integration/s3/test_multipart.py', '/Users/okimdil/Library/Application Support/google-cloud-tools-java/managed-cloud-sdk/LATEST/google-cloud-sdk.staging/platform/gsutil/gslib/vendored/boto/tests/integration/s3/test_multipart.py', "[Errno 28] No space left on device: '/Users/okimdil/Library/Application Support/google-cloud-tools-java/managed-cloud-sdk/LATEST/google-cloud-sdk.staging/platform/gsutil/gslib/vendored/boto/tests/integration/s3/test_multipart.py'"), ('/Users/okimdil/Library/Application Support/google-cloud-tools-java/managed-cloud-sdk/LATEST/google-cloud-sdk/platform/gsutil/gslib/vendored/boto/tests/integration/s3/test_pool.py', '/Users/okimdil/Library/Application Support/google-cloud-tools-java/managed-cloud-sdk/LATEST/google-cloud-sdk.staging/platform/gsutil/gslib/vendored/boto/tests/integration/s3/test_pool.py', "[Errno 28] No space left on device: '/Users/okimdil/Library/Application Support/google-cloud-tools-java/managed-cloud-sdk/LATEST/google-cloud-sdk.staging/platform/gsutil/gslib/vendored/boto/tests/integration/s3/test_pool.py'"), ('/Users/okimdil/Library/Application Support/google-cloud-tools-java/managed-cloud-sdk/LATEST/google-cloud-sdk/platform/gsutil/gslib/vendored/boto/tests/integration/s3/test_versioning.py', '/Users/okimdil/Library/Application Support/google-cloud-tools-java/managed-cloud-sdk/LATEST/google-cloud-sdk.staging/platform/gsutil/gslib/vendored/boto/tests/integration/s3/test_versioning.py', "[Errno 28] No space left on device: '/Users/okimdil/Library/Application Support/google-cloud-tools-java/managed-cloud-sdk/LATEST/google-cloud-sdk.staging/platform/gsutil/gslib/vendored/boto/tests/integration/s3/test_versioning.py'"), ('/Users/okimdil/Library/Application Support/google-cloud-tools-java/managed-cloud-sdk/LATEST/google-cloud-sdk/platform/gsutil/gslib/vendored/boto/tests/integration/sdb', '/Users/okimdil/Library/Application Support/google-cloud-tools-java/managed-cloud-sdk/LATEST/google-cloud-sdk.staging/platform/gsutil/gslib/vendored/boto/tests/integration/sdb', "[Errno 28] No space left on device: '/Users/okimdil/Library/Application Support/google-cloud-tools-java/managed-cloud-sdk/LATEST/google-cloud-sdk.staging/platform/gsutil/gslib/vendored/boto/tests/integration/sdb'"), ('/Users/okimdil/Library/Application Support/google-cloud-tools-java/managed-cloud-sdk/LATEST/google-cloud-sdk/platform/gsutil/gslib/vendored/boto/tests/integration/ses', '/Users/okimdil/Library/Application Support/google-cloud-tools-java/managed-cloud-sdk/LATEST/google-cloud-sdk.staging/platform/gsutil/gslib/vendored/boto/tests/integration/ses', "[Errno 28] No space left on device: '/Users/okimdil/Library/Application Support/google-cloud-tools-java/managed-cloud-sdk/LATEST/google-cloud-sdk.staging/platform/gsutil/gslib/vendored/boto/tests/integration/ses'"), ('/Users/okimdil/Library/Application Support/google-cloud-tools-java/managed-cloud-sdk/LATEST/google-cloud-sdk/platform/gsutil/gslib/vendored/boto/tests/integration/sns', '/Users/okimdil/Library/Application Support/google-cloud-tools-java/managed-cloud-sdk/LATEST/google-cloud-sdk.staging/platform/gsutil/gslib/vendored/boto/tests/integration/sns', "[Errno 28] No space left on device: '/Users/okimdil/Library/Application Support/google-cloud-tools-java/managed-cloud-sdk/LATEST/google-cloud-sdk.staging/platform/gsutil/gslib/vendored/boto/tests/integration/sns'"), ('/Users/okimdil/Library/Application Support/google-cloud-tools-java/managed-cloud-sdk/LATEST/google-cloud-sdk/platform/gsutil/gslib/vendored/boto/tests/integration/sqs', '/Users/okimdil/Library/Application Support/google-cloud-tools-java/managed-cloud-sdk/LATEST/google-cloud-sdk.staging/platform/gsutil/gslib/vendored/boto/tests/integration/sqs', "[Errno 28] No space left on device: '/Users/okimdil/Library/Application Support/google-cloud-tools-java/managed-cloud-sdk/LATEST/google-cloud-sdk.staging/platform/gsutil/gslib/vendored/boto/tests/integration/sqs'"), ('/Users/okimdil/Library/Application Support/google-cloud-tools-java/managed-cloud-sdk/LATEST/google-cloud-sdk/platform/gsutil/gslib/vendored/boto/tests/integration/storage_uri', '/Users/okimdil/Library/Application Support/google-cloud-tools-java/managed-cloud-sdk/LATEST/google-cloud-sdk.staging/platform/gsutil/gslib/vendored/boto/tests/integration/storage_uri', "[Errno 28] No space left on device: '/Users/okimdil/Library/Application Support/google-cloud-tools-java/managed-cloud-sdk/LATEST/google-cloud-sdk.staging/platform/gsutil/gslib/vendored/boto/tests/integration/storage_uri'"), ('/Users/okimdil/Library/Application Support/google-cloud-tools-java/managed-cloud-sdk/LATEST/google-cloud-sdk/platform/gsutil/gslib/vendored/boto/tests/integration/sts', '/Users/okimdil/Library/Application Support/google-cloud-tools-java/managed-cloud-sdk/LATEST/google-cloud-sdk.staging/platform/gsutil/gslib/vendored/boto/tests/integration/sts', "[Errno 28] No space left on device: '/Users/okimdil/Library/Application Support/google-cloud-tools-java/managed-cloud-sdk/LATEST/google-cloud-sdk.staging/platform/gsutil/gslib/vendored/boto/tests/integration/sts'"), ('/Users/okimdil/Library/Application Support/google-cloud-tools-java/managed-cloud-sdk/LATEST/google-cloud-sdk/platform/gsutil/gslib/vendored/boto/tests/integration/support', '/Users/okimdil/Library/Application Support/google-cloud-tools-java/managed-cloud-sdk/LATEST/google-cloud-sdk.staging/platform/gsutil/gslib/vendored/boto/tests/integration/support', "[Errno 28] No space left on device: '/Users/okimdil/Library/Application Support/google-cloud-tools-java/managed-cloud-sdk/LATEST/google-cloud-sdk.staging/platform/gsutil/gslib/vendored/boto/tests/integration/support'"), ('/Users/okimdil/Library/Application Support/google-cloud-tools-java/managed-cloud-sdk/LATEST/google-cloud-sdk/platform/gsutil/gslib/vendored/boto/tests/integration/swf', '/Users/okimdil/Library/Application Support/google-cloud-tools-java/managed-cloud-sdk/LATEST/google-cloud-sdk.staging/platform/gsutil/gslib/vendored/boto/tests/integration/swf', "[Errno 28] No space left on device: '/Users/okimdil/Library/Application Support/google-cloud-tools-java/managed-cloud-sdk/LATEST/google-cloud-sdk.staging/platform/gsutil/gslib/vendored/boto/tests/integration/swf'"), ('/Users/okimdil/Library/Application Support/google-cloud-tools-java/managed-cloud-sdk/LATEST/google-cloud-sdk/platform/gsutil/gslib/vendored/boto/tests/mturk', '/Users/okimdil/Library/Application Support/google-cloud-tools-java/managed-cloud-sdk/LATEST/google-cloud-sdk.staging/platform/gsutil/gslib/vendored/boto/tests/mturk', "[Errno 28] No space left on device: '/Users/okimdil/Library/Application Support/google-cloud-tools-java/managed-cloud-sdk/LATEST/google-cloud-sdk.staging/platform/gsutil/gslib/vendored/boto/tests/mturk'"), ('/Users/okimdil/Library/Application Support/google-cloud-tools-java/managed-cloud-sdk/LATEST/google-cloud-sdk/platform/gsutil/gslib/vendored/boto/tests/test.py', '/Users/okimdil/Library/Application Support/google-cloud-tools-java/managed-cloud-sdk/LATEST/google-cloud-sdk.staging/platform/gsutil/gslib/vendored/boto/tests/test.py', "[Errno 28] No space left on device: '/Users/okimdil/Library/Application Support/google-cloud-tools-java/managed-cloud-sdk/LATEST/google-cloud-sdk.staging/platform/gsutil/gslib/vendored/boto/tests/test.py'"), ('/Users/okimdil/Library/Application Support/google-cloud-tools-java/managed-cloud-sdk/LATEST/google-cloud-sdk/platform/gsutil/gslib/vendored/boto/tests/unit', '/Users/okimdil/Library/Application Support/google-cloud-tools-java/managed-cloud-sdk/LATEST/google-cloud-sdk.staging/platform/gsutil/gslib/vendored/boto/tests/unit', "[Errno 28] No space left on device: '/Users/okimdil/Library/Application Support/google-cloud-tools-java/managed-cloud-sdk/LATEST/google-cloud-sdk.staging/platform/gsutil/gslib/vendored/boto/tests/unit'"), ('/Users/okimdil/Library/Application Support/google-cloud-tools-java/managed-cloud-sdk/LATEST/google-cloud-sdk/platform/gsutil/gslib/vendored/boto/tox.ini', '/Users/okimdil/Library/Application Support/google-cloud-tools-java/managed-cloud-sdk/LATEST/google-cloud-sdk.staging/platform/gsutil/gslib/vendored/boto/tox.ini', "[Errno 28] No space left on device: '/Users/okimdil/Library/Application Support/google-cloud-tools-java/managed-cloud-sdk/LATEST/google-cloud-sdk.staging/platform/gsutil/gslib/vendored/boto/tox.ini'"), ('/Users/okimdil/Library/Application Support/google-cloud-tools-java/managed-cloud-sdk/LATEST/google-cloud-sdk/platform/gsutil/gslib/vendored/oauth2client', '/Users/okimdil/Library/Application Support/google-cloud-tools-java/managed-cloud-sdk/LATEST/google-cloud-sdk.staging/platform/gsutil/gslib/vendored/oauth2client', "[Errno 28] No space left on device: '/Users/okimdil/Library/Application Support/google-cloud-tools-java/managed-cloud-sdk/LATEST/google-cloud-sdk.staging/platform/gsutil/gslib/vendored/oauth2client'"), ('/Users/okimdil/Library/Application Support/google-cloud-tools-java/managed-cloud-sdk/LATEST/google-cloud-sdk/platform/gsutil/gslib/wildcard_iterator.py', '/Users/okimdil/Library/Application Support/google-cloud-tools-java/managed-cloud-sdk/LATEST/google-cloud-sdk.staging/platform/gsutil/gslib/wildcard_iterator.py', "[Errno 28] No space left on device: '/Users/okimdil/Library/Application Support/google-cloud-tools-java/managed-cloud-sdk/LATEST/google-cloud-sdk.staging/platform/gsutil/gslib/wildcard_iterator.py'"), ('/Users/okimdil/Library/Application Support/google-cloud-tools-java/managed-cloud-sdk/LATEST/google-cloud-sdk/platform/gsutil/gsutil', '/Users/okimdil/Library/Application Support/google-cloud-tools-java/managed-cloud-sdk/LATEST/google-cloud-sdk.staging/platform/gsutil/gsutil', "[Errno 28] No space left on device: '/Users/okimdil/Library/Application Support/google-cloud-tools-java/managed-cloud-sdk/LATEST/google-cloud-sdk.staging/platform/gsutil/gsutil'"), ('/Users/okimdil/Library/Application Support/google-cloud-tools-java/managed-cloud-sdk/LATEST/google-cloud-sdk/platform/gsutil/gsutil.py', '/Users/okimdil/Library/Application Support/google-cloud-tools-java/managed-cloud-sdk/LATEST/google-cloud-sdk.staging/platform/gsutil/gsutil.py', "[Errno 28] No space left on device: '/Users/okimdil/Library/Application Support/google-cloud-tools-java/managed-cloud-sdk/LATEST/google-cloud-sdk.staging/platform/gsutil/gsutil.py'"), ('/Users/okimdil/Library/Application Support/google-cloud-tools-java/managed-cloud-sdk/LATEST/google-cloud-sdk/platform/gsutil/LICENSE', '/Users/okimdil/Library/Application Support/google-cloud-tools-java/managed-cloud-sdk/LATEST/google-cloud-sdk.staging/platform/gsutil/LICENSE', "[Errno 28] No space left on device: '/Users/okimdil/Library/Application Support/google-cloud-tools-java/managed-cloud-sdk/LATEST/google-cloud-sdk.staging/platform/gsutil/LICENSE'"), ('/Users/okimdil/Library/Application Support/google-cloud-tools-java/managed-cloud-sdk/LATEST/google-cloud-sdk/platform/gsutil/MANIFEST.in', '/Users/okimdil/Library/Application Support/google-cloud-tools-java/managed-cloud-sdk/LATEST/google-cloud-sdk.staging/platform/gsutil/MANIFEST.in', "[Errno 28] No space left on device: '/Users/okimdil/Library/Application Support/google-cloud-tools-java/managed-cloud-sdk/LATEST/google-cloud-sdk.staging/platform/gsutil/MANIFEST.in'"), ('/Users/okimdil/Library/Application Support/google-cloud-tools-java/managed-cloud-sdk/LATEST/google-cloud-sdk/platform/gsutil/README.md', '/Users/okimdil/Library/Application Support/google-cloud-tools-java/managed-cloud-sdk/LATEST/google-cloud-sdk.staging/platform/gsutil/README.md', "[Errno 28] No space left on device: '/Users/okimdil/Library/Application Support/google-cloud-tools-java/managed-cloud-sdk/LATEST/google-cloud-sdk.staging/platform/gsutil/README.md'"), ('/Users/okimdil/Library/Application Support/google-cloud-tools-java/managed-cloud-sdk/LATEST/google-cloud-sdk/platform/gsutil/setup.py', '/Users/okimdil/Library/Application Support/google-cloud-tools-java/managed-cloud-sdk/LATEST/google-cloud-sdk.staging/platform/gsutil/setup.py', "[Errno 28] No space left on device: '/Users/okimdil/Library/Application Support/google-cloud-tools-java/managed-cloud-sdk/LATEST/google-cloud-sdk.staging/platform/gsutil/setup.py'"), ('/Users/okimdil/Library/Application Support/google-cloud-tools-java/managed-cloud-sdk/LATEST/google-cloud-sdk/platform/gsutil/third_party', '/Users/okimdil/Library/Application Support/google-cloud-tools-java/managed-cloud-sdk/LATEST/google-cloud-sdk.staging/platform/gsutil/third_party', "[Errno 28] No space left on device: '/Users/okimdil/Library/Application Support/google-cloud-tools-java/managed-cloud-sdk/LATEST/google-cloud-sdk.staging/platform/gsutil/third_party'"), ('/Users/okimdil/Library/Application Support/google-cloud-tools-java/managed-cloud-sdk/LATEST/google-cloud-sdk/platform/gsutil/VERSION', '/Users/okimdil/Library/Application Support/google-cloud-tools-java/managed-cloud-sdk/LATEST/google-cloud-sdk.staging/platform/gsutil/VERSION', "[Errno 28] No space left on device: '/Users/okimdil/Library/Application Support/google-cloud-tools-java/managed-cloud-sdk/LATEST/google-cloud-sdk.staging/platform/gsutil/VERSION'"), ('/Users/okimdil/Library/Application Support/google-cloud-tools-java/managed-cloud-sdk/LATEST/google-cloud-sdk/properties', '/Users/okimdil/Library/Application Support/google-cloud-tools-java/managed-cloud-sdk/LATEST/google-cloud-sdk.staging/properties', "[Errno 28] No space left on device: '/Users/okimdil/Library/Application Support/google-cloud-tools-java/managed-cloud-sdk/LATEST/google-cloud-sdk.staging/properties'"), ('/Users/okimdil/Library/Application Support/google-cloud-tools-java/managed-cloud-sdk/LATEST/google-cloud-sdk/README', '/Users/okimdil/Library/Application Support/google-cloud-tools-java/managed-cloud-sdk/LATEST/google-cloud-sdk.staging/README', "[Errno 28] No space left on device: '/Users/okimdil/Library/Application Support/google-cloud-tools-java/managed-cloud-sdk/LATEST/google-cloud-sdk.staging/README'"), ('/Users/okimdil/Library/Application Support/google-cloud-tools-java/managed-cloud-sdk/LATEST/google-cloud-sdk/RELEASE_NOTES', '/Users/okimdil/Library/Application Support/google-cloud-tools-java/managed-cloud-sdk/LATEST/google-cloud-sdk.staging/RELEASE_NOTES', "[Errno 28] No space left on device: '/Users/okimdil/Library/Application Support/google-cloud-tools-java/managed-cloud-sdk/LATEST/google-cloud-sdk.staging/RELEASE_NOTES'"), ('/Users/okimdil/Library/Application Support/google-cloud-tools-java/managed-cloud-sdk/LATEST/google-cloud-sdk/rpm', '/Users/okimdil/Library/Application Support/google-cloud-tools-java/managed-cloud-sdk/LATEST/google-cloud-sdk.staging/rpm', "[Errno 28] No space left on device: '/Users/okimdil/Library/Application Support/google-cloud-tools-java/managed-cloud-sdk/LATEST/google-cloud-sdk.staging/rpm'"), ('/Users/okimdil/Library/Application Support/google-cloud-tools-java/managed-cloud-sdk/LATEST/google-cloud-sdk/VERSION', '/Users/okimdil/Library/Application Support/google-cloud-tools-java/managed-cloud-sdk/LATEST/google-cloud-sdk.staging/VERSION', "[Errno 28] No space left on device: '/Users/okimdil/Library/Application Support/google-cloud-tools-java/managed-cloud-sdk/LATEST/google-cloud-sdk.staging/VERSION'")]
Traceback (most recent call last):
  File "/Users/okimdil/Library/Application Support/google-cloud-tools-java/managed-cloud-sdk/LATEST/google-cloud-sdk/lib/googlecloudsdk/calliope/cli.py", line 982, in Execute
    resources = calliope_command.Run(cli=self, args=args)
  File "/Users/okimdil/Library/Application Support/google-cloud-tools-java/managed-cloud-sdk/LATEST/google-cloud-sdk/lib/googlecloudsdk/calliope/backend.py", line 809, in Run
    resources = command_instance.Run(args)
  File "/Users/okimdil/Library/Application Support/google-cloud-tools-java/managed-cloud-sdk/LATEST/google-cloud-sdk/lib/surface/components/install.py", line 84, in Run
    args.component_ids, allow_no_backup=args.allow_no_backup)
  File "/Users/okimdil/Library/Application Support/google-cloud-tools-java/managed-cloud-sdk/LATEST/google-cloud-sdk/lib/googlecloudsdk/core/updater/update_manager.py", line 897, in Install
    restart_args=restart_args)
  File "/Users/okimdil/Library/Application Support/google-cloud-tools-java/managed-cloud-sdk/LATEST/google-cloud-sdk/lib/googlecloudsdk/core/updater/update_manager.py", line 1023, in Update
    staging_state = install_state.CloneToStaging(pb.SetProgress)
  File "/Users/okimdil/Library/Application Support/google-cloud-tools-java/managed-cloud-sdk/LATEST/google-cloud-sdk/lib/googlecloudsdk/core/updater/local_state.py", line 104, in _TryFunc
    return func(*args, **kwargs)
  File "/Users/okimdil/Library/Application Support/google-cloud-tools-java/managed-cloud-sdk/LATEST/google-cloud-sdk/lib/googlecloudsdk/core/updater/local_state.py", line 337, in CloneToStaging
    ignore=ticker)
  File "/usr/local/bin/../../../Library/Frameworks/Python.framework/Versions/3.7/lib/python3.7/shutil.py", line 368, in copytree
    raise Error(errors)
shutil.Error: [('/Users/okimdil/Library/Application Support/google-cloud-tools-java/managed-cloud-sdk/LATEST/google-cloud-sdk/platform/gsutil/gslib/vendored/boto/tests/integration/s3/test_key.py', '/Users/okimdil/Library/Application Support/google-cloud-tools-java/managed-cloud-sdk/LATEST/google-cloud-sdk.staging/platform/gsutil/gslib/vendored/boto/tests/integration/s3/test_key.py', "[Errno 28] No space left on device: '/Users/okimdil/Library/Application Support/google-cloud-tools-java/managed-cloud-sdk/LATEST/google-cloud-sdk.staging/platform/gsutil/gslib/vendored/boto/tests/integration/s3/test_key.py'"), ('/Users/okimdil/Library/Application Support/google-cloud-tools-java/managed-cloud-sdk/LATEST/google-cloud-sdk/platform/gsutil/gslib/vendored/boto/tests/integration/s3/test_mfa.py', '/Users/okimdil/Library/Application Support/google-cloud-tools-java/managed-cloud-sdk/LATEST/google-cloud-sdk.staging/platform/gsutil/gslib/vendored/boto/tests/integration/s3/test_mfa.py', "[Errno 28] No space left on device: '/Users/okimdil/Library/Application Support/google-cloud-tools-java/managed-cloud-sdk/LATEST/google-cloud-sdk.staging/platform/gsutil/gslib/vendored/boto/tests/integration/s3/test_mfa.py'"), ('/Users/okimdil/Library/Application Support/google-cloud-tools-java/managed-cloud-sdk/LATEST/google-cloud-sdk/platform/gsutil/gslib/vendored/boto/tests/integration/s3/test_multidelete.py', '/Users/okimdil/Library/Application Support/google-cloud-tools-java/managed-cloud-sdk/LATEST/google-cloud-sdk.staging/platform/gsutil/gslib/vendored/boto/tests/integration/s3/test_multidelete.py', "[Errno 28] No space left on device: '/Users/okimdil/Library/Application Support/google-cloud-tools-java/managed-cloud-sdk/LATEST/google-cloud-sdk.staging/platform/gsutil/gslib/vendored/boto/tests/integration/s3/test_multidelete.py'"), ('/Users/okimdil/Library/Application Support/google-cloud-tools-java/managed-cloud-sdk/LATEST/google-cloud-sdk/platform/gsutil/gslib/vendored/boto/tests/integration/s3/test_multipart.py', '/Users/okimdil/Library/Application Support/google-cloud-tools-java/managed-cloud-sdk/LATEST/google-cloud-sdk.staging/platform/gsutil/gslib/vendored/boto/tests/integration/s3/test_multipart.py', "[Errno 28] No space left on device: '/Users/okimdil/Library/Application Support/google-cloud-tools-java/managed-cloud-sdk/LATEST/google-cloud-sdk.staging/platform/gsutil/gslib/vendored/boto/tests/integration/s3/test_multipart.py'"), ('/Users/okimdil/Library/Application Support/google-cloud-tools-java/managed-cloud-sdk/LATEST/google-cloud-sdk/platform/gsutil/gslib/vendored/boto/tests/integration/s3/test_pool.py', '/Users/okimdil/Library/Application Support/google-cloud-tools-java/managed-cloud-sdk/LATEST/google-cloud-sdk.staging/platform/gsutil/gslib/vendored/boto/tests/integration/s3/test_pool.py', "[Errno 28] No space left on device: '/Users/okimdil/Library/Application Support/google-cloud-tools-java/managed-cloud-sdk/LATEST/google-cloud-sdk.staging/platform/gsutil/gslib/vendored/boto/tests/integration/s3/test_pool.py'"), ('/Users/okimdil/Library/Application Support/google-cloud-tools-java/managed-cloud-sdk/LATEST/google-cloud-sdk/platform/gsutil/gslib/vendored/boto/tests/integration/s3/test_versioning.py', '/Users/okimdil/Library/Application Support/google-cloud-tools-java/managed-cloud-sdk/LATEST/google-cloud-sdk.staging/platform/gsutil/gslib/vendored/boto/tests/integration/s3/test_versioning.py', "[Errno 28] No space left on device: '/Users/okimdil/Library/Application Support/google-cloud-tools-java/managed-cloud-sdk/LATEST/google-cloud-sdk.staging/platform/gsutil/gslib/vendored/boto/tests/integration/s3/test_versioning.py'"), ('/Users/okimdil/Library/Application Support/google-cloud-tools-java/managed-cloud-sdk/LATEST/google-cloud-sdk/platform/gsutil/gslib/vendored/boto/tests/integration/sdb', '/Users/okimdil/Library/Application Support/google-cloud-tools-java/managed-cloud-sdk/LATEST/google-cloud-sdk.staging/platform/gsutil/gslib/vendored/boto/tests/integration/sdb', "[Errno 28] No space left on device: '/Users/okimdil/Library/Application Support/google-cloud-tools-java/managed-cloud-sdk/LATEST/google-cloud-sdk.staging/platform/gsutil/gslib/vendored/boto/tests/integration/sdb'"), ('/Users/okimdil/Library/Application Support/google-cloud-tools-java/managed-cloud-sdk/LATEST/google-cloud-sdk/platform/gsutil/gslib/vendored/boto/tests/integration/ses', '/Users/okimdil/Library/Application Support/google-cloud-tools-java/managed-cloud-sdk/LATEST/google-cloud-sdk.staging/platform/gsutil/gslib/vendored/boto/tests/integration/ses', "[Errno 28] No space left on device: '/Users/okimdil/Library/Application Support/google-cloud-tools-java/managed-cloud-sdk/LATEST/google-cloud-sdk.staging/platform/gsutil/gslib/vendored/boto/tests/integration/ses'"), ('/Users/okimdil/Library/Application Support/google-cloud-tools-java/managed-cloud-sdk/LATEST/google-cloud-sdk/platform/gsutil/gslib/vendored/boto/tests/integration/sns', '/Users/okimdil/Library/Application Support/google-cloud-tools-java/managed-cloud-sdk/LATEST/google-cloud-sdk.staging/platform/gsutil/gslib/vendored/boto/tests/integration/sns', "[Errno 28] No space left on device: '/Users/okimdil/Library/Application Support/google-cloud-tools-java/managed-cloud-sdk/LATEST/google-cloud-sdk.staging/platform/gsutil/gslib/vendored/boto/tests/integration/sns'"), ('/Users/okimdil/Library/Application Support/google-cloud-tools-java/managed-cloud-sdk/LATEST/google-cloud-sdk/platform/gsutil/gslib/vendored/boto/tests/integration/sqs', '/Users/okimdil/Library/Application Support/google-cloud-tools-java/managed-cloud-sdk/LATEST/google-cloud-sdk.staging/platform/gsutil/gslib/vendored/boto/tests/integration/sqs', "[Errno 28] No space left on device: '/Users/okimdil/Library/Application Support/google-cloud-tools-java/managed-cloud-sdk/LATEST/google-cloud-sdk.staging/platform/gsutil/gslib/vendored/boto/tests/integration/sqs'"), ('/Users/okimdil/Library/Application Support/google-cloud-tools-java/managed-cloud-sdk/LATEST/google-cloud-sdk/platform/gsutil/gslib/vendored/boto/tests/integration/storage_uri', '/Users/okimdil/Library/Application Support/google-cloud-tools-java/managed-cloud-sdk/LATEST/google-cloud-sdk.staging/platform/gsutil/gslib/vendored/boto/tests/integration/storage_uri', "[Errno 28] No space left on device: '/Users/okimdil/Library/Application Support/google-cloud-tools-java/managed-cloud-sdk/LATEST/google-cloud-sdk.staging/platform/gsutil/gslib/vendored/boto/tests/integration/storage_uri'"), ('/Users/okimdil/Library/Application Support/google-cloud-tools-java/managed-cloud-sdk/LATEST/google-cloud-sdk/platform/gsutil/gslib/vendored/boto/tests/integration/sts', '/Users/okimdil/Library/Application Support/google-cloud-tools-java/managed-cloud-sdk/LATEST/google-cloud-sdk.staging/platform/gsutil/gslib/vendored/boto/tests/integration/sts', "[Errno 28] No space left on device: '/Users/okimdil/Library/Application Support/google-cloud-tools-java/managed-cloud-sdk/LATEST/google-cloud-sdk.staging/platform/gsutil/gslib/vendored/boto/tests/integration/sts'"), ('/Users/okimdil/Library/Application Support/google-cloud-tools-java/managed-cloud-sdk/LATEST/google-cloud-sdk/platform/gsutil/gslib/vendored/boto/tests/integration/support', '/Users/okimdil/Library/Application Support/google-cloud-tools-java/managed-cloud-sdk/LATEST/google-cloud-sdk.staging/platform/gsutil/gslib/vendored/boto/tests/integration/support', "[Errno 28] No space left on device: '/Users/okimdil/Library/Application Support/google-cloud-tools-java/managed-cloud-sdk/LATEST/google-cloud-sdk.staging/platform/gsutil/gslib/vendored/boto/tests/integration/support'"), ('/Users/okimdil/Library/Application Support/google-cloud-tools-java/managed-cloud-sdk/LATEST/google-cloud-sdk/platform/gsutil/gslib/vendored/boto/tests/integration/swf', '/Users/okimdil/Library/Application Support/google-cloud-tools-java/managed-cloud-sdk/LATEST/google-cloud-sdk.staging/platform/gsutil/gslib/vendored/boto/tests/integration/swf', "[Errno 28] No space left on device: '/Users/okimdil/Library/Application Support/google-cloud-tools-java/managed-cloud-sdk/LATEST/google-cloud-sdk.staging/platform/gsutil/gslib/vendored/boto/tests/integration/swf'"), ('/Users/okimdil/Library/Application Support/google-cloud-tools-java/managed-cloud-sdk/LATEST/google-cloud-sdk/platform/gsutil/gslib/vendored/boto/tests/mturk', '/Users/okimdil/Library/Application Support/google-cloud-tools-java/managed-cloud-sdk/LATEST/google-cloud-sdk.staging/platform/gsutil/gslib/vendored/boto/tests/mturk', "[Errno 28] No space left on device: '/Users/okimdil/Library/Application Support/google-cloud-tools-java/managed-cloud-sdk/LATEST/google-cloud-sdk.staging/platform/gsutil/gslib/vendored/boto/tests/mturk'"), ('/Users/okimdil/Library/Application Support/google-cloud-tools-java/managed-cloud-sdk/LATEST/google-cloud-sdk/platform/gsutil/gslib/vendored/boto/tests/test.py', '/Users/okimdil/Library/Application Support/google-cloud-tools-java/managed-cloud-sdk/LATEST/google-cloud-sdk.staging/platform/gsutil/gslib/vendored/boto/tests/test.py', "[Errno 28] No space left on device: '/Users/okimdil/Library/Application Support/google-cloud-tools-java/managed-cloud-sdk/LATEST/google-cloud-sdk.staging/platform/gsutil/gslib/vendored/boto/tests/test.py'"), ('/Users/okimdil/Library/Application Support/google-cloud-tools-java/managed-cloud-sdk/LATEST/google-cloud-sdk/platform/gsutil/gslib/vendored/boto/tests/unit', '/Users/okimdil/Library/Application Support/google-cloud-tools-java/managed-cloud-sdk/LATEST/google-cloud-sdk.staging/platform/gsutil/gslib/vendored/boto/tests/unit', "[Errno 28] No space left on device: '/Users/okimdil/Library/Application Support/google-cloud-tools-java/managed-cloud-sdk/LATEST/google-cloud-sdk.staging/platform/gsutil/gslib/vendored/boto/tests/unit'"), ('/Users/okimdil/Library/Application Support/google-cloud-tools-java/managed-cloud-sdk/LATEST/google-cloud-sdk/platform/gsutil/gslib/vendored/boto/tox.ini', '/Users/okimdil/Library/Application Support/google-cloud-tools-java/managed-cloud-sdk/LATEST/google-cloud-sdk.staging/platform/gsutil/gslib/vendored/boto/tox.ini', "[Errno 28] No space left on device: '/Users/okimdil/Library/Application Support/google-cloud-tools-java/managed-cloud-sdk/LATEST/google-cloud-sdk.staging/platform/gsutil/gslib/vendored/boto/tox.ini'"), ('/Users/okimdil/Library/Application Support/google-cloud-tools-java/managed-cloud-sdk/LATEST/google-cloud-sdk/platform/gsutil/gslib/vendored/oauth2client', '/Users/okimdil/Library/Application Support/google-cloud-tools-java/managed-cloud-sdk/LATEST/google-cloud-sdk.staging/platform/gsutil/gslib/vendored/oauth2client', "[Errno 28] No space left on device: '/Users/okimdil/Library/Application Support/google-cloud-tools-java/managed-cloud-sdk/LATEST/google-cloud-sdk.staging/platform/gsutil/gslib/vendored/oauth2client'"), ('/Users/okimdil/Library/Application Support/google-cloud-tools-java/managed-cloud-sdk/LATEST/google-cloud-sdk/platform/gsutil/gslib/wildcard_iterator.py', '/Users/okimdil/Library/Application Support/google-cloud-tools-java/managed-cloud-sdk/LATEST/google-cloud-sdk.staging/platform/gsutil/gslib/wildcard_iterator.py', "[Errno 28] No space left on device: '/Users/okimdil/Library/Application Support/google-cloud-tools-java/managed-cloud-sdk/LATEST/google-cloud-sdk.staging/platform/gsutil/gslib/wildcard_iterator.py'"), ('/Users/okimdil/Library/Application Support/google-cloud-tools-java/managed-cloud-sdk/LATEST/google-cloud-sdk/platform/gsutil/gsutil', '/Users/okimdil/Library/Application Support/google-cloud-tools-java/managed-cloud-sdk/LATEST/google-cloud-sdk.staging/platform/gsutil/gsutil', "[Errno 28] No space left on device: '/Users/okimdil/Library/Application Support/google-cloud-tools-java/managed-cloud-sdk/LATEST/google-cloud-sdk.staging/platform/gsutil/gsutil'"), ('/Users/okimdil/Library/Application Support/google-cloud-tools-java/managed-cloud-sdk/LATEST/google-cloud-sdk/platform/gsutil/gsutil.py', '/Users/okimdil/Library/Application Support/google-cloud-tools-java/managed-cloud-sdk/LATEST/google-cloud-sdk.staging/platform/gsutil/gsutil.py', "[Errno 28] No space left on device: '/Users/okimdil/Library/Application Support/google-cloud-tools-java/managed-cloud-sdk/LATEST/google-cloud-sdk.staging/platform/gsutil/gsutil.py'"), ('/Users/okimdil/Library/Application Support/google-cloud-tools-java/managed-cloud-sdk/LATEST/google-cloud-sdk/platform/gsutil/LICENSE', '/Users/okimdil/Library/Application Support/google-cloud-tools-java/managed-cloud-sdk/LATEST/google-cloud-sdk.staging/platform/gsutil/LICENSE', "[Errno 28] No space left on device: '/Users/okimdil/Library/Application Support/google-cloud-tools-java/managed-cloud-sdk/LATEST/google-cloud-sdk.staging/platform/gsutil/LICENSE'"), ('/Users/okimdil/Library/Application Support/google-cloud-tools-java/managed-cloud-sdk/LATEST/google-cloud-sdk/platform/gsutil/MANIFEST.in', '/Users/okimdil/Library/Application Support/google-cloud-tools-java/managed-cloud-sdk/LATEST/google-cloud-sdk.staging/platform/gsutil/MANIFEST.in', "[Errno 28] No space left on device: '/Users/okimdil/Library/Application Support/google-cloud-tools-java/managed-cloud-sdk/LATEST/google-cloud-sdk.staging/platform/gsutil/MANIFEST.in'"), ('/Users/okimdil/Library/Application Support/google-cloud-tools-java/managed-cloud-sdk/LATEST/google-cloud-sdk/platform/gsutil/README.md', '/Users/okimdil/Library/Application Support/google-cloud-tools-java/managed-cloud-sdk/LATEST/google-cloud-sdk.staging/platform/gsutil/README.md', "[Errno 28] No space left on device: '/Users/okimdil/Library/Application Support/google-cloud-tools-java/managed-cloud-sdk/LATEST/google-cloud-sdk.staging/platform/gsutil/README.md'"), ('/Users/okimdil/Library/Application Support/google-cloud-tools-java/managed-cloud-sdk/LATEST/google-cloud-sdk/platform/gsutil/setup.py', '/Users/okimdil/Library/Application Support/google-cloud-tools-java/managed-cloud-sdk/LATEST/google-cloud-sdk.staging/platform/gsutil/setup.py', "[Errno 28] No space left on device: '/Users/okimdil/Library/Application Support/google-cloud-tools-java/managed-cloud-sdk/LATEST/google-cloud-sdk.staging/platform/gsutil/setup.py'"), ('/Users/okimdil/Library/Application Support/google-cloud-tools-java/managed-cloud-sdk/LATEST/google-cloud-sdk/platform/gsutil/third_party', '/Users/okimdil/Library/Application Support/google-cloud-tools-java/managed-cloud-sdk/LATEST/google-cloud-sdk.staging/platform/gsutil/third_party', "[Errno 28] No space left on device: '/Users/okimdil/Library/Application Support/google-cloud-tools-java/managed-cloud-sdk/LATEST/google-cloud-sdk.staging/platform/gsutil/third_party'"), ('/Users/okimdil/Library/Application Support/google-cloud-tools-java/managed-cloud-sdk/LATEST/google-cloud-sdk/platform/gsutil/VERSION', '/Users/okimdil/Library/Application Support/google-cloud-tools-java/managed-cloud-sdk/LATEST/google-cloud-sdk.staging/platform/gsutil/VERSION', "[Errno 28] No space left on device: '/Users/okimdil/Library/Application Support/google-cloud-tools-java/managed-cloud-sdk/LATEST/google-cloud-sdk.staging/platform/gsutil/VERSION'"), ('/Users/okimdil/Library/Application Support/google-cloud-tools-java/managed-cloud-sdk/LATEST/google-cloud-sdk/properties', '/Users/okimdil/Library/Application Support/google-cloud-tools-java/managed-cloud-sdk/LATEST/google-cloud-sdk.staging/properties', "[Errno 28] No space left on device: '/Users/okimdil/Library/Application Support/google-cloud-tools-java/managed-cloud-sdk/LATEST/google-cloud-sdk.staging/properties'"), ('/Users/okimdil/Library/Application Support/google-cloud-tools-java/managed-cloud-sdk/LATEST/google-cloud-sdk/README', '/Users/okimdil/Library/Application Support/google-cloud-tools-java/managed-cloud-sdk/LATEST/google-cloud-sdk.staging/README', "[Errno 28] No space left on device: '/Users/okimdil/Library/Application Support/google-cloud-tools-java/managed-cloud-sdk/LATEST/google-cloud-sdk.staging/README'"), ('/Users/okimdil/Library/Application Support/google-cloud-tools-java/managed-cloud-sdk/LATEST/google-cloud-sdk/RELEASE_NOTES', '/Users/okimdil/Library/Application Support/google-cloud-tools-java/managed-cloud-sdk/LATEST/google-cloud-sdk.staging/RELEASE_NOTES', "[Errno 28] No space left on device: '/Users/okimdil/Library/Application Support/google-cloud-tools-java/managed-cloud-sdk/LATEST/google-cloud-sdk.staging/RELEASE_NOTES'"), ('/Users/okimdil/Library/Application Support/google-cloud-tools-java/managed-cloud-sdk/LATEST/google-cloud-sdk/rpm', '/Users/okimdil/Library/Application Support/google-cloud-tools-java/managed-cloud-sdk/LATEST/google-cloud-sdk.staging/rpm', "[Errno 28] No space left on device: '/Users/okimdil/Library/Application Support/google-cloud-tools-java/managed-cloud-sdk/LATEST/google-cloud-sdk.staging/rpm'"), ('/Users/okimdil/Library/Application Support/google-cloud-tools-java/managed-cloud-sdk/LATEST/google-cloud-sdk/VERSION', '/Users/okimdil/Library/Application Support/google-cloud-tools-java/managed-cloud-sdk/LATEST/google-cloud-sdk.staging/VERSION', "[Errno 28] No space left on device: '/Users/okimdil/Library/Application Support/google-cloud-tools-java/managed-cloud-sdk/LATEST/google-cloud-sdk.staging/VERSION'")]
2021-04-11 17:03:01,905 ERROR    ___FILE_ONLY___ BEGIN CRASH STACKTRACE
Traceback (most recent call last):
  File "/Users/okimdil/Library/Application Support/google-cloud-tools-java/managed-cloud-sdk/LATEST/google-cloud-sdk/lib/googlecloudsdk/command_lib/crash_handling.py", line 190, in Wrapper
    target_function(*args, **kwargs)
  File "/Users/okimdil/Library/Application Support/google-cloud-tools-java/managed-cloud-sdk/LATEST/google-cloud-sdk/lib/googlecloudsdk/gcloud_main.py", line 174, in main
    gcloud_cli.Execute()
  File "/Users/okimdil/Library/Application Support/google-cloud-tools-java/managed-cloud-sdk/LATEST/google-cloud-sdk/lib/googlecloudsdk/calliope/cli.py", line 1008, in Execute
    self._HandleAllErrors(exc, command_path_string, specified_arg_names)
  File "/Users/okimdil/Library/Application Support/google-cloud-tools-java/managed-cloud-sdk/LATEST/google-cloud-sdk/lib/googlecloudsdk/calliope/cli.py", line 1045, in _HandleAllErrors
    exceptions.HandleError(exc, command_path_string, self.__known_error_handler)
  File "/Users/okimdil/Library/Application Support/google-cloud-tools-java/managed-cloud-sdk/LATEST/google-cloud-sdk/lib/googlecloudsdk/calliope/exceptions.py", line 551, in HandleError
    core_exceptions.reraise(exc)
  File "/Users/okimdil/Library/Application Support/google-cloud-tools-java/managed-cloud-sdk/LATEST/google-cloud-sdk/lib/googlecloudsdk/core/exceptions.py", line 146, in reraise
    six.reraise(type(exc_value), exc_value, tb)
  File "/Users/okimdil/Library/Application Support/google-cloud-tools-java/managed-cloud-sdk/LATEST/google-cloud-sdk/lib/third_party/six/__init__.py", line 693, in reraise
    raise value
  File "/Users/okimdil/Library/Application Support/google-cloud-tools-java/managed-cloud-sdk/LATEST/google-cloud-sdk/lib/googlecloudsdk/calliope/cli.py", line 982, in Execute
    resources = calliope_command.Run(cli=self, args=args)
  File "/Users/okimdil/Library/Application Support/google-cloud-tools-java/managed-cloud-sdk/LATEST/google-cloud-sdk/lib/googlecloudsdk/calliope/backend.py", line 809, in Run
    resources = command_instance.Run(args)
  File "/Users/okimdil/Library/Application Support/google-cloud-tools-java/managed-cloud-sdk/LATEST/google-cloud-sdk/lib/surface/components/install.py", line 84, in Run
    args.component_ids, allow_no_backup=args.allow_no_backup)
  File "/Users/okimdil/Library/Application Support/google-cloud-tools-java/managed-cloud-sdk/LATEST/google-cloud-sdk/lib/googlecloudsdk/core/updater/update_manager.py", line 897, in Install
    restart_args=restart_args)
  File "/Users/okimdil/Library/Application Support/google-cloud-tools-java/managed-cloud-sdk/LATEST/google-cloud-sdk/lib/googlecloudsdk/core/updater/update_manager.py", line 1023, in Update
    staging_state = install_state.CloneToStaging(pb.SetProgress)
  File "/Users/okimdil/Library/Application Support/google-cloud-tools-java/managed-cloud-sdk/LATEST/google-cloud-sdk/lib/googlecloudsdk/core/updater/local_state.py", line 104, in _TryFunc
    return func(*args, **kwargs)
  File "/Users/okimdil/Library/Application Support/google-cloud-tools-java/managed-cloud-sdk/LATEST/google-cloud-sdk/lib/googlecloudsdk/core/updater/local_state.py", line 337, in CloneToStaging
    ignore=ticker)
  File "/usr/local/bin/../../../Library/Frameworks/Python.framework/Versions/3.7/lib/python3.7/shutil.py", line 368, in copytree
    raise Error(errors)
shutil.Error: [('/Users/okimdil/Library/Application Support/google-cloud-tools-java/managed-cloud-sdk/LATEST/google-cloud-sdk/platform/gsutil/gslib/vendored/boto/tests/integration/s3/test_key.py', '/Users/okimdil/Library/Application Support/google-cloud-tools-java/managed-cloud-sdk/LATEST/google-cloud-sdk.staging/platform/gsutil/gslib/vendored/boto/tests/integration/s3/test_key.py', "[Errno 28] No space left on device: '/Users/okimdil/Library/Application Support/google-cloud-tools-java/managed-cloud-sdk/LATEST/google-cloud-sdk.staging/platform/gsutil/gslib/vendored/boto/tests/integration/s3/test_key.py'"), ('/Users/okimdil/Library/Application Support/google-cloud-tools-java/managed-cloud-sdk/LATEST/google-cloud-sdk/platform/gsutil/gslib/vendored/boto/tests/integration/s3/test_mfa.py', '/Users/okimdil/Library/Application Support/google-cloud-tools-java/managed-cloud-sdk/LATEST/google-cloud-sdk.staging/platform/gsutil/gslib/vendored/boto/tests/integration/s3/test_mfa.py', "[Errno 28] No space left on device: '/Users/okimdil/Library/Application Support/google-cloud-tools-java/managed-cloud-sdk/LATEST/google-cloud-sdk.staging/platform/gsutil/gslib/vendored/boto/tests/integration/s3/test_mfa.py'"), ('/Users/okimdil/Library/Application Support/google-cloud-tools-java/managed-cloud-sdk/LATEST/google-cloud-sdk/platform/gsutil/gslib/vendored/boto/tests/integration/s3/test_multidelete.py', '/Users/okimdil/Library/Application Support/google-cloud-tools-java/managed-cloud-sdk/LATEST/google-cloud-sdk.staging/platform/gsutil/gslib/vendored/boto/tests/integration/s3/test_multidelete.py', "[Errno 28] No space left on device: '/Users/okimdil/Library/Application Support/google-cloud-tools-java/managed-cloud-sdk/LATEST/google-cloud-sdk.staging/platform/gsutil/gslib/vendored/boto/tests/integration/s3/test_multidelete.py'"), ('/Users/okimdil/Library/Application Support/google-cloud-tools-java/managed-cloud-sdk/LATEST/google-cloud-sdk/platform/gsutil/gslib/vendored/boto/tests/integration/s3/test_multipart.py', '/Users/okimdil/Library/Application Support/google-cloud-tools-java/managed-cloud-sdk/LATEST/google-cloud-sdk.staging/platform/gsutil/gslib/vendored/boto/tests/integration/s3/test_multipart.py', "[Errno 28] No space left on device: '/Users/okimdil/Library/Application Support/google-cloud-tools-java/managed-cloud-sdk/LATEST/google-cloud-sdk.staging/platform/gsutil/gslib/vendored/boto/tests/integration/s3/test_multipart.py'"), ('/Users/okimdil/Library/Application Support/google-cloud-tools-java/managed-cloud-sdk/LATEST/google-cloud-sdk/platform/gsutil/gslib/vendored/boto/tests/integration/s3/test_pool.py', '/Users/okimdil/Library/Application Support/google-cloud-tools-java/managed-cloud-sdk/LATEST/google-cloud-sdk.staging/platform/gsutil/gslib/vendored/boto/tests/integration/s3/test_pool.py', "[Errno 28] No space left on device: '/Users/okimdil/Library/Application Support/google-cloud-tools-java/managed-cloud-sdk/LATEST/google-cloud-sdk.staging/platform/gsutil/gslib/vendored/boto/tests/integration/s3/test_pool.py'"), ('/Users/okimdil/Library/Application Support/google-cloud-tools-java/managed-cloud-sdk/LATEST/google-cloud-sdk/platform/gsutil/gslib/vendored/boto/tests/integration/s3/test_versioning.py', '/Users/okimdil/Library/Application Support/google-cloud-tools-java/managed-cloud-sdk/LATEST/google-cloud-sdk.staging/platform/gsutil/gslib/vendored/boto/tests/integration/s3/test_versioning.py', "[Errno 28] No space left on device: '/Users/okimdil/Library/Application Support/google-cloud-tools-java/managed-cloud-sdk/LATEST/google-cloud-sdk.staging/platform/gsutil/gslib/vendored/boto/tests/integration/s3/test_versioning.py'"), ('/Users/okimdil/Library/Application Support/google-cloud-tools-java/managed-cloud-sdk/LATEST/google-cloud-sdk/platform/gsutil/gslib/vendored/boto/tests/integration/sdb', '/Users/okimdil/Library/Application Support/google-cloud-tools-java/managed-cloud-sdk/LATEST/google-cloud-sdk.staging/platform/gsutil/gslib/vendored/boto/tests/integration/sdb', "[Errno 28] No space left on device: '/Users/okimdil/Library/Application Support/google-cloud-tools-java/managed-cloud-sdk/LATEST/google-cloud-sdk.staging/platform/gsutil/gslib/vendored/boto/tests/integration/sdb'"), ('/Users/okimdil/Library/Application Support/google-cloud-tools-java/managed-cloud-sdk/LATEST/google-cloud-sdk/platform/gsutil/gslib/vendored/boto/tests/integration/ses', '/Users/okimdil/Library/Application Support/google-cloud-tools-java/managed-cloud-sdk/LATEST/google-cloud-sdk.staging/platform/gsutil/gslib/vendored/boto/tests/integration/ses', "[Errno 28] No space left on device: '/Users/okimdil/Library/Application Support/google-cloud-tools-java/managed-cloud-sdk/LATEST/google-cloud-sdk.staging/platform/gsutil/gslib/vendored/boto/tests/integration/ses'"), ('/Users/okimdil/Library/Application Support/google-cloud-tools-java/managed-cloud-sdk/LATEST/google-cloud-sdk/platform/gsutil/gslib/vendored/boto/tests/integration/sns', '/Users/okimdil/Library/Application Support/google-cloud-tools-java/managed-cloud-sdk/LATEST/google-cloud-sdk.staging/platform/gsutil/gslib/vendored/boto/tests/integration/sns', "[Errno 28] No space left on device: '/Users/okimdil/Library/Application Support/google-cloud-tools-java/managed-cloud-sdk/LATEST/google-cloud-sdk.staging/platform/gsutil/gslib/vendored/boto/tests/integration/sns'"), ('/Users/okimdil/Library/Application Support/google-cloud-tools-java/managed-cloud-sdk/LATEST/google-cloud-sdk/platform/gsutil/gslib/vendored/boto/tests/integration/sqs', '/Users/okimdil/Library/Application Support/google-cloud-tools-java/managed-cloud-sdk/LATEST/google-cloud-sdk.staging/platform/gsutil/gslib/vendored/boto/tests/integration/sqs', "[Errno 28] No space left on device: '/Users/okimdil/Library/Application Support/google-cloud-tools-java/managed-cloud-sdk/LATEST/google-cloud-sdk.staging/platform/gsutil/gslib/vendored/boto/tests/integration/sqs'"), ('/Users/okimdil/Library/Application Support/google-cloud-tools-java/managed-cloud-sdk/LATEST/google-cloud-sdk/platform/gsutil/gslib/vendored/boto/tests/integration/storage_uri', '/Users/okimdil/Library/Application Support/google-cloud-tools-java/managed-cloud-sdk/LATEST/google-cloud-sdk.staging/platform/gsutil/gslib/vendored/boto/tests/integration/storage_uri', "[Errno 28] No space left on device: '/Users/okimdil/Library/Application Support/google-cloud-tools-java/managed-cloud-sdk/LATEST/google-cloud-sdk.staging/platform/gsutil/gslib/vendored/boto/tests/integration/storage_uri'"), ('/Users/okimdil/Library/Application Support/google-cloud-tools-java/managed-cloud-sdk/LATEST/google-cloud-sdk/platform/gsutil/gslib/vendored/boto/tests/integration/sts', '/Users/okimdil/Library/Application Support/google-cloud-tools-java/managed-cloud-sdk/LATEST/google-cloud-sdk.staging/platform/gsutil/gslib/vendored/boto/tests/integration/sts', "[Errno 28] No space left on device: '/Users/okimdil/Library/Application Support/google-cloud-tools-java/managed-cloud-sdk/LATEST/google-cloud-sdk.staging/platform/gsutil/gslib/vendored/boto/tests/integration/sts'"), ('/Users/okimdil/Library/Application Support/google-cloud-tools-java/managed-cloud-sdk/LATEST/google-cloud-sdk/platform/gsutil/gslib/vendored/boto/tests/integration/support', '/Users/okimdil/Library/Application Support/google-cloud-tools-java/managed-cloud-sdk/LATEST/google-cloud-sdk.staging/platform/gsutil/gslib/vendored/boto/tests/integration/support', "[Errno 28] No space left on device: '/Users/okimdil/Library/Application Support/google-cloud-tools-java/managed-cloud-sdk/LATEST/google-cloud-sdk.staging/platform/gsutil/gslib/vendored/boto/tests/integration/support'"), ('/Users/okimdil/Library/Application Support/google-cloud-tools-java/managed-cloud-sdk/LATEST/google-cloud-sdk/platform/gsutil/gslib/vendored/boto/tests/integration/swf', '/Users/okimdil/Library/Application Support/google-cloud-tools-java/managed-cloud-sdk/LATEST/google-cloud-sdk.staging/platform/gsutil/gslib/vendored/boto/tests/integration/swf', "[Errno 28] No space left on device: '/Users/okimdil/Library/Application Support/google-cloud-tools-java/managed-cloud-sdk/LATEST/google-cloud-sdk.staging/platform/gsutil/gslib/vendored/boto/tests/integration/swf'"), ('/Users/okimdil/Library/Application Support/google-cloud-tools-java/managed-cloud-sdk/LATEST/google-cloud-sdk/platform/gsutil/gslib/vendored/boto/tests/mturk', '/Users/okimdil/Library/Application Support/google-cloud-tools-java/managed-cloud-sdk/LATEST/google-cloud-sdk.staging/platform/gsutil/gslib/vendored/boto/tests/mturk', "[Errno 28] No space left on device: '/Users/okimdil/Library/Application Support/google-cloud-tools-java/managed-cloud-sdk/LATEST/google-cloud-sdk.staging/platform/gsutil/gslib/vendored/boto/tests/mturk'"), ('/Users/okimdil/Library/Application Support/google-cloud-tools-java/managed-cloud-sdk/LATEST/google-cloud-sdk/platform/gsutil/gslib/vendored/boto/tests/test.py', '/Users/okimdil/Library/Application Support/google-cloud-tools-java/managed-cloud-sdk/LATEST/google-cloud-sdk.staging/platform/gsutil/gslib/vendored/boto/tests/test.py', "[Errno 28] No space left on device: '/Users/okimdil/Library/Application Support/google-cloud-tools-java/managed-cloud-sdk/LATEST/google-cloud-sdk.staging/platform/gsutil/gslib/vendored/boto/tests/test.py'"), ('/Users/okimdil/Library/Application Support/google-cloud-tools-java/managed-cloud-sdk/LATEST/google-cloud-sdk/platform/gsutil/gslib/vendored/boto/tests/unit', '/Users/okimdil/Library/Application Support/google-cloud-tools-java/managed-cloud-sdk/LATEST/google-cloud-sdk.staging/platform/gsutil/gslib/vendored/boto/tests/unit', "[Errno 28] No space left on device: '/Users/okimdil/Library/Application Support/google-cloud-tools-java/managed-cloud-sdk/LATEST/google-cloud-sdk.staging/platform/gsutil/gslib/vendored/boto/tests/unit'"), ('/Users/okimdil/Library/Application Support/google-cloud-tools-java/managed-cloud-sdk/LATEST/google-cloud-sdk/platform/gsutil/gslib/vendored/boto/tox.ini', '/Users/okimdil/Library/Application Support/google-cloud-tools-java/managed-cloud-sdk/LATEST/google-cloud-sdk.staging/platform/gsutil/gslib/vendored/boto/tox.ini', "[Errno 28] No space left on device: '/Users/okimdil/Library/Application Support/google-cloud-tools-java/managed-cloud-sdk/LATEST/google-cloud-sdk.staging/platform/gsutil/gslib/vendored/boto/tox.ini'"), ('/Users/okimdil/Library/Application Support/google-cloud-tools-java/managed-cloud-sdk/LATEST/google-cloud-sdk/platform/gsutil/gslib/vendored/oauth2client', '/Users/okimdil/Library/Application Support/google-cloud-tools-java/managed-cloud-sdk/LATEST/google-cloud-sdk.staging/platform/gsutil/gslib/vendored/oauth2client', "[Errno 28] No space left on device: '/Users/okimdil/Library/Application Support/google-cloud-tools-java/managed-cloud-sdk/LATEST/google-cloud-sdk.staging/platform/gsutil/gslib/vendored/oauth2client'"), ('/Users/okimdil/Library/Application Support/google-cloud-tools-java/managed-cloud-sdk/LATEST/google-cloud-sdk/platform/gsutil/gslib/wildcard_iterator.py', '/Users/okimdil/Library/Application Support/google-cloud-tools-java/managed-cloud-sdk/LATEST/google-cloud-sdk.staging/platform/gsutil/gslib/wildcard_iterator.py', "[Errno 28] No space left on device: '/Users/okimdil/Library/Application Support/google-cloud-tools-java/managed-cloud-sdk/LATEST/google-cloud-sdk.staging/platform/gsutil/gslib/wildcard_iterator.py'"), ('/Users/okimdil/Library/Application Support/google-cloud-tools-java/managed-cloud-sdk/LATEST/google-cloud-sdk/platform/gsutil/gsutil', '/Users/okimdil/Library/Application Support/google-cloud-tools-java/managed-cloud-sdk/LATEST/google-cloud-sdk.staging/platform/gsutil/gsutil', "[Errno 28] No space left on device: '/Users/okimdil/Library/Application Support/google-cloud-tools-java/managed-cloud-sdk/LATEST/google-cloud-sdk.staging/platform/gsutil/gsutil'"), ('/Users/okimdil/Library/Application Support/google-cloud-tools-java/managed-cloud-sdk/LATEST/google-cloud-sdk/platform/gsutil/gsutil.py', '/Users/okimdil/Library/Application Support/google-cloud-tools-java/managed-cloud-sdk/LATEST/google-cloud-sdk.staging/platform/gsutil/gsutil.py', "[Errno 28] No space left on device: '/Users/okimdil/Library/Application Support/google-cloud-tools-java/managed-cloud-sdk/LATEST/google-cloud-sdk.staging/platform/gsutil/gsutil.py'"), ('/Users/okimdil/Library/Application Support/google-cloud-tools-java/managed-cloud-sdk/LATEST/google-cloud-sdk/platform/gsutil/LICENSE', '/Users/okimdil/Library/Application Support/google-cloud-tools-java/managed-cloud-sdk/LATEST/google-cloud-sdk.staging/platform/gsutil/LICENSE', "[Errno 28] No space left on device: '/Users/okimdil/Library/Application Support/google-cloud-tools-java/managed-cloud-sdk/LATEST/google-cloud-sdk.staging/platform/gsutil/LICENSE'"), ('/Users/okimdil/Library/Application Support/google-cloud-tools-java/managed-cloud-sdk/LATEST/google-cloud-sdk/platform/gsutil/MANIFEST.in', '/Users/okimdil/Library/Application Support/google-cloud-tools-java/managed-cloud-sdk/LATEST/google-cloud-sdk.staging/platform/gsutil/MANIFEST.in', "[Errno 28] No space left on device: '/Users/okimdil/Library/Application Support/google-cloud-tools-java/managed-cloud-sdk/LATEST/google-cloud-sdk.staging/platform/gsutil/MANIFEST.in'"), ('/Users/okimdil/Library/Application Support/google-cloud-tools-java/managed-cloud-sdk/LATEST/google-cloud-sdk/platform/gsutil/README.md', '/Users/okimdil/Library/Application Support/google-cloud-tools-java/managed-cloud-sdk/LATEST/google-cloud-sdk.staging/platform/gsutil/README.md', "[Errno 28] No space left on device: '/Users/okimdil/Library/Application Support/google-cloud-tools-java/managed-cloud-sdk/LATEST/google-cloud-sdk.staging/platform/gsutil/README.md'"), ('/Users/okimdil/Library/Application Support/google-cloud-tools-java/managed-cloud-sdk/LATEST/google-cloud-sdk/platform/gsutil/setup.py', '/Users/okimdil/Library/Application Support/google-cloud-tools-java/managed-cloud-sdk/LATEST/google-cloud-sdk.staging/platform/gsutil/setup.py', "[Errno 28] No space left on device: '/Users/okimdil/Library/Application Support/google-cloud-tools-java/managed-cloud-sdk/LATEST/google-cloud-sdk.staging/platform/gsutil/setup.py'"), ('/Users/okimdil/Library/Application Support/google-cloud-tools-java/managed-cloud-sdk/LATEST/google-cloud-sdk/platform/gsutil/third_party', '/Users/okimdil/Library/Application Support/google-cloud-tools-java/managed-cloud-sdk/LATEST/google-cloud-sdk.staging/platform/gsutil/third_party', "[Errno 28] No space left on device: '/Users/okimdil/Library/Application Support/google-cloud-tools-java/managed-cloud-sdk/LATEST/google-cloud-sdk.staging/platform/gsutil/third_party'"), ('/Users/okimdil/Library/Application Support/google-cloud-tools-java/managed-cloud-sdk/LATEST/google-cloud-sdk/platform/gsutil/VERSION', '/Users/okimdil/Library/Application Support/google-cloud-tools-java/managed-cloud-sdk/LATEST/google-cloud-sdk.staging/platform/gsutil/VERSION', "[Errno 28] No space left on device: '/Users/okimdil/Library/Application Support/google-cloud-tools-java/managed-cloud-sdk/LATEST/google-cloud-sdk.staging/platform/gsutil/VERSION'"), ('/Users/okimdil/Library/Application Support/google-cloud-tools-java/managed-cloud-sdk/LATEST/google-cloud-sdk/properties', '/Users/okimdil/Library/Application Support/google-cloud-tools-java/managed-cloud-sdk/LATEST/google-cloud-sdk.staging/properties', "[Errno 28] No space left on device: '/Users/okimdil/Library/Application Support/google-cloud-tools-java/managed-cloud-sdk/LATEST/google-cloud-sdk.staging/properties'"), ('/Users/okimdil/Library/Application Support/google-cloud-tools-java/managed-cloud-sdk/LATEST/google-cloud-sdk/README', '/Users/okimdil/Library/Application Support/google-cloud-tools-java/managed-cloud-sdk/LATEST/google-cloud-sdk.staging/README', "[Errno 28] No space left on device: '/Users/okimdil/Library/Application Support/google-cloud-tools-java/managed-cloud-sdk/LATEST/google-cloud-sdk.staging/README'"), ('/Users/okimdil/Library/Application Support/google-cloud-tools-java/managed-cloud-sdk/LATEST/google-cloud-sdk/RELEASE_NOTES', '/Users/okimdil/Library/Application Support/google-cloud-tools-java/managed-cloud-sdk/LATEST/google-cloud-sdk.staging/RELEASE_NOTES', "[Errno 28] No space left on device: '/Users/okimdil/Library/Application Support/google-cloud-tools-java/managed-cloud-sdk/LATEST/google-cloud-sdk.staging/RELEASE_NOTES'"), ('/Users/okimdil/Library/Application Support/google-cloud-tools-java/managed-cloud-sdk/LATEST/google-cloud-sdk/rpm', '/Users/okimdil/Library/Application Support/google-cloud-tools-java/managed-cloud-sdk/LATEST/google-cloud-sdk.staging/rpm', "[Errno 28] No space left on device: '/Users/okimdil/Library/Application Support/google-cloud-tools-java/managed-cloud-sdk/LATEST/google-cloud-sdk.staging/rpm'"), ('/Users/okimdil/Library/Application Support/google-cloud-tools-java/managed-cloud-sdk/LATEST/google-cloud-sdk/VERSION', '/Users/okimdil/Library/Application Support/google-cloud-tools-java/managed-cloud-sdk/LATEST/google-cloud-sdk.staging/VERSION', "[Errno 28] No space left on device: '/Users/okimdil/Library/Application Support/google-cloud-tools-java/managed-cloud-sdk/LATEST/google-cloud-sdk.staging/VERSION'")]
2021-04-11 17:03:01,921 ERROR    root            gcloud crashed (Error): [('/Users/okimdil/Library/Application Support/google-cloud-tools-java/managed-cloud-sdk/LATEST/google-cloud-sdk/platform/gsutil/gslib/vendored/boto/tests/integration/s3/test_key.py', '/Users/okimdil/Library/Application Support/google-cloud-tools-java/managed-cloud-sdk/LATEST/google-cloud-sdk.staging/platform/gsutil/gslib/vendored/boto/tests/integration/s3/test_key.py', "[Errno 28] No space left on device: '/Users/okimdil/Library/Application Support/google-cloud-tools-java/managed-cloud-sdk/LATEST/google-cloud-sdk.staging/platform/gsutil/gslib/vendored/boto/tests/integration/s3/test_key.py'"), ('/Users/okimdil/Library/Application Support/google-cloud-tools-java/managed-cloud-sdk/LATEST/google-cloud-sdk/platform/gsutil/gslib/vendored/boto/tests/integration/s3/test_mfa.py', '/Users/okimdil/Library/Application Support/google-cloud-tools-java/managed-cloud-sdk/LATEST/google-cloud-sdk.staging/platform/gsutil/gslib/vendored/boto/tests/integration/s3/test_mfa.py', "[Errno 28] No space left on device: '/Users/okimdil/Library/Application Support/google-cloud-tools-java/managed-cloud-sdk/LATEST/google-cloud-sdk.staging/platform/gsutil/gslib/vendored/boto/tests/integration/s3/test_mfa.py'"), ('/Users/okimdil/Library/Application Support/google-cloud-tools-java/managed-cloud-sdk/LATEST/google-cloud-sdk/platform/gsutil/gslib/vendored/boto/tests/integration/s3/test_multidelete.py', '/Users/okimdil/Library/Application Support/google-cloud-tools-java/managed-cloud-sdk/LATEST/google-cloud-sdk.staging/platform/gsutil/gslib/vendored/boto/tests/integration/s3/test_multidelete.py', "[Errno 28] No space left on device: '/Users/okimdil/Library/Application Support/google-cloud-tools-java/managed-cloud-sdk/LATEST/google-cloud-sdk.staging/platform/gsutil/gslib/vendored/boto/tests/integration/s3/test_multidelete.py'"), ('/Users/okimdil/Library/Application Support/google-cloud-tools-java/managed-cloud-sdk/LATEST/google-cloud-sdk/platform/gsutil/gslib/vendored/boto/tests/integration/s3/test_multipart.py', '/Users/okimdil/Library/Application Support/google-cloud-tools-java/managed-cloud-sdk/LATEST/google-cloud-sdk.staging/platform/gsutil/gslib/vendored/boto/tests/integration/s3/test_multipart.py', "[Errno 28] No space left on device: '/Users/okimdil/Library/Application Support/google-cloud-tools-java/managed-cloud-sdk/LATEST/google-cloud-sdk.staging/platform/gsutil/gslib/vendored/boto/tests/integration/s3/test_multipart.py'"), ('/Users/okimdil/Library/Application Support/google-cloud-tools-java/managed-cloud-sdk/LATEST/google-cloud-sdk/platform/gsutil/gslib/vendored/boto/tests/integration/s3/test_pool.py', '/Users/okimdil/Library/Application Support/google-cloud-tools-java/managed-cloud-sdk/LATEST/google-cloud-sdk.staging/platform/gsutil/gslib/vendored/boto/tests/integration/s3/test_pool.py', "[Errno 28] No space left on device: '/Users/okimdil/Library/Application Support/google-cloud-tools-java/managed-cloud-sdk/LATEST/google-cloud-sdk.staging/platform/gsutil/gslib/vendored/boto/tests/integration/s3/test_pool.py'"), ('/Users/okimdil/Library/Application Support/google-cloud-tools-java/managed-cloud-sdk/LATEST/google-cloud-sdk/platform/gsutil/gslib/vendored/boto/tests/integration/s3/test_versioning.py', '/Users/okimdil/Library/Application Support/google-cloud-tools-java/managed-cloud-sdk/LATEST/google-cloud-sdk.staging/platform/gsutil/gslib/vendored/boto/tests/integration/s3/test_versioning.py', "[Errno 28] No space left on device: '/Users/okimdil/Library/Application Support/google-cloud-tools-java/managed-cloud-sdk/LATEST/google-cloud-sdk.staging/platform/gsutil/gslib/vendored/boto/tests/integration/s3/test_versioning.py'"), ('/Users/okimdil/Library/Application Support/google-cloud-tools-java/managed-cloud-sdk/LATEST/google-cloud-sdk/platform/gsutil/gslib/vendored/boto/tests/integration/sdb', '/Users/okimdil/Library/Application Support/google-cloud-tools-java/managed-cloud-sdk/LATEST/google-cloud-sdk.staging/platform/gsutil/gslib/vendored/boto/tests/integration/sdb', "[Errno 28] No space left on device: '/Users/okimdil/Library/Application Support/google-cloud-tools-java/managed-cloud-sdk/LATEST/google-cloud-sdk.staging/platform/gsutil/gslib/vendored/boto/tests/integration/sdb'"), ('/Users/okimdil/Library/Application Support/google-cloud-tools-java/managed-cloud-sdk/LATEST/google-cloud-sdk/platform/gsutil/gslib/vendored/boto/tests/integration/ses', '/Users/okimdil/Library/Application Support/google-cloud-tools-java/managed-cloud-sdk/LATEST/google-cloud-sdk.staging/platform/gsutil/gslib/vendored/boto/tests/integration/ses', "[Errno 28] No space left on device: '/Users/okimdil/Library/Application Support/google-cloud-tools-java/managed-cloud-sdk/LATEST/google-cloud-sdk.staging/platform/gsutil/gslib/vendored/boto/tests/integration/ses'"), ('/Users/okimdil/Library/Application Support/google-cloud-tools-java/managed-cloud-sdk/LATEST/google-cloud-sdk/platform/gsutil/gslib/vendored/boto/tests/integration/sns', '/Users/okimdil/Library/Application Support/google-cloud-tools-java/managed-cloud-sdk/LATEST/google-cloud-sdk.staging/platform/gsutil/gslib/vendored/boto/tests/integration/sns', "[Errno 28] No space left on device: '/Users/okimdil/Library/Application Support/google-cloud-tools-java/managed-cloud-sdk/LATEST/google-cloud-sdk.staging/platform/gsutil/gslib/vendored/boto/tests/integration/sns'"), ('/Users/okimdil/Library/Application Support/google-cloud-tools-java/managed-cloud-sdk/LATEST/google-cloud-sdk/platform/gsutil/gslib/vendored/boto/tests/integration/sqs', '/Users/okimdil/Library/Application Support/google-cloud-tools-java/managed-cloud-sdk/LATEST/google-cloud-sdk.staging/platform/gsutil/gslib/vendored/boto/tests/integration/sqs', "[Errno 28] No space left on device: '/Users/okimdil/Library/Application Support/google-cloud-tools-java/managed-cloud-sdk/LATEST/google-cloud-sdk.staging/platform/gsutil/gslib/vendored/boto/tests/integration/sqs'"), ('/Users/okimdil/Library/Application Support/google-cloud-tools-java/managed-cloud-sdk/LATEST/google-cloud-sdk/platform/gsutil/gslib/vendored/boto/tests/integration/storage_uri', '/Users/okimdil/Library/Application Support/google-cloud-tools-java/managed-cloud-sdk/LATEST/google-cloud-sdk.staging/platform/gsutil/gslib/vendored/boto/tests/integration/storage_uri', "[Errno 28] No space left on device: '/Users/okimdil/Library/Application Support/google-cloud-tools-java/managed-cloud-sdk/LATEST/google-cloud-sdk.staging/platform/gsutil/gslib/vendored/boto/tests/integration/storage_uri'"), ('/Users/okimdil/Library/Application Support/google-cloud-tools-java/managed-cloud-sdk/LATEST/google-cloud-sdk/platform/gsutil/gslib/vendored/boto/tests/integration/sts', '/Users/okimdil/Library/Application Support/google-cloud-tools-java/managed-cloud-sdk/LATEST/google-cloud-sdk.staging/platform/gsutil/gslib/vendored/boto/tests/integration/sts', "[Errno 28] No space left on device: '/Users/okimdil/Library/Application Support/google-cloud-tools-java/managed-cloud-sdk/LATEST/google-cloud-sdk.staging/platform/gsutil/gslib/vendored/boto/tests/integration/sts'"), ('/Users/okimdil/Library/Application Support/google-cloud-tools-java/managed-cloud-sdk/LATEST/google-cloud-sdk/platform/gsutil/gslib/vendored/boto/tests/integration/support', '/Users/okimdil/Library/Application Support/google-cloud-tools-java/managed-cloud-sdk/LATEST/google-cloud-sdk.staging/platform/gsutil/gslib/vendored/boto/tests/integration/support', "[Errno 28] No space left on device: '/Users/okimdil/Library/Application Support/google-cloud-tools-java/managed-cloud-sdk/LATEST/google-cloud-sdk.staging/platform/gsutil/gslib/vendored/boto/tests/integration/support'"), ('/Users/okimdil/Library/Application Support/google-cloud-tools-java/managed-cloud-sdk/LATEST/google-cloud-sdk/platform/gsutil/gslib/vendored/boto/tests/integration/swf', '/Users/okimdil/Library/Application Support/google-cloud-tools-java/managed-cloud-sdk/LATEST/google-cloud-sdk.staging/platform/gsutil/gslib/vendored/boto/tests/integration/swf', "[Errno 28] No space left on device: '/Users/okimdil/Library/Application Support/google-cloud-tools-java/managed-cloud-sdk/LATEST/google-cloud-sdk.staging/platform/gsutil/gslib/vendored/boto/tests/integration/swf'"), ('/Users/okimdil/Library/Application Support/google-cloud-tools-java/managed-cloud-sdk/LATEST/google-cloud-sdk/platform/gsutil/gslib/vendored/boto/tests/mturk', '/Users/okimdil/Library/Application Support/google-cloud-tools-java/managed-cloud-sdk/LATEST/google-cloud-sdk.staging/platform/gsutil/gslib/vendored/boto/tests/mturk', "[Errno 28] No space left on device: '/Users/okimdil/Library/Application Support/google-cloud-tools-java/managed-cloud-sdk/LATEST/google-cloud-sdk.staging/platform/gsutil/gslib/vendored/boto/tests/mturk'"), ('/Users/okimdil/Library/Application Support/google-cloud-tools-java/managed-cloud-sdk/LATEST/google-cloud-sdk/platform/gsutil/gslib/vendored/boto/tests/test.py', '/Users/okimdil/Library/Application Support/google-cloud-tools-java/managed-cloud-sdk/LATEST/google-cloud-sdk.staging/platform/gsutil/gslib/vendored/boto/tests/test.py', "[Errno 28] No space left on device: '/Users/okimdil/Library/Application Support/google-cloud-tools-java/managed-cloud-sdk/LATEST/google-cloud-sdk.staging/platform/gsutil/gslib/vendored/boto/tests/test.py'"), ('/Users/okimdil/Library/Application Support/google-cloud-tools-java/managed-cloud-sdk/LATEST/google-cloud-sdk/platform/gsutil/gslib/vendored/boto/tests/unit', '/Users/okimdil/Library/Application Support/google-cloud-tools-java/managed-cloud-sdk/LATEST/google-cloud-sdk.staging/platform/gsutil/gslib/vendored/boto/tests/unit', "[Errno 28] No space left on device: '/Users/okimdil/Library/Application Support/google-cloud-tools-java/managed-cloud-sdk/LATEST/google-cloud-sdk.staging/platform/gsutil/gslib/vendored/boto/tests/unit'"), ('/Users/okimdil/Library/Application Support/google-cloud-tools-java/managed-cloud-sdk/LATEST/google-cloud-sdk/platform/gsutil/gslib/vendored/boto/tox.ini', '/Users/okimdil/Library/Application Support/google-cloud-tools-java/managed-cloud-sdk/LATEST/google-cloud-sdk.staging/platform/gsutil/gslib/vendored/boto/tox.ini', "[Errno 28] No space left on device: '/Users/okimdil/Library/Application Support/google-cloud-tools-java/managed-cloud-sdk/LATEST/google-cloud-sdk.staging/platform/gsutil/gslib/vendored/boto/tox.ini'"), ('/Users/okimdil/Library/Application Support/google-cloud-tools-java/managed-cloud-sdk/LATEST/google-cloud-sdk/platform/gsutil/gslib/vendored/oauth2client', '/Users/okimdil/Library/Application Support/google-cloud-tools-java/managed-cloud-sdk/LATEST/google-cloud-sdk.staging/platform/gsutil/gslib/vendored/oauth2client', "[Errno 28] No space left on device: '/Users/okimdil/Library/Application Support/google-cloud-tools-java/managed-cloud-sdk/LATEST/google-cloud-sdk.staging/platform/gsutil/gslib/vendored/oauth2client'"), ('/Users/okimdil/Library/Application Support/google-cloud-tools-java/managed-cloud-sdk/LATEST/google-cloud-sdk/platform/gsutil/gslib/wildcard_iterator.py', '/Users/okimdil/Library/Application Support/google-cloud-tools-java/managed-cloud-sdk/LATEST/google-cloud-sdk.staging/platform/gsutil/gslib/wildcard_iterator.py', "[Errno 28] No space left on device: '/Users/okimdil/Library/Application Support/google-cloud-tools-java/managed-cloud-sdk/LATEST/google-cloud-sdk.staging/platform/gsutil/gslib/wildcard_iterator.py'"), ('/Users/okimdil/Library/Application Support/google-cloud-tools-java/managed-cloud-sdk/LATEST/google-cloud-sdk/platform/gsutil/gsutil', '/Users/okimdil/Library/Application Support/google-cloud-tools-java/managed-cloud-sdk/LATEST/google-cloud-sdk.staging/platform/gsutil/gsutil', "[Errno 28] No space left on device: '/Users/okimdil/Library/Application Support/google-cloud-tools-java/managed-cloud-sdk/LATEST/google-cloud-sdk.staging/platform/gsutil/gsutil'"), ('/Users/okimdil/Library/Application Support/google-cloud-tools-java/managed-cloud-sdk/LATEST/google-cloud-sdk/platform/gsutil/gsutil.py', '/Users/okimdil/Library/Application Support/google-cloud-tools-java/managed-cloud-sdk/LATEST/google-cloud-sdk.staging/platform/gsutil/gsutil.py', "[Errno 28] No space left on device: '/Users/okimdil/Library/Application Support/google-cloud-tools-java/managed-cloud-sdk/LATEST/google-cloud-sdk.staging/platform/gsutil/gsutil.py'"), ('/Users/okimdil/Library/Application Support/google-cloud-tools-java/managed-cloud-sdk/LATEST/google-cloud-sdk/platform/gsutil/LICENSE', '/Users/okimdil/Library/Application Support/google-cloud-tools-java/managed-cloud-sdk/LATEST/google-cloud-sdk.staging/platform/gsutil/LICENSE', "[Errno 28] No space left on device: '/Users/okimdil/Library/Application Support/google-cloud-tools-java/managed-cloud-sdk/LATEST/google-cloud-sdk.staging/platform/gsutil/LICENSE'"), ('/Users/okimdil/Library/Application Support/google-cloud-tools-java/managed-cloud-sdk/LATEST/google-cloud-sdk/platform/gsutil/MANIFEST.in', '/Users/okimdil/Library/Application Support/google-cloud-tools-java/managed-cloud-sdk/LATEST/google-cloud-sdk.staging/platform/gsutil/MANIFEST.in', "[Errno 28] No space left on device: '/Users/okimdil/Library/Application Support/google-cloud-tools-java/managed-cloud-sdk/LATEST/google-cloud-sdk.staging/platform/gsutil/MANIFEST.in'"), ('/Users/okimdil/Library/Application Support/google-cloud-tools-java/managed-cloud-sdk/LATEST/google-cloud-sdk/platform/gsutil/README.md', '/Users/okimdil/Library/Application Support/google-cloud-tools-java/managed-cloud-sdk/LATEST/google-cloud-sdk.staging/platform/gsutil/README.md', "[Errno 28] No space left on device: '/Users/okimdil/Library/Application Support/google-cloud-tools-java/managed-cloud-sdk/LATEST/google-cloud-sdk.staging/platform/gsutil/README.md'"), ('/Users/okimdil/Library/Application Support/google-cloud-tools-java/managed-cloud-sdk/LATEST/google-cloud-sdk/platform/gsutil/setup.py', '/Users/okimdil/Library/Application Support/google-cloud-tools-java/managed-cloud-sdk/LATEST/google-cloud-sdk.staging/platform/gsutil/setup.py', "[Errno 28] No space left on device: '/Users/okimdil/Library/Application Support/google-cloud-tools-java/managed-cloud-sdk/LATEST/google-cloud-sdk.staging/platform/gsutil/setup.py'"), ('/Users/okimdil/Library/Application Support/google-cloud-tools-java/managed-cloud-sdk/LATEST/google-cloud-sdk/platform/gsutil/third_party', '/Users/okimdil/Library/Application Support/google-cloud-tools-java/managed-cloud-sdk/LATEST/google-cloud-sdk.staging/platform/gsutil/third_party', "[Errno 28] No space left on device: '/Users/okimdil/Library/Application Support/google-cloud-tools-java/managed-cloud-sdk/LATEST/google-cloud-sdk.staging/platform/gsutil/third_party'"), ('/Users/okimdil/Library/Application Support/google-cloud-tools-java/managed-cloud-sdk/LATEST/google-cloud-sdk/platform/gsutil/VERSION', '/Users/okimdil/Library/Application Support/google-cloud-tools-java/managed-cloud-sdk/LATEST/google-cloud-sdk.staging/platform/gsutil/VERSION', "[Errno 28] No space left on device: '/Users/okimdil/Library/Application Support/google-cloud-tools-java/managed-cloud-sdk/LATEST/google-cloud-sdk.staging/platform/gsutil/VERSION'"), ('/Users/okimdil/Library/Application Support/google-cloud-tools-java/managed-cloud-sdk/LATEST/google-cloud-sdk/properties', '/Users/okimdil/Library/Application Support/google-cloud-tools-java/managed-cloud-sdk/LATEST/google-cloud-sdk.staging/properties', "[Errno 28] No space left on device: '/Users/okimdil/Library/Application Support/google-cloud-tools-java/managed-cloud-sdk/LATEST/google-cloud-sdk.staging/properties'"), ('/Users/okimdil/Library/Application Support/google-cloud-tools-java/managed-cloud-sdk/LATEST/google-cloud-sdk/README', '/Users/okimdil/Library/Application Support/google-cloud-tools-java/managed-cloud-sdk/LATEST/google-cloud-sdk.staging/README', "[Errno 28] No space left on device: '/Users/okimdil/Library/Application Support/google-cloud-tools-java/managed-cloud-sdk/LATEST/google-cloud-sdk.staging/README'"), ('/Users/okimdil/Library/Application Support/google-cloud-tools-java/managed-cloud-sdk/LATEST/google-cloud-sdk/RELEASE_NOTES', '/Users/okimdil/Library/Application Support/google-cloud-tools-java/managed-cloud-sdk/LATEST/google-cloud-sdk.staging/RELEASE_NOTES', "[Errno 28] No space left on device: '/Users/okimdil/Library/Application Support/google-cloud-tools-java/managed-cloud-sdk/LATEST/google-cloud-sdk.staging/RELEASE_NOTES'"), ('/Users/okimdil/Library/Application Support/google-cloud-tools-java/managed-cloud-sdk/LATEST/google-cloud-sdk/rpm', '/Users/okimdil/Library/Application Support/google-cloud-tools-java/managed-cloud-sdk/LATEST/google-cloud-sdk.staging/rpm', "[Errno 28] No space left on device: '/Users/okimdil/Library/Application Support/google-cloud-tools-java/managed-cloud-sdk/LATEST/google-cloud-sdk.staging/rpm'"), ('/Users/okimdil/Library/Application Support/google-cloud-tools-java/managed-cloud-sdk/LATEST/google-cloud-sdk/VERSION', '/Users/okimdil/Library/Application Support/google-cloud-tools-java/managed-cloud-sdk/LATEST/google-cloud-sdk.staging/VERSION', "[Errno 28] No space left on device: '/Users/okimdil/Library/Application Support/google-cloud-tools-java/managed-cloud-sdk/LATEST/google-cloud-sdk.staging/VERSION'")]
2021-04-11 17:03:01,922 INFO     ___FILE_ONLY___ 
If you would like to report this issue, please run the following command:

2021-04-11 17:03:01,922 INFO     ___FILE_ONLY___   gcloud feedback

2021-04-11 17:03:01,922 INFO     ___FILE_ONLY___ 
To check gcloud for common problems, please run the following command:

2021-04-11 17:03:01,922 INFO     ___FILE_ONLY___   gcloud info --run-diagnostics

