2021-04-10 11:30:25,443 DEBUG    root            Loaded Command Group: ['gcloud', 'components']
2021-04-10 11:30:25,447 DEBUG    root            Loaded Command Group: ['gcloud', 'components', 'install']
2021-04-10 11:30:25,449 DEBUG    root            Running [gcloud.components.install] with arguments: [--quiet: "True", COMPONENT-IDS:1: "['app-engine-java']"]
2021-04-10 11:30:25,736 INFO     ___FILE_ONLY___ 

2021-04-10 11:30:25,738 INFO     ___FILE_ONLY___ 
Your current Cloud SDK version is: 335.0.0

2021-04-10 11:30:25,738 INFO     ___FILE_ONLY___ Installing components from version: 335.0.0

2021-04-10 11:30:25,738 INFO     ___FILE_ONLY___ 

2021-04-10 11:30:25,811 INFO     ___FILE_ONLY___ ┌───────────────────────────────────────────────────┐
2021-04-10 11:30:25,812 INFO     ___FILE_ONLY___ 

2021-04-10 11:30:25,812 INFO     ___FILE_ONLY___ │        These components will be installed.        │
2021-04-10 11:30:25,812 INFO     ___FILE_ONLY___ 

2021-04-10 11:30:25,812 INFO     ___FILE_ONLY___ ├──────────────────────────────┬─────────┬──────────┤
2021-04-10 11:30:25,812 INFO     ___FILE_ONLY___ 

2021-04-10 11:30:25,812 INFO     ___FILE_ONLY___ │             Name             │ Version │   Size   │
2021-04-10 11:30:25,812 INFO     ___FILE_ONLY___ 

2021-04-10 11:30:25,812 INFO     ___FILE_ONLY___ ├──────────────────────────────┼─────────┼──────────┤
2021-04-10 11:30:25,812 INFO     ___FILE_ONLY___ 

2021-04-10 11:30:25,812 INFO     ___FILE_ONLY___ │ 
2021-04-10 11:30:25,812 INFO     ___FILE_ONLY___ Cloud Datastore Emulator    
2021-04-10 11:30:25,813 INFO     ___FILE_ONLY___  
2021-04-10 11:30:25,813 INFO     ___FILE_ONLY___ │ 
2021-04-10 11:30:25,813 INFO     ___FILE_ONLY___   2.1.0
2021-04-10 11:30:25,813 INFO     ___FILE_ONLY___  
2021-04-10 11:30:25,813 INFO     ___FILE_ONLY___ │ 
2021-04-10 11:30:25,813 INFO     ___FILE_ONLY___ 18.4 MiB
2021-04-10 11:30:25,813 INFO     ___FILE_ONLY___  
2021-04-10 11:30:25,813 INFO     ___FILE_ONLY___ │
2021-04-10 11:30:25,813 INFO     ___FILE_ONLY___ 

2021-04-10 11:30:25,813 INFO     ___FILE_ONLY___ │ 
2021-04-10 11:30:25,813 INFO     ___FILE_ONLY___ gRPC Python library         
2021-04-10 11:30:25,813 INFO     ___FILE_ONLY___  
2021-04-10 11:30:25,813 INFO     ___FILE_ONLY___ │ 
2021-04-10 11:30:25,813 INFO     ___FILE_ONLY___  1.20.0
2021-04-10 11:30:25,813 INFO     ___FILE_ONLY___  
2021-04-10 11:30:25,814 INFO     ___FILE_ONLY___ │ 
2021-04-10 11:30:25,814 INFO     ___FILE_ONLY___  1.9 MiB
2021-04-10 11:30:25,814 INFO     ___FILE_ONLY___  
2021-04-10 11:30:25,814 INFO     ___FILE_ONLY___ │
2021-04-10 11:30:25,814 INFO     ___FILE_ONLY___ 

2021-04-10 11:30:25,814 INFO     ___FILE_ONLY___ │ 
2021-04-10 11:30:25,814 INFO     ___FILE_ONLY___ gcloud app Java Extensions  
2021-04-10 11:30:25,814 INFO     ___FILE_ONLY___  
2021-04-10 11:30:25,814 INFO     ___FILE_ONLY___ │ 
2021-04-10 11:30:25,814 INFO     ___FILE_ONLY___  1.9.88
2021-04-10 11:30:25,814 INFO     ___FILE_ONLY___  
2021-04-10 11:30:25,814 INFO     ___FILE_ONLY___ │ 
2021-04-10 11:30:25,814 INFO     ___FILE_ONLY___ 53.1 MiB
2021-04-10 11:30:25,814 INFO     ___FILE_ONLY___  
2021-04-10 11:30:25,814 INFO     ___FILE_ONLY___ │
2021-04-10 11:30:25,815 INFO     ___FILE_ONLY___ 

2021-04-10 11:30:25,815 INFO     ___FILE_ONLY___ │ 
2021-04-10 11:30:25,815 INFO     ___FILE_ONLY___ gcloud app Python Extensions
2021-04-10 11:30:25,815 INFO     ___FILE_ONLY___  
2021-04-10 11:30:25,815 INFO     ___FILE_ONLY___ │ 
2021-04-10 11:30:25,815 INFO     ___FILE_ONLY___  1.9.91
2021-04-10 11:30:25,815 INFO     ___FILE_ONLY___  
2021-04-10 11:30:25,815 INFO     ___FILE_ONLY___ │ 
2021-04-10 11:30:25,815 INFO     ___FILE_ONLY___  6.1 MiB
2021-04-10 11:30:25,815 INFO     ___FILE_ONLY___  
2021-04-10 11:30:25,815 INFO     ___FILE_ONLY___ │
2021-04-10 11:30:25,815 INFO     ___FILE_ONLY___ 

2021-04-10 11:30:25,815 INFO     ___FILE_ONLY___ └──────────────────────────────┴─────────┴──────────┘
2021-04-10 11:30:25,815 INFO     ___FILE_ONLY___ 

2021-04-10 11:30:25,815 INFO     ___FILE_ONLY___ 

2021-04-10 11:30:26,142 INFO     ___FILE_ONLY___ For the latest full release notes, please visit:
  https://cloud.google.com/sdk/release_notes


2021-04-10 11:30:26,147 INFO     ___FILE_ONLY___ ╔════════════════════════════════════════════════════════════╗

2021-04-10 11:30:26,148 INFO     ___FILE_ONLY___ ╠═ Creating update staging area                             ═╣

2021-04-10 11:30:26,148 INFO     ___FILE_ONLY___ ╚
2021-04-10 11:30:26,148 INFO     ___FILE_ONLY___ ══════
2021-04-10 11:30:31,562 INFO     ___FILE_ONLY___ ══════
2021-04-10 11:30:31,562 INFO     ___FILE_ONLY___ ══════
2021-04-10 11:30:44,224 INFO     ___FILE_ONLY___ ═
2021-04-10 11:30:45,807 INFO     ___FILE_ONLY___ ═
2021-04-10 11:30:47,344 INFO     ___FILE_ONLY___ ═
2021-04-10 11:30:48,157 INFO     ___FILE_ONLY___ ═
2021-04-10 11:30:50,094 INFO     ___FILE_ONLY___ ═
2021-04-10 11:30:53,057 INFO     ___FILE_ONLY___ ═
2021-04-10 11:30:53,805 INFO     ___FILE_ONLY___ ═
2021-04-10 11:30:54,491 INFO     ___FILE_ONLY___ ═
2021-04-10 11:30:55,604 INFO     ___FILE_ONLY___ ═
2021-04-10 11:30:56,478 INFO     ___FILE_ONLY___ ═
2021-04-10 11:30:57,694 INFO     ___FILE_ONLY___ ═
2021-04-10 11:30:59,886 INFO     ___FILE_ONLY___ ═
2021-04-10 11:31:01,692 INFO     ___FILE_ONLY___ ═
2021-04-10 11:31:05,615 INFO     ___FILE_ONLY___ ═
2021-04-10 11:31:11,875 INFO     ___FILE_ONLY___ ═
2021-04-10 11:31:14,276 INFO     ___FILE_ONLY___ ═
2021-04-10 11:31:17,966 INFO     ___FILE_ONLY___ ═
2021-04-10 11:31:32,568 INFO     ___FILE_ONLY___ ═
2021-04-10 11:31:32,685 INFO     ___FILE_ONLY___ ═
2021-04-10 11:31:32,775 INFO     ___FILE_ONLY___ ═
2021-04-10 11:31:32,864 INFO     ___FILE_ONLY___ ═
2021-04-10 11:31:32,972 INFO     ___FILE_ONLY___ ═
2021-04-10 11:31:33,093 INFO     ___FILE_ONLY___ ═
2021-04-10 11:31:33,162 INFO     ___FILE_ONLY___ ═
2021-04-10 11:31:33,193 INFO     ___FILE_ONLY___ ═
2021-04-10 11:31:33,260 INFO     ___FILE_ONLY___ ═
2021-04-10 11:31:33,269 INFO     ___FILE_ONLY___ ═
2021-04-10 11:31:33,320 INFO     ___FILE_ONLY___ ═
2021-04-10 11:31:33,434 INFO     ___FILE_ONLY___ ═
2021-04-10 11:31:33,549 INFO     ___FILE_ONLY___ ═
2021-04-10 11:31:33,648 INFO     ___FILE_ONLY___ ═
2021-04-10 11:31:33,725 INFO     ___FILE_ONLY___ ═
2021-04-10 11:31:33,846 INFO     ___FILE_ONLY___ ═
2021-04-10 11:31:33,855 INFO     ___FILE_ONLY___ ═
2021-04-10 11:31:34,247 INFO     ___FILE_ONLY___ ═
2021-04-10 11:31:34,319 INFO     ___FILE_ONLY___ ═
2021-04-10 11:31:34,371 INFO     ___FILE_ONLY___ ═
2021-04-10 11:31:34,376 INFO     ___FILE_ONLY___ ═
2021-04-10 11:31:34,414 INFO     ___FILE_ONLY___ ═
2021-04-10 11:31:34,437 INFO     ___FILE_ONLY___ ═
2021-04-10 11:31:34,469 INFO     ___FILE_ONLY___ ═
2021-04-10 11:31:34,493 INFO     ___FILE_ONLY___ ═
2021-04-10 11:31:34,538 INFO     ___FILE_ONLY___ ═
2021-04-10 11:31:34,551 INFO     ___FILE_ONLY___ ═
2021-04-10 11:31:34,611 INFO     ___FILE_ONLY___ ═
2021-04-10 11:31:34,697 INFO     ___FILE_ONLY___ ═
2021-04-10 11:31:34,782 INFO     ___FILE_ONLY___ ═
2021-04-10 11:31:34,851 INFO     ___FILE_ONLY___ ═
2021-04-10 11:31:34,889 INFO     ___FILE_ONLY___ ═
2021-04-10 11:31:34,998 INFO     ___FILE_ONLY___ ═
2021-04-10 11:31:35,032 INFO     ___FILE_ONLY___ ═
2021-04-10 11:31:35,115 INFO     ___FILE_ONLY___ ═
2021-04-10 11:31:35,198 INFO     ___FILE_ONLY___ ═
2021-04-10 11:31:35,245 INFO     ___FILE_ONLY___ ═
2021-04-10 11:31:35,280 INFO     ___FILE_ONLY___ ═
2021-04-10 11:31:35,359 INFO     ___FILE_ONLY___ ═
2021-04-10 11:31:35,432 INFO     ___FILE_ONLY___ ═
2021-04-10 11:31:35,465 INFO     ___FILE_ONLY___ ═
2021-04-10 11:31:35,511 INFO     ___FILE_ONLY___ ═
2021-04-10 11:31:35,658 INFO     ___FILE_ONLY___ ═
2021-04-10 11:31:35,693 INFO     ___FILE_ONLY___ ═
2021-04-10 11:31:35,727 INFO     ___FILE_ONLY___ ═
2021-04-10 11:31:35,783 INFO     ___FILE_ONLY___ ═
2021-04-10 11:31:35,904 INFO     ___FILE_ONLY___ ═
2021-04-10 11:31:35,932 INFO     ___FILE_ONLY___ ═
2021-04-10 11:31:35,951 INFO     ___FILE_ONLY___ ═
2021-04-10 11:31:35,990 INFO     ___FILE_ONLY___ ═
2021-04-10 11:31:36,000 INFO     ___FILE_ONLY___ ═
2021-04-10 11:31:36,467 INFO     ___FILE_ONLY___ ═
2021-04-10 11:31:36,692 INFO     ___FILE_ONLY___ ═
2021-04-10 11:31:36,794 INFO     ___FILE_ONLY___ ═
2021-04-10 11:31:36,865 INFO     ___FILE_ONLY___ ═
2021-04-10 11:31:37,014 INFO     ___FILE_ONLY___ ═
2021-04-10 11:31:37,041 INFO     ___FILE_ONLY___ ═
2021-04-10 11:31:37,109 INFO     ___FILE_ONLY___ ═
2021-04-10 11:31:37,122 INFO     ___FILE_ONLY___ ═
2021-04-10 11:31:37,216 INFO     ___FILE_ONLY___ ═
2021-04-10 11:31:37,241 INFO     ___FILE_ONLY___ ═
2021-04-10 11:31:37,303 INFO     ___FILE_ONLY___ ═
2021-04-10 11:31:37,347 INFO     ___FILE_ONLY___ ═
2021-04-10 11:31:37,466 INFO     ___FILE_ONLY___ ═
2021-04-10 11:31:37,605 INFO     ___FILE_ONLY___ ═
2021-04-10 11:31:37,631 INFO     ___FILE_ONLY___ ═
2021-04-10 11:31:37,663 INFO     ___FILE_ONLY___ ═
2021-04-10 11:31:37,703 INFO     ___FILE_ONLY___ ══
2021-04-10 11:31:37,770 INFO     ___FILE_ONLY___ ══
2021-04-10 11:31:37,797 INFO     ___FILE_ONLY___ ══
2021-04-10 11:31:37,847 INFO     ___FILE_ONLY___ ══
2021-04-10 11:31:37,895 INFO     ___FILE_ONLY___ ══
2021-04-10 11:31:37,911 INFO     ___FILE_ONLY___ ══
2021-04-10 11:31:37,951 INFO     ___FILE_ONLY___ ══
2021-04-10 11:31:38,057 INFO     ___FILE_ONLY___ ══
2021-04-10 11:31:38,069 INFO     ___FILE_ONLY___ ══
2021-04-10 11:31:38,131 INFO     ___FILE_ONLY___ ══
2021-04-10 11:31:38,220 INFO     ___FILE_ONLY___ ══
2021-04-10 11:31:38,279 INFO     ___FILE_ONLY___ ══
2021-04-10 11:31:38,377 INFO     ___FILE_ONLY___ ══
2021-04-10 11:31:38,390 INFO     ___FILE_ONLY___ ══
2021-04-10 11:31:38,429 INFO     ___FILE_ONLY___ ══
2021-04-10 11:31:38,470 INFO     ___FILE_ONLY___ ══
2021-04-10 11:31:38,474 INFO     ___FILE_ONLY___ ══
2021-04-10 11:31:38,477 INFO     ___FILE_ONLY___ ══
2021-04-10 11:31:38,500 INFO     ___FILE_ONLY___ ══
2021-04-10 11:31:38,505 INFO     ___FILE_ONLY___ ══
2021-04-10 11:31:38,508 INFO     ___FILE_ONLY___ ══
2021-04-10 11:31:38,524 INFO     ___FILE_ONLY___ ══
2021-04-10 11:31:38,704 INFO     ___FILE_ONLY___ ══
2021-04-10 11:31:38,706 INFO     ___FILE_ONLY___ ═════════════════════════
2021-04-10 11:31:38,707 DEBUG    root            [Errno 32] Broken pipe
Traceback (most recent call last):
  File "/Users/okimdil/Library/Application Support/google-cloud-tools-java/managed-cloud-sdk/LATEST/google-cloud-sdk/lib/googlecloudsdk/core/updater/update_manager.py", line 1023, in Update
    staging_state = install_state.CloneToStaging(pb.SetProgress)
  File "/Users/okimdil/Library/Application Support/google-cloud-tools-java/managed-cloud-sdk/LATEST/google-cloud-sdk/lib/googlecloudsdk/core/updater/local_state.py", line 104, in _TryFunc
    return func(*args, **kwargs)
  File "/Users/okimdil/Library/Application Support/google-cloud-tools-java/managed-cloud-sdk/LATEST/google-cloud-sdk/lib/googlecloudsdk/core/updater/local_state.py", line 337, in CloneToStaging
    ignore=ticker)
  File "/usr/local/bin/../../../Library/Frameworks/Python.framework/Versions/3.7/lib/python3.7/shutil.py", line 368, in copytree
    raise Error(errors)
shutil.Error: [('/Users/okimdil/Library/Application Support/google-cloud-tools-java/managed-cloud-sdk/LATEST/google-cloud-sdk/lib/googlecloudsdk/third_party/apis/deploymentmanager', '/Users/okimdil/Library/Application Support/google-cloud-tools-java/managed-cloud-sdk/LATEST/google-cloud-sdk.staging/lib/googlecloudsdk/third_party/apis/deploymentmanager', '[Errno 32] Broken pipe'), ('/Users/okimdil/Library/Application Support/google-cloud-tools-java/managed-cloud-sdk/LATEST/google-cloud-sdk/lib/googlecloudsdk/third_party/apis/dialogflow', '/Users/okimdil/Library/Application Support/google-cloud-tools-java/managed-cloud-sdk/LATEST/google-cloud-sdk.staging/lib/googlecloudsdk/third_party/apis/dialogflow', '[Errno 32] Broken pipe'), ('/Users/okimdil/Library/Application Support/google-cloud-tools-java/managed-cloud-sdk/LATEST/google-cloud-sdk/lib/googlecloudsdk/third_party/apis/discovery', '/Users/okimdil/Library/Application Support/google-cloud-tools-java/managed-cloud-sdk/LATEST/google-cloud-sdk.staging/lib/googlecloudsdk/third_party/apis/discovery', '[Errno 32] Broken pipe'), ('/Users/okimdil/Library/Application Support/google-cloud-tools-java/managed-cloud-sdk/LATEST/google-cloud-sdk/lib/googlecloudsdk/third_party/apis/dlp', '/Users/okimdil/Library/Application Support/google-cloud-tools-java/managed-cloud-sdk/LATEST/google-cloud-sdk.staging/lib/googlecloudsdk/third_party/apis/dlp', '[Errno 32] Broken pipe'), ('/Users/okimdil/Library/Application Support/google-cloud-tools-java/managed-cloud-sdk/LATEST/google-cloud-sdk/lib/googlecloudsdk/third_party/apis/dns', '/Users/okimdil/Library/Application Support/google-cloud-tools-java/managed-cloud-sdk/LATEST/google-cloud-sdk.staging/lib/googlecloudsdk/third_party/apis/dns', '[Errno 32] Broken pipe'), ('/Users/okimdil/Library/Application Support/google-cloud-tools-java/managed-cloud-sdk/LATEST/google-cloud-sdk/lib/googlecloudsdk/third_party/apis/domains', '/Users/okimdil/Library/Application Support/google-cloud-tools-java/managed-cloud-sdk/LATEST/google-cloud-sdk.staging/lib/googlecloudsdk/third_party/apis/domains', '[Errno 32] Broken pipe'), ('/Users/okimdil/Library/Application Support/google-cloud-tools-java/managed-cloud-sdk/LATEST/google-cloud-sdk/lib/googlecloudsdk/third_party/apis/essentialcontacts', '/Users/okimdil/Library/Application Support/google-cloud-tools-java/managed-cloud-sdk/LATEST/google-cloud-sdk.staging/lib/googlecloudsdk/third_party/apis/essentialcontacts', '[Errno 32] Broken pipe'), ('/Users/okimdil/Library/Application Support/google-cloud-tools-java/managed-cloud-sdk/LATEST/google-cloud-sdk/lib/googlecloudsdk/third_party/apis/eventarc', '/Users/okimdil/Library/Application Support/google-cloud-tools-java/managed-cloud-sdk/LATEST/google-cloud-sdk.staging/lib/googlecloudsdk/third_party/apis/eventarc', '[Errno 32] Broken pipe'), ('/Users/okimdil/Library/Application Support/google-cloud-tools-java/managed-cloud-sdk/LATEST/google-cloud-sdk/lib/googlecloudsdk/third_party/apis/eventflow', '/Users/okimdil/Library/Application Support/google-cloud-tools-java/managed-cloud-sdk/LATEST/google-cloud-sdk.staging/lib/googlecloudsdk/third_party/apis/eventflow', '[Errno 32] Broken pipe'), ('/Users/okimdil/Library/Application Support/google-cloud-tools-java/managed-cloud-sdk/LATEST/google-cloud-sdk/lib/googlecloudsdk/third_party/apis/events', '/Users/okimdil/Library/Application Support/google-cloud-tools-java/managed-cloud-sdk/LATEST/google-cloud-sdk.staging/lib/googlecloudsdk/third_party/apis/events', '[Errno 32] Broken pipe'), ('/Users/okimdil/Library/Application Support/google-cloud-tools-java/managed-cloud-sdk/LATEST/google-cloud-sdk/lib/googlecloudsdk/third_party/apis/file', '/Users/okimdil/Library/Application Support/google-cloud-tools-java/managed-cloud-sdk/LATEST/google-cloud-sdk.staging/lib/googlecloudsdk/third_party/apis/file', '[Errno 32] Broken pipe'), ('/Users/okimdil/Library/Application Support/google-cloud-tools-java/managed-cloud-sdk/LATEST/google-cloud-sdk/lib/googlecloudsdk/third_party/apis/firestore', '/Users/okimdil/Library/Application Support/google-cloud-tools-java/managed-cloud-sdk/LATEST/google-cloud-sdk.staging/lib/googlecloudsdk/third_party/apis/firestore', '[Errno 32] Broken pipe'), ('/Users/okimdil/Library/Application Support/google-cloud-tools-java/managed-cloud-sdk/LATEST/google-cloud-sdk/lib/googlecloudsdk/third_party/apis/gameservices', '/Users/okimdil/Library/Application Support/google-cloud-tools-java/managed-cloud-sdk/LATEST/google-cloud-sdk.staging/lib/googlecloudsdk/third_party/apis/gameservices', '[Errno 32] Broken pipe'), ('/Users/okimdil/Library/Application Support/google-cloud-tools-java/managed-cloud-sdk/LATEST/google-cloud-sdk/lib/googlecloudsdk/third_party/apis/genomics', '/Users/okimdil/Library/Application Support/google-cloud-tools-java/managed-cloud-sdk/LATEST/google-cloud-sdk.staging/lib/googlecloudsdk/third_party/apis/genomics', '[Errno 32] Broken pipe'), ('/Users/okimdil/Library/Application Support/google-cloud-tools-java/managed-cloud-sdk/LATEST/google-cloud-sdk/lib/googlecloudsdk/third_party/apis/gkehub', '/Users/okimdil/Library/Application Support/google-cloud-tools-java/managed-cloud-sdk/LATEST/google-cloud-sdk.staging/lib/googlecloudsdk/third_party/apis/gkehub', '[Errno 32] Broken pipe'), ('/Users/okimdil/Library/Application Support/google-cloud-tools-java/managed-cloud-sdk/LATEST/google-cloud-sdk/lib/googlecloudsdk/third_party/apis/gsuiteaddons', '/Users/okimdil/Library/Application Support/google-cloud-tools-java/managed-cloud-sdk/LATEST/google-cloud-sdk.staging/lib/googlecloudsdk/third_party/apis/gsuiteaddons', '[Errno 32] Broken pipe'), ('/Users/okimdil/Library/Application Support/google-cloud-tools-java/managed-cloud-sdk/LATEST/google-cloud-sdk/lib/googlecloudsdk/third_party/apis/healthcare', '/Users/okimdil/Library/Application Support/google-cloud-tools-java/managed-cloud-sdk/LATEST/google-cloud-sdk.staging/lib/googlecloudsdk/third_party/apis/healthcare', '[Errno 32] Broken pipe'), ('/Users/okimdil/Library/Application Support/google-cloud-tools-java/managed-cloud-sdk/LATEST/google-cloud-sdk/lib/googlecloudsdk/third_party/apis/iam', '/Users/okimdil/Library/Application Support/google-cloud-tools-java/managed-cloud-sdk/LATEST/google-cloud-sdk.staging/lib/googlecloudsdk/third_party/apis/iam', '[Errno 32] Broken pipe'), ('/Users/okimdil/Library/Application Support/google-cloud-tools-java/managed-cloud-sdk/LATEST/google-cloud-sdk/lib/googlecloudsdk/third_party/apis/iamassist', '/Users/okimdil/Library/Application Support/google-cloud-tools-java/managed-cloud-sdk/LATEST/google-cloud-sdk.staging/lib/googlecloudsdk/third_party/apis/iamassist', '[Errno 32] Broken pipe'), ('/Users/okimdil/Library/Application Support/google-cloud-tools-java/managed-cloud-sdk/LATEST/google-cloud-sdk/lib/googlecloudsdk/third_party/apis/iamcredentials', '/Users/okimdil/Library/Application Support/google-cloud-tools-java/managed-cloud-sdk/LATEST/google-cloud-sdk.staging/lib/googlecloudsdk/third_party/apis/iamcredentials', '[Errno 32] Broken pipe'), ('/Users/okimdil/Library/Application Support/google-cloud-tools-java/managed-cloud-sdk/LATEST/google-cloud-sdk/lib/googlecloudsdk/third_party/apis/iap', '/Users/okimdil/Library/Application Support/google-cloud-tools-java/managed-cloud-sdk/LATEST/google-cloud-sdk.staging/lib/googlecloudsdk/third_party/apis/iap', '[Errno 32] Broken pipe'), ('/Users/okimdil/Library/Application Support/google-cloud-tools-java/managed-cloud-sdk/LATEST/google-cloud-sdk/lib/googlecloudsdk/third_party/apis/krmapihosting', '/Users/okimdil/Library/Application Support/google-cloud-tools-java/managed-cloud-sdk/LATEST/google-cloud-sdk.staging/lib/googlecloudsdk/third_party/apis/krmapihosting', '[Errno 32] Broken pipe'), ('/Users/okimdil/Library/Application Support/google-cloud-tools-java/managed-cloud-sdk/LATEST/google-cloud-sdk/lib/googlecloudsdk/third_party/apis/kubernetesedge', '/Users/okimdil/Library/Application Support/google-cloud-tools-java/managed-cloud-sdk/LATEST/google-cloud-sdk.staging/lib/googlecloudsdk/third_party/apis/kubernetesedge', '[Errno 32] Broken pipe'), ('/Users/okimdil/Library/Application Support/google-cloud-tools-java/managed-cloud-sdk/LATEST/google-cloud-sdk/lib/googlecloudsdk/third_party/apis/labelmanager', '/Users/okimdil/Library/Application Support/google-cloud-tools-java/managed-cloud-sdk/LATEST/google-cloud-sdk.staging/lib/googlecloudsdk/third_party/apis/labelmanager', '[Errno 32] Broken pipe'), ('/Users/okimdil/Library/Application Support/google-cloud-tools-java/managed-cloud-sdk/LATEST/google-cloud-sdk/lib/googlecloudsdk/third_party/apis/language', '/Users/okimdil/Library/Application Support/google-cloud-tools-java/managed-cloud-sdk/LATEST/google-cloud-sdk.staging/lib/googlecloudsdk/third_party/apis/language', '[Errno 32] Broken pipe'), ('/Users/okimdil/Library/Application Support/google-cloud-tools-java/managed-cloud-sdk/LATEST/google-cloud-sdk/lib/googlecloudsdk/third_party/apis/lifesciences', '/Users/okimdil/Library/Application Support/google-cloud-tools-java/managed-cloud-sdk/LATEST/google-cloud-sdk.staging/lib/googlecloudsdk/third_party/apis/lifesciences', '[Errno 32] Broken pipe'), ('/Users/okimdil/Library/Application Support/google-cloud-tools-java/managed-cloud-sdk/LATEST/google-cloud-sdk/lib/googlecloudsdk/third_party/apis/logging', '/Users/okimdil/Library/Application Support/google-cloud-tools-java/managed-cloud-sdk/LATEST/google-cloud-sdk.staging/lib/googlecloudsdk/third_party/apis/logging', '[Errno 32] Broken pipe'), ('/Users/okimdil/Library/Application Support/google-cloud-tools-java/managed-cloud-sdk/LATEST/google-cloud-sdk/lib/googlecloudsdk/third_party/apis/luxadmin', '/Users/okimdil/Library/Application Support/google-cloud-tools-java/managed-cloud-sdk/LATEST/google-cloud-sdk.staging/lib/googlecloudsdk/third_party/apis/luxadmin', '[Errno 32] Broken pipe'), ('/Users/okimdil/Library/Application Support/google-cloud-tools-java/managed-cloud-sdk/LATEST/google-cloud-sdk/lib/googlecloudsdk/third_party/apis/managedidentities', '/Users/okimdil/Library/Application Support/google-cloud-tools-java/managed-cloud-sdk/LATEST/google-cloud-sdk.staging/lib/googlecloudsdk/third_party/apis/managedidentities', '[Errno 32] Broken pipe'), ('/Users/okimdil/Library/Application Support/google-cloud-tools-java/managed-cloud-sdk/LATEST/google-cloud-sdk/lib/googlecloudsdk/third_party/apis/mediaasset', '/Users/okimdil/Library/Application Support/google-cloud-tools-java/managed-cloud-sdk/LATEST/google-cloud-sdk.staging/lib/googlecloudsdk/third_party/apis/mediaasset', '[Errno 32] Broken pipe'), ('/Users/okimdil/Library/Application Support/google-cloud-tools-java/managed-cloud-sdk/LATEST/google-cloud-sdk/lib/googlecloudsdk/third_party/apis/memcache', '/Users/okimdil/Library/Application Support/google-cloud-tools-java/managed-cloud-sdk/LATEST/google-cloud-sdk.staging/lib/googlecloudsdk/third_party/apis/memcache', '[Errno 32] Broken pipe'), ('/Users/okimdil/Library/Application Support/google-cloud-tools-java/managed-cloud-sdk/LATEST/google-cloud-sdk/lib/googlecloudsdk/third_party/apis/metastore', '/Users/okimdil/Library/Application Support/google-cloud-tools-java/managed-cloud-sdk/LATEST/google-cloud-sdk.staging/lib/googlecloudsdk/third_party/apis/metastore', '[Errno 32] Broken pipe'), ('/Users/okimdil/Library/Application Support/google-cloud-tools-java/managed-cloud-sdk/LATEST/google-cloud-sdk/lib/googlecloudsdk/third_party/apis/ml', '/Users/okimdil/Library/Application Support/google-cloud-tools-java/managed-cloud-sdk/LATEST/google-cloud-sdk.staging/lib/googlecloudsdk/third_party/apis/ml', '[Errno 32] Broken pipe'), ('/Users/okimdil/Library/Application Support/google-cloud-tools-java/managed-cloud-sdk/LATEST/google-cloud-sdk/lib/googlecloudsdk/third_party/apis/monitoring', '/Users/okimdil/Library/Application Support/google-cloud-tools-java/managed-cloud-sdk/LATEST/google-cloud-sdk.staging/lib/googlecloudsdk/third_party/apis/monitoring', '[Errno 32] Broken pipe'), ('/Users/okimdil/Library/Application Support/google-cloud-tools-java/managed-cloud-sdk/LATEST/google-cloud-sdk/lib/googlecloudsdk/third_party/apis/networkconnectivity', '/Users/okimdil/Library/Application Support/google-cloud-tools-java/managed-cloud-sdk/LATEST/google-cloud-sdk.staging/lib/googlecloudsdk/third_party/apis/networkconnectivity', '[Errno 32] Broken pipe'), ('/Users/okimdil/Library/Application Support/google-cloud-tools-java/managed-cloud-sdk/LATEST/google-cloud-sdk/lib/googlecloudsdk/third_party/apis/networkmanagement', '/Users/okimdil/Library/Application Support/google-cloud-tools-java/managed-cloud-sdk/LATEST/google-cloud-sdk.staging/lib/googlecloudsdk/third_party/apis/networkmanagement', '[Errno 32] Broken pipe'), ('/Users/okimdil/Library/Application Support/google-cloud-tools-java/managed-cloud-sdk/LATEST/google-cloud-sdk/lib/googlecloudsdk/third_party/apis/networksecurity', '/Users/okimdil/Library/Application Support/google-cloud-tools-java/managed-cloud-sdk/LATEST/google-cloud-sdk.staging/lib/googlecloudsdk/third_party/apis/networksecurity', '[Errno 32] Broken pipe'), ('/Users/okimdil/Library/Application Support/google-cloud-tools-java/managed-cloud-sdk/LATEST/google-cloud-sdk/lib/googlecloudsdk/third_party/apis/networkservices', '/Users/okimdil/Library/Application Support/google-cloud-tools-java/managed-cloud-sdk/LATEST/google-cloud-sdk.staging/lib/googlecloudsdk/third_party/apis/networkservices', '[Errno 32] Broken pipe'), ('/Users/okimdil/Library/Application Support/google-cloud-tools-java/managed-cloud-sdk/LATEST/google-cloud-sdk/lib/googlecloudsdk/third_party/apis/notebooks', '/Users/okimdil/Library/Application Support/google-cloud-tools-java/managed-cloud-sdk/LATEST/google-cloud-sdk.staging/lib/googlecloudsdk/third_party/apis/notebooks', '[Errno 32] Broken pipe'), ('/Users/okimdil/Library/Application Support/google-cloud-tools-java/managed-cloud-sdk/LATEST/google-cloud-sdk/lib/googlecloudsdk/third_party/apis/ondemandscanning', '/Users/okimdil/Library/Application Support/google-cloud-tools-java/managed-cloud-sdk/LATEST/google-cloud-sdk.staging/lib/googlecloudsdk/third_party/apis/ondemandscanning', '[Errno 32] Broken pipe'), ('/Users/okimdil/Library/Application Support/google-cloud-tools-java/managed-cloud-sdk/LATEST/google-cloud-sdk/lib/googlecloudsdk/third_party/apis/orgpolicy', '/Users/okimdil/Library/Application Support/google-cloud-tools-java/managed-cloud-sdk/LATEST/google-cloud-sdk.staging/lib/googlecloudsdk/third_party/apis/orgpolicy', '[Errno 32] Broken pipe'), ('/Users/okimdil/Library/Application Support/google-cloud-tools-java/managed-cloud-sdk/LATEST/google-cloud-sdk/lib/googlecloudsdk/third_party/apis/osconfig', '/Users/okimdil/Library/Application Support/google-cloud-tools-java/managed-cloud-sdk/LATEST/google-cloud-sdk.staging/lib/googlecloudsdk/third_party/apis/osconfig', '[Errno 32] Broken pipe'), ('/Users/okimdil/Library/Application Support/google-cloud-tools-java/managed-cloud-sdk/LATEST/google-cloud-sdk/lib/googlecloudsdk/third_party/apis/oslogin', '/Users/okimdil/Library/Application Support/google-cloud-tools-java/managed-cloud-sdk/LATEST/google-cloud-sdk.staging/lib/googlecloudsdk/third_party/apis/oslogin', '[Errno 32] Broken pipe'), ('/Users/okimdil/Library/Application Support/google-cloud-tools-java/managed-cloud-sdk/LATEST/google-cloud-sdk/lib/googlecloudsdk/third_party/apis/policysimulator', '/Users/okimdil/Library/Application Support/google-cloud-tools-java/managed-cloud-sdk/LATEST/google-cloud-sdk.staging/lib/googlecloudsdk/third_party/apis/policysimulator', '[Errno 32] Broken pipe'), ('/Users/okimdil/Library/Application Support/google-cloud-tools-java/managed-cloud-sdk/LATEST/google-cloud-sdk/lib/googlecloudsdk/third_party/apis/policytroubleshooter', '/Users/okimdil/Library/Application Support/google-cloud-tools-java/managed-cloud-sdk/LATEST/google-cloud-sdk.staging/lib/googlecloudsdk/third_party/apis/policytroubleshooter', '[Errno 32] Broken pipe'), ('/Users/okimdil/Library/Application Support/google-cloud-tools-java/managed-cloud-sdk/LATEST/google-cloud-sdk/lib/googlecloudsdk/third_party/apis/privateca', '/Users/okimdil/Library/Application Support/google-cloud-tools-java/managed-cloud-sdk/LATEST/google-cloud-sdk.staging/lib/googlecloudsdk/third_party/apis/privateca', '[Errno 32] Broken pipe'), ('/Users/okimdil/Library/Application Support/google-cloud-tools-java/managed-cloud-sdk/LATEST/google-cloud-sdk/lib/googlecloudsdk/third_party/apis/publicca', '/Users/okimdil/Library/Application Support/google-cloud-tools-java/managed-cloud-sdk/LATEST/google-cloud-sdk.staging/lib/googlecloudsdk/third_party/apis/publicca', '[Errno 32] Broken pipe'), ('/Users/okimdil/Library/Application Support/google-cloud-tools-java/managed-cloud-sdk/LATEST/google-cloud-sdk/lib/googlecloudsdk/third_party/apis/pubsub', '/Users/okimdil/Library/Application Support/google-cloud-tools-java/managed-cloud-sdk/LATEST/google-cloud-sdk.staging/lib/googlecloudsdk/third_party/apis/pubsub', '[Errno 32] Broken pipe'), ('/Users/okimdil/Library/Application Support/google-cloud-tools-java/managed-cloud-sdk/LATEST/google-cloud-sdk/lib/googlecloudsdk/third_party/apis/pubsublite', '/Users/okimdil/Library/Application Support/google-cloud-tools-java/managed-cloud-sdk/LATEST/google-cloud-sdk.staging/lib/googlecloudsdk/third_party/apis/pubsublite', '[Errno 32] Broken pipe'), ('/Users/okimdil/Library/Application Support/google-cloud-tools-java/managed-cloud-sdk/LATEST/google-cloud-sdk/lib/googlecloudsdk/third_party/apis/recaptchaenterprise', '/Users/okimdil/Library/Application Support/google-cloud-tools-java/managed-cloud-sdk/LATEST/google-cloud-sdk.staging/lib/googlecloudsdk/third_party/apis/recaptchaenterprise', '[Errno 32] Broken pipe'), ('/Users/okimdil/Library/Application Support/google-cloud-tools-java/managed-cloud-sdk/LATEST/google-cloud-sdk/lib/googlecloudsdk/third_party/apis/recommender', '/Users/okimdil/Library/Application Support/google-cloud-tools-java/managed-cloud-sdk/LATEST/google-cloud-sdk.staging/lib/googlecloudsdk/third_party/apis/recommender', '[Errno 32] Broken pipe'), ('/Users/okimdil/Library/Application Support/google-cloud-tools-java/managed-cloud-sdk/LATEST/google-cloud-sdk/lib/googlecloudsdk/third_party/apis/redis', '/Users/okimdil/Library/Application Support/google-cloud-tools-java/managed-cloud-sdk/LATEST/google-cloud-sdk.staging/lib/googlecloudsdk/third_party/apis/redis', '[Errno 32] Broken pipe'), ('/Users/okimdil/Library/Application Support/google-cloud-tools-java/managed-cloud-sdk/LATEST/google-cloud-sdk/lib/googlecloudsdk/third_party/apis/remotebuildexecution', '/Users/okimdil/Library/Application Support/google-cloud-tools-java/managed-cloud-sdk/LATEST/google-cloud-sdk.staging/lib/googlecloudsdk/third_party/apis/remotebuildexecution', '[Errno 32] Broken pipe'), ('/Users/okimdil/Library/Application Support/google-cloud-tools-java/managed-cloud-sdk/LATEST/google-cloud-sdk/lib/googlecloudsdk/third_party/apis/resourcesettings', '/Users/okimdil/Library/Application Support/google-cloud-tools-java/managed-cloud-sdk/LATEST/google-cloud-sdk.staging/lib/googlecloudsdk/third_party/apis/resourcesettings', '[Errno 32] Broken pipe'), ('/Users/okimdil/Library/Application Support/google-cloud-tools-java/managed-cloud-sdk/LATEST/google-cloud-sdk/lib/googlecloudsdk/third_party/apis/run', '/Users/okimdil/Library/Application Support/google-cloud-tools-java/managed-cloud-sdk/LATEST/google-cloud-sdk.staging/lib/googlecloudsdk/third_party/apis/run', '[Errno 32] Broken pipe'), ('/Users/okimdil/Library/Application Support/google-cloud-tools-java/managed-cloud-sdk/LATEST/google-cloud-sdk/lib/googlecloudsdk/third_party/apis/runtimeconfig', '/Users/okimdil/Library/Application Support/google-cloud-tools-java/managed-cloud-sdk/LATEST/google-cloud-sdk.staging/lib/googlecloudsdk/third_party/apis/runtimeconfig', '[Errno 32] Broken pipe'), ('/Users/okimdil/Library/Application Support/google-cloud-tools-java/managed-cloud-sdk/LATEST/google-cloud-sdk/lib/googlecloudsdk/third_party/apis/sddc', '/Users/okimdil/Library/Application Support/google-cloud-tools-java/managed-cloud-sdk/LATEST/google-cloud-sdk.staging/lib/googlecloudsdk/third_party/apis/sddc', '[Errno 32] Broken pipe'), ('/Users/okimdil/Library/Application Support/google-cloud-tools-java/managed-cloud-sdk/LATEST/google-cloud-sdk/lib/googlecloudsdk/third_party/apis/secretmanager', '/Users/okimdil/Library/Application Support/google-cloud-tools-java/managed-cloud-sdk/LATEST/google-cloud-sdk.staging/lib/googlecloudsdk/third_party/apis/secretmanager', '[Errno 32] Broken pipe'), ('/Users/okimdil/Library/Application Support/google-cloud-tools-java/managed-cloud-sdk/LATEST/google-cloud-sdk/lib/googlecloudsdk/third_party/apis/securitycenter', '/Users/okimdil/Library/Application Support/google-cloud-tools-java/managed-cloud-sdk/LATEST/google-cloud-sdk.staging/lib/googlecloudsdk/third_party/apis/securitycenter', '[Errno 32] Broken pipe'), ('/Users/okimdil/Library/Application Support/google-cloud-tools-java/managed-cloud-sdk/LATEST/google-cloud-sdk/lib/googlecloudsdk/third_party/apis/serviceconsumermanagement', '/Users/okimdil/Library/Application Support/google-cloud-tools-java/managed-cloud-sdk/LATEST/google-cloud-sdk.staging/lib/googlecloudsdk/third_party/apis/serviceconsumermanagement', '[Errno 32] Broken pipe'), ('/Users/okimdil/Library/Application Support/google-cloud-tools-java/managed-cloud-sdk/LATEST/google-cloud-sdk/lib/googlecloudsdk/third_party/apis/servicedirectory', '/Users/okimdil/Library/Application Support/google-cloud-tools-java/managed-cloud-sdk/LATEST/google-cloud-sdk.staging/lib/googlecloudsdk/third_party/apis/servicedirectory', '[Errno 32] Broken pipe'), ('/Users/okimdil/Library/Application Support/google-cloud-tools-java/managed-cloud-sdk/LATEST/google-cloud-sdk/lib/googlecloudsdk/third_party/apis/servicemanagement', '/Users/okimdil/Library/Application Support/google-cloud-tools-java/managed-cloud-sdk/LATEST/google-cloud-sdk.staging/lib/googlecloudsdk/third_party/apis/servicemanagement', '[Errno 32] Broken pipe'), ('/Users/okimdil/Library/Application Support/google-cloud-tools-java/managed-cloud-sdk/LATEST/google-cloud-sdk/lib/googlecloudsdk/third_party/apis/servicenetworking', '/Users/okimdil/Library/Application Support/google-cloud-tools-java/managed-cloud-sdk/LATEST/google-cloud-sdk.staging/lib/googlecloudsdk/third_party/apis/servicenetworking', '[Errno 32] Broken pipe'), ('/Users/okimdil/Library/Application Support/google-cloud-tools-java/managed-cloud-sdk/LATEST/google-cloud-sdk/lib/googlecloudsdk/third_party/apis/serviceusage', '/Users/okimdil/Library/Application Support/google-cloud-tools-java/managed-cloud-sdk/LATEST/google-cloud-sdk.staging/lib/googlecloudsdk/third_party/apis/serviceusage', '[Errno 32] Broken pipe'), ('/Users/okimdil/Library/Application Support/google-cloud-tools-java/managed-cloud-sdk/LATEST/google-cloud-sdk/lib/googlecloudsdk/third_party/apis/source', '/Users/okimdil/Library/Application Support/google-cloud-tools-java/managed-cloud-sdk/LATEST/google-cloud-sdk.staging/lib/googlecloudsdk/third_party/apis/source', '[Errno 32] Broken pipe'), ('/Users/okimdil/Library/Application Support/google-cloud-tools-java/managed-cloud-sdk/LATEST/google-cloud-sdk/lib/googlecloudsdk/third_party/apis/sourcerepo', '/Users/okimdil/Library/Application Support/google-cloud-tools-java/managed-cloud-sdk/LATEST/google-cloud-sdk.staging/lib/googlecloudsdk/third_party/apis/sourcerepo', '[Errno 32] Broken pipe'), ('/Users/okimdil/Library/Application Support/google-cloud-tools-java/managed-cloud-sdk/LATEST/google-cloud-sdk/lib/googlecloudsdk/third_party/apis/spanner', '/Users/okimdil/Library/Application Support/google-cloud-tools-java/managed-cloud-sdk/LATEST/google-cloud-sdk.staging/lib/googlecloudsdk/third_party/apis/spanner', '[Errno 32] Broken pipe'), ('/Users/okimdil/Library/Application Support/google-cloud-tools-java/managed-cloud-sdk/LATEST/google-cloud-sdk/lib/googlecloudsdk/third_party/apis/speech', '/Users/okimdil/Library/Application Support/google-cloud-tools-java/managed-cloud-sdk/LATEST/google-cloud-sdk.staging/lib/googlecloudsdk/third_party/apis/speech', '[Errno 32] Broken pipe'), ('/Users/okimdil/Library/Application Support/google-cloud-tools-java/managed-cloud-sdk/LATEST/google-cloud-sdk/lib/googlecloudsdk/third_party/apis/sqladmin', '/Users/okimdil/Library/Application Support/google-cloud-tools-java/managed-cloud-sdk/LATEST/google-cloud-sdk.staging/lib/googlecloudsdk/third_party/apis/sqladmin', '[Errno 32] Broken pipe'), ('/Users/okimdil/Library/Application Support/google-cloud-tools-java/managed-cloud-sdk/LATEST/google-cloud-sdk/lib/googlecloudsdk/third_party/apis/storage', '/Users/okimdil/Library/Application Support/google-cloud-tools-java/managed-cloud-sdk/LATEST/google-cloud-sdk.staging/lib/googlecloudsdk/third_party/apis/storage', '[Errno 32] Broken pipe'), ('/Users/okimdil/Library/Application Support/google-cloud-tools-java/managed-cloud-sdk/LATEST/google-cloud-sdk/lib/googlecloudsdk/third_party/apis/storagetransfer', '/Users/okimdil/Library/Application Support/google-cloud-tools-java/managed-cloud-sdk/LATEST/google-cloud-sdk.staging/lib/googlecloudsdk/third_party/apis/storagetransfer', '[Errno 32] Broken pipe'), ('/Users/okimdil/Library/Application Support/google-cloud-tools-java/managed-cloud-sdk/LATEST/google-cloud-sdk/lib/googlecloudsdk/third_party/apis/testing', '/Users/okimdil/Library/Application Support/google-cloud-tools-java/managed-cloud-sdk/LATEST/google-cloud-sdk.staging/lib/googlecloudsdk/third_party/apis/testing', '[Errno 32] Broken pipe'), ('/Users/okimdil/Library/Application Support/google-cloud-tools-java/managed-cloud-sdk/LATEST/google-cloud-sdk/lib/googlecloudsdk/third_party/apis/toolresults', '/Users/okimdil/Library/Application Support/google-cloud-tools-java/managed-cloud-sdk/LATEST/google-cloud-sdk.staging/lib/googlecloudsdk/third_party/apis/toolresults', '[Errno 32] Broken pipe'), ('/Users/okimdil/Library/Application Support/google-cloud-tools-java/managed-cloud-sdk/LATEST/google-cloud-sdk/lib/googlecloudsdk/third_party/apis/tpu', '/Users/okimdil/Library/Application Support/google-cloud-tools-java/managed-cloud-sdk/LATEST/google-cloud-sdk.staging/lib/googlecloudsdk/third_party/apis/tpu', '[Errno 32] Broken pipe'), ('/Users/okimdil/Library/Application Support/google-cloud-tools-java/managed-cloud-sdk/LATEST/google-cloud-sdk/lib/googlecloudsdk/third_party/apis/transcoder', '/Users/okimdil/Library/Application Support/google-cloud-tools-java/managed-cloud-sdk/LATEST/google-cloud-sdk.staging/lib/googlecloudsdk/third_party/apis/transcoder', '[Errno 32] Broken pipe'), ('/Users/okimdil/Library/Application Support/google-cloud-tools-java/managed-cloud-sdk/LATEST/google-cloud-sdk/lib/googlecloudsdk/third_party/apis/translate', '/Users/okimdil/Library/Application Support/google-cloud-tools-java/managed-cloud-sdk/LATEST/google-cloud-sdk.staging/lib/googlecloudsdk/third_party/apis/translate', '[Errno 32] Broken pipe'), ('/Users/okimdil/Library/Application Support/google-cloud-tools-java/managed-cloud-sdk/LATEST/google-cloud-sdk/lib/googlecloudsdk/third_party/apis/videointelligence', '/Users/okimdil/Library/Application Support/google-cloud-tools-java/managed-cloud-sdk/LATEST/google-cloud-sdk.staging/lib/googlecloudsdk/third_party/apis/videointelligence', '[Errno 32] Broken pipe'), ('/Users/okimdil/Library/Application Support/google-cloud-tools-java/managed-cloud-sdk/LATEST/google-cloud-sdk/lib/googlecloudsdk/third_party/apis/vision', '/Users/okimdil/Library/Application Support/google-cloud-tools-java/managed-cloud-sdk/LATEST/google-cloud-sdk.staging/lib/googlecloudsdk/third_party/apis/vision', '[Errno 32] Broken pipe'), ('/Users/okimdil/Library/Application Support/google-cloud-tools-java/managed-cloud-sdk/LATEST/google-cloud-sdk/lib/googlecloudsdk/third_party/apis/vpcaccess', '/Users/okimdil/Library/Application Support/google-cloud-tools-java/managed-cloud-sdk/LATEST/google-cloud-sdk.staging/lib/googlecloudsdk/third_party/apis/vpcaccess', '[Errno 32] Broken pipe'), ('/Users/okimdil/Library/Application Support/google-cloud-tools-java/managed-cloud-sdk/LATEST/google-cloud-sdk/lib/googlecloudsdk/third_party/apis/websecurityscanner', '/Users/okimdil/Library/Application Support/google-cloud-tools-java/managed-cloud-sdk/LATEST/google-cloud-sdk.staging/lib/googlecloudsdk/third_party/apis/websecurityscanner', '[Errno 32] Broken pipe'), ('/Users/okimdil/Library/Application Support/google-cloud-tools-java/managed-cloud-sdk/LATEST/google-cloud-sdk/lib/googlecloudsdk/third_party/apis/workflowexecutions', '/Users/okimdil/Library/Application Support/google-cloud-tools-java/managed-cloud-sdk/LATEST/google-cloud-sdk.staging/lib/googlecloudsdk/third_party/apis/workflowexecutions', '[Errno 32] Broken pipe'), ('/Users/okimdil/Library/Application Support/google-cloud-tools-java/managed-cloud-sdk/LATEST/google-cloud-sdk/lib/googlecloudsdk/third_party/apis/workflows', '/Users/okimdil/Library/Application Support/google-cloud-tools-java/managed-cloud-sdk/LATEST/google-cloud-sdk.staging/lib/googlecloudsdk/third_party/apis/workflows', '[Errno 32] Broken pipe'), ('/Users/okimdil/Library/Application Support/google-cloud-tools-java/managed-cloud-sdk/LATEST/google-cloud-sdk/lib/googlecloudsdk/third_party/appengine', '/Users/okimdil/Library/Application Support/google-cloud-tools-java/managed-cloud-sdk/LATEST/google-cloud-sdk.staging/lib/googlecloudsdk/third_party/appengine', '[Errno 32] Broken pipe'), ('/Users/okimdil/Library/Application Support/google-cloud-tools-java/managed-cloud-sdk/LATEST/google-cloud-sdk/lib/googlecloudsdk/third_party/gapic_apis', '/Users/okimdil/Library/Application Support/google-cloud-tools-java/managed-cloud-sdk/LATEST/google-cloud-sdk.staging/lib/googlecloudsdk/third_party/gapic_apis', '[Errno 32] Broken pipe'), ('/Users/okimdil/Library/Application Support/google-cloud-tools-java/managed-cloud-sdk/LATEST/google-cloud-sdk/lib/googlecloudsdk/third_party/logging_v2', '/Users/okimdil/Library/Application Support/google-cloud-tools-java/managed-cloud-sdk/LATEST/google-cloud-sdk.staging/lib/googlecloudsdk/third_party/logging_v2', '[Errno 32] Broken pipe'), ('/Users/okimdil/Library/Application Support/google-cloud-tools-java/managed-cloud-sdk/LATEST/google-cloud-sdk/lib/surface', '/Users/okimdil/Library/Application Support/google-cloud-tools-java/managed-cloud-sdk/LATEST/google-cloud-sdk.staging/lib/surface', '[Errno 32] Broken pipe'), ('/Users/okimdil/Library/Application Support/google-cloud-tools-java/managed-cloud-sdk/LATEST/google-cloud-sdk/lib/third_party', '/Users/okimdil/Library/Application Support/google-cloud-tools-java/managed-cloud-sdk/LATEST/google-cloud-sdk.staging/lib/third_party', '[Errno 32] Broken pipe'), ('/Users/okimdil/Library/Application Support/google-cloud-tools-java/managed-cloud-sdk/LATEST/google-cloud-sdk/lib/tools', '/Users/okimdil/Library/Application Support/google-cloud-tools-java/managed-cloud-sdk/LATEST/google-cloud-sdk.staging/lib/tools', '[Errno 32] Broken pipe'), ('/Users/okimdil/Library/Application Support/google-cloud-tools-java/managed-cloud-sdk/LATEST/google-cloud-sdk/platform', '/Users/okimdil/Library/Application Support/google-cloud-tools-java/managed-cloud-sdk/LATEST/google-cloud-sdk.staging/platform', '[Errno 32] Broken pipe'), ('/Users/okimdil/Library/Application Support/google-cloud-tools-java/managed-cloud-sdk/LATEST/google-cloud-sdk/rpm', '/Users/okimdil/Library/Application Support/google-cloud-tools-java/managed-cloud-sdk/LATEST/google-cloud-sdk.staging/rpm', '[Errno 32] Broken pipe')]

During handling of the above exception, another exception occurred:

Traceback (most recent call last):
  File "/Users/okimdil/Library/Application Support/google-cloud-tools-java/managed-cloud-sdk/LATEST/google-cloud-sdk/lib/googlecloudsdk/calliope/cli.py", line 982, in Execute
    resources = calliope_command.Run(cli=self, args=args)
  File "/Users/okimdil/Library/Application Support/google-cloud-tools-java/managed-cloud-sdk/LATEST/google-cloud-sdk/lib/googlecloudsdk/calliope/backend.py", line 809, in Run
    resources = command_instance.Run(args)
  File "/Users/okimdil/Library/Application Support/google-cloud-tools-java/managed-cloud-sdk/LATEST/google-cloud-sdk/lib/surface/components/install.py", line 84, in Run
    args.component_ids, allow_no_backup=args.allow_no_backup)
  File "/Users/okimdil/Library/Application Support/google-cloud-tools-java/managed-cloud-sdk/LATEST/google-cloud-sdk/lib/googlecloudsdk/core/updater/update_manager.py", line 897, in Install
    restart_args=restart_args)
  File "/Users/okimdil/Library/Application Support/google-cloud-tools-java/managed-cloud-sdk/LATEST/google-cloud-sdk/lib/googlecloudsdk/core/updater/update_manager.py", line 1023, in Update
    staging_state = install_state.CloneToStaging(pb.SetProgress)
  File "/Users/okimdil/Library/Application Support/google-cloud-tools-java/managed-cloud-sdk/LATEST/google-cloud-sdk/lib/googlecloudsdk/core/console/console_io.py", line 870, in __exit__
    self.Finish()
  File "/Users/okimdil/Library/Application Support/google-cloud-tools-java/managed-cloud-sdk/LATEST/google-cloud-sdk/lib/googlecloudsdk/core/console/console_io.py", line 860, in Finish
    self.SetProgress(1)
  File "/Users/okimdil/Library/Application Support/google-cloud-tools-java/managed-cloud-sdk/LATEST/google-cloud-sdk/lib/googlecloudsdk/core/console/console_io.py", line 851, in SetProgress
    self._Write(self._box.d_h * new_ticks)
  File "/Users/okimdil/Library/Application Support/google-cloud-tools-java/managed-cloud-sdk/LATEST/google-cloud-sdk/lib/googlecloudsdk/core/console/console_io.py", line 863, in _Write
    self._stream.write(msg)
  File "/Users/okimdil/Library/Application Support/google-cloud-tools-java/managed-cloud-sdk/LATEST/google-cloud-sdk/lib/googlecloudsdk/core/log.py", line 237, in write
    self._Write(plain_text, styled_text)
  File "/Users/okimdil/Library/Application Support/google-cloud-tools-java/managed-cloud-sdk/LATEST/google-cloud-sdk/lib/googlecloudsdk/core/log.py", line 232, in _Write
    self.flush()
  File "/Users/okimdil/Library/Application Support/google-cloud-tools-java/managed-cloud-sdk/LATEST/google-cloud-sdk/lib/googlecloudsdk/core/log.py", line 247, in flush
    self.__stream_wrapper.stream.flush()
BrokenPipeError: [Errno 32] Broken pipe
